<?xml version="1.0" encoding="UTF-8"?>
<testsuite xmlns:xsi="http://www.w3.org/2001/XMLSchema-instance" xsi:noNamespaceSchemaLocation="https://maven.apache.org/surefire/maven-surefire-plugin/xsd/surefire-test-report.xsd" name="org.bukkit.PerMaterialTest" time="0.418" tests="3850" errors="0" skipped="0" failures="0">
  <properties>
[...]
</properties>
  <testcase name="hasGravity[0: AIR]" classname="org.bukkit.PerMaterialTest" time="0.002"/>
  <testcase name="isBurnable[0: AIR]" classname="org.bukkit.PerMaterialTest" time="0"/>
  <testcase name="isEdible[0: AIR]" classname="org.bukkit.PerMaterialTest" time="0"/>
  <testcase name="maxDurability[0: AIR]" classname="org.bukkit.PerMaterialTest" time="0"/>
  <testcase name="isOccluding[0: AIR]" classname="org.bukkit.PerMaterialTest" time="0"/>
  <testcase name="isRecord[0: AIR]" classname="org.bukkit.PerMaterialTest" time="0"/>
  <testcase name="isFlammable[0: AIR]" classname="org.bukkit.PerMaterialTest" time="0"/>
  <testcase name="maxStackSize[0: AIR]" classname="org.bukkit.PerMaterialTest" time="0.034"/>
  <testcase name="isTransparent[0: AIR]" classname="org.bukkit.PerMaterialTest" time="0"/>
  <testcase name="isSolid[0: AIR]" classname="org.bukkit.PerMaterialTest" time="0"/>
  <testcase name="hasGravity[1: STONE]" classname="org.bukkit.PerMaterialTest" time="0"/>
  <testcase name="isBurnable[1: STONE]" classname="org.bukkit.PerMaterialTest" time="0"/>
  <testcase name="isEdible[1: STONE]" classname="org.bukkit.PerMaterialTest" time="0"/>
  <testcase name="maxDurability[1: STONE]" classname="org.bukkit.PerMaterialTest" time="0"/>
  <testcase name="isOccluding[1: STONE]" classname="org.bukkit.PerMaterialTest" time="0"/>
  <testcase name="isRecord[1: STONE]" classname="org.bukkit.PerMaterialTest" time="0"/>
  <testcase name="isFlammable[1: STONE]" classname="org.bukkit.PerMaterialTest" time="0"/>
  <testcase name="maxStackSize[1: STONE]" classname="org.bukkit.PerMaterialTest" time="0"/>
  <testcase name="isTransparent[1: STONE]" classname="org.bukkit.PerMaterialTest" time="0"/>
  <testcase name="isSolid[1: STONE]" classname="org.bukkit.PerMaterialTest" time="0"/>
  <testcase name="hasGravity[2: GRASS]" classname="org.bukkit.PerMaterialTest" time="0"/>
  <testcase name="isBurnable[2: GRASS]" classname="org.bukkit.PerMaterialTest" time="0"/>
  <testcase name="isEdible[2: GRASS]" classname="org.bukkit.PerMaterialTest" time="0"/>
  <testcase name="maxDurability[2: GRASS]" classname="org.bukkit.PerMaterialTest" time="0"/>
  <testcase name="isOccluding[2: GRASS]" classname="org.bukkit.PerMaterialTest" time="0"/>
  <testcase name="isRecord[2: GRASS]" classname="org.bukkit.PerMaterialTest" time="0"/>
  <testcase name="isFlammable[2: GRASS]" classname="org.bukkit.PerMaterialTest" time="0"/>
  <testcase name="maxStackSize[2: GRASS]" classname="org.bukkit.PerMaterialTest" time="0"/>
  <testcase name="isTransparent[2: GRASS]" classname="org.bukkit.PerMaterialTest" time="0"/>
  <testcase name="isSolid[2: GRASS]" classname="org.bukkit.PerMaterialTest" time="0.001"/>
  <testcase name="hasGravity[3: DIRT]" classname="org.bukkit.PerMaterialTest" time="0"/>
  <testcase name="isBurnable[3: DIRT]" classname="org.bukkit.PerMaterialTest" time="0"/>
  <testcase name="isEdible[3: DIRT]" classname="org.bukkit.PerMaterialTest" time="0"/>
  <testcase name="maxDurability[3: DIRT]" classname="org.bukkit.PerMaterialTest" time="0"/>
  <testcase name="isOccluding[3: DIRT]" classname="org.bukkit.PerMaterialTest" time="0"/>
  <testcase name="isRecord[3: DIRT]" classname="org.bukkit.PerMaterialTest" time="0.001"/>
  <testcase name="isFlammable[3: DIRT]" classname="org.bukkit.PerMaterialTest" time="0"/>
  <testcase name="maxStackSize[3: DIRT]" classname="org.bukkit.PerMaterialTest" time="0"/>
  <testcase name="isTransparent[3: DIRT]" classname="org.bukkit.PerMaterialTest" time="0"/>
  <testcase name="isSolid[3: DIRT]" classname="org.bukkit.PerMaterialTest" time="0"/>
  <testcase name="hasGravity[4: COBBLESTONE]" classname="org.bukkit.PerMaterialTest" time="0"/>
  <testcase name="isBurnable[4: COBBLESTONE]" classname="org.bukkit.PerMaterialTest" time="0"/>
  <testcase name="isEdible[4: COBBLESTONE]" classname="org.bukkit.PerMaterialTest" time="0"/>
  <testcase name="maxDurability[4: COBBLESTONE]" classname="org.bukkit.PerMaterialTest" time="0"/>
  <testcase name="isOccluding[4: COBBLESTONE]" classname="org.bukkit.PerMaterialTest" time="0.001"/>
  <testcase name="isRecord[4: COBBLESTONE]" classname="org.bukkit.PerMaterialTest" time="0"/>
  <testcase name="isFlammable[4: COBBLESTONE]" classname="org.bukkit.PerMaterialTest" time="0"/>
  <testcase name="maxStackSize[4: COBBLESTONE]" classname="org.bukkit.PerMaterialTest" time="0"/>
  <testcase name="isTransparent[4: COBBLESTONE]" classname="org.bukkit.PerMaterialTest" time="0"/>
  <testcase name="isSolid[4: COBBLESTONE]" classname="org.bukkit.PerMaterialTest" time="0"/>
  <testcase name="hasGravity[5: WOOD]" classname="org.bukkit.PerMaterialTest" time="0"/>
  <testcase name="isBurnable[5: WOOD]" classname="org.bukkit.PerMaterialTest" time="0"/>
  <testcase name="isEdible[5: WOOD]" classname="org.bukkit.PerMaterialTest" time="0"/>
  <testcase name="maxDurability[5: WOOD]" classname="org.bukkit.PerMaterialTest" time="0"/>
  <testcase name="isOccluding[5: WOOD]" classname="org.bukkit.PerMaterialTest" time="0"/>
  <testcase name="isRecord[5: WOOD]" classname="org.bukkit.PerMaterialTest" time="0"/>
  <testcase name="isFlammable[5: WOOD]" classname="org.bukkit.PerMaterialTest" time="0"/>
  <testcase name="maxStackSize[5: WOOD]" classname="org.bukkit.PerMaterialTest" time="0"/>
  <testcase name="isTransparent[5: WOOD]" classname="org.bukkit.PerMaterialTest" time="0"/>
  <testcase name="isSolid[5: WOOD]" classname="org.bukkit.PerMaterialTest" time="0"/>
  <testcase name="hasGravity[6: SAPLING]" classname="org.bukkit.PerMaterialTest" time="0"/>
  <testcase name="isBurnable[6: SAPLING]" classname="org.bukkit.PerMaterialTest" time="0"/>
  <testcase name="isEdible[6: SAPLING]" classname="org.bukkit.PerMaterialTest" time="0"/>
  <testcase name="maxDurability[6: SAPLING]" classname="org.bukkit.PerMaterialTest" time="0"/>
  <testcase name="isOccluding[6: SAPLING]" classname="org.bukkit.PerMaterialTest" time="0.001"/>
  <testcase name="isRecord[6: SAPLING]" classname="org.bukkit.PerMaterialTest" time="0"/>
  <testcase name="isFlammable[6: SAPLING]" classname="org.bukkit.PerMaterialTest" time="0"/>
  <testcase name="maxStackSize[6: SAPLING]" classname="org.bukkit.PerMaterialTest" time="0"/>
  <testcase name="isTransparent[6: SAPLING]" classname="org.bukkit.PerMaterialTest" time="0"/>
  <testcase name="isSolid[6: SAPLING]" classname="org.bukkit.PerMaterialTest" time="0"/>
  <testcase name="hasGravity[7: BEDROCK]" classname="org.bukkit.PerMaterialTest" time="0"/>
  <testcase name="isBurnable[7: BEDROCK]" classname="org.bukkit.PerMaterialTest" time="0"/>
  <testcase name="isEdible[7: BEDROCK]" classname="org.bukkit.PerMaterialTest" time="0"/>
  <testcase name="maxDurability[7: BEDROCK]" classname="org.bukkit.PerMaterialTest" time="0"/>
  <testcase name="isOccluding[7: BEDROCK]" classname="org.bukkit.PerMaterialTest" time="0"/>
  <testcase name="isRecord[7: BEDROCK]" classname="org.bukkit.PerMaterialTest" time="0"/>
  <testcase name="isFlammable[7: BEDROCK]" classname="org.bukkit.PerMaterialTest" time="0"/>
  <testcase name="maxStackSize[7: BEDROCK]" classname="org.bukkit.PerMaterialTest" time="0"/>
  <testcase name="isTransparent[7: BEDROCK]" classname="org.bukkit.PerMaterialTest" time="0"/>
  <testcase name="isSolid[7: BEDROCK]" classname="org.bukkit.PerMaterialTest" time="0.001"/>
  <testcase name="hasGravity[8: WATER]" classname="org.bukkit.PerMaterialTest" time="0"/>
  <testcase name="isBurnable[8: WATER]" classname="org.bukkit.PerMaterialTest" time="0"/>
  <testcase name="isEdible[8: WATER]" classname="org.bukkit.PerMaterialTest" time="0"/>
  <testcase name="maxDurability[8: WATER]" classname="org.bukkit.PerMaterialTest" time="0"/>
  <testcase name="isOccluding[8: WATER]" classname="org.bukkit.PerMaterialTest" time="0"/>
  <testcase name="isRecord[8: WATER]" classname="org.bukkit.PerMaterialTest" time="0"/>
  <testcase name="isFlammable[8: WATER]" classname="org.bukkit.PerMaterialTest" time="0"/>
  <testcase name="maxStackSize[8: WATER]" classname="org.bukkit.PerMaterialTest" time="0"/>
  <testcase name="isTransparent[8: WATER]" classname="org.bukkit.PerMaterialTest" time="0"/>
  <testcase name="isSolid[8: WATER]" classname="org.bukkit.PerMaterialTest" time="0"/>
  <testcase name="hasGravity[9: STATIONARY_WATER]" classname="org.bukkit.PerMaterialTest" time="0"/>
  <testcase name="isBurnable[9: STATIONARY_WATER]" classname="org.bukkit.PerMaterialTest" time="0"/>
  <testcase name="isEdible[9: STATIONARY_WATER]" classname="org.bukkit.PerMaterialTest" time="0"/>
  <testcase name="maxDurability[9: STATIONARY_WATER]" classname="org.bukkit.PerMaterialTest" time="0"/>
  <testcase name="isOccluding[9: STATIONARY_WATER]" classname="org.bukkit.PerMaterialTest" time="0"/>
  <testcase name="isRecord[9: STATIONARY_WATER]" classname="org.bukkit.PerMaterialTest" time="0"/>
  <testcase name="isFlammable[9: STATIONARY_WATER]" classname="org.bukkit.PerMaterialTest" time="0"/>
  <testcase name="maxStackSize[9: STATIONARY_WATER]" classname="org.bukkit.PerMaterialTest" time="0"/>
  <testcase name="isTransparent[9: STATIONARY_WATER]" classname="org.bukkit.PerMaterialTest" time="0"/>
  <testcase name="isSolid[9: STATIONARY_WATER]" classname="org.bukkit.PerMaterialTest" time="0"/>
  <testcase name="hasGravity[10: LAVA]" classname="org.bukkit.PerMaterialTest" time="0"/>
  <testcase name="isBurnable[10: LAVA]" classname="org.bukkit.PerMaterialTest" time="0"/>
  <testcase name="isEdible[10: LAVA]" classname="org.bukkit.PerMaterialTest" time="0"/>
  <testcase name="maxDurability[10: LAVA]" classname="org.bukkit.PerMaterialTest" time="0"/>
  <testcase name="isOccluding[10: LAVA]" classname="org.bukkit.PerMaterialTest" time="0"/>
  <testcase name="isRecord[10: LAVA]" classname="org.bukkit.PerMaterialTest" time="0"/>
  <testcase name="isFlammable[10: LAVA]" classname="org.bukkit.PerMaterialTest" time="0"/>
  <testcase name="maxStackSize[10: LAVA]" classname="org.bukkit.PerMaterialTest" time="0"/>
  <testcase name="isTransparent[10: LAVA]" classname="org.bukkit.PerMaterialTest" time="0"/>
  <testcase name="isSolid[10: LAVA]" classname="org.bukkit.PerMaterialTest" time="0"/>
  <testcase name="hasGravity[11: STATIONARY_LAVA]" classname="org.bukkit.PerMaterialTest" time="0"/>
  <testcase name="isBurnable[11: STATIONARY_LAVA]" classname="org.bukkit.PerMaterialTest" time="0"/>
  <testcase name="isEdible[11: STATIONARY_LAVA]" classname="org.bukkit.PerMaterialTest" time="0"/>
  <testcase name="maxDurability[11: STATIONARY_LAVA]" classname="org.bukkit.PerMaterialTest" time="0"/>
  <testcase name="isOccluding[11: STATIONARY_LAVA]" classname="org.bukkit.PerMaterialTest" time="0"/>
  <testcase name="isRecord[11: STATIONARY_LAVA]" classname="org.bukkit.PerMaterialTest" time="0"/>
  <testcase name="isFlammable[11: STATIONARY_LAVA]" classname="org.bukkit.PerMaterialTest" time="0.001"/>
  <testcase name="maxStackSize[11: STATIONARY_LAVA]" classname="org.bukkit.PerMaterialTest" time="0"/>
  <testcase name="isTransparent[11: STATIONARY_LAVA]" classname="org.bukkit.PerMaterialTest" time="0"/>
  <testcase name="isSolid[11: STATIONARY_LAVA]" classname="org.bukkit.PerMaterialTest" time="0"/>
  <testcase name="hasGravity[12: SAND]" classname="org.bukkit.PerMaterialTest" time="0"/>
  <testcase name="isBurnable[12: SAND]" classname="org.bukkit.PerMaterialTest" time="0"/>
  <testcase name="isEdible[12: SAND]" classname="org.bukkit.PerMaterialTest" time="0"/>
  <testcase name="maxDurability[12: SAND]" classname="org.bukkit.PerMaterialTest" time="0"/>
  <testcase name="isOccluding[12: SAND]" classname="org.bukkit.PerMaterialTest" time="0"/>
  <testcase name="isRecord[12: SAND]" classname="org.bukkit.PerMaterialTest" time="0"/>
  <testcase name="isFlammable[12: SAND]" classname="org.bukkit.PerMaterialTest" time="0"/>
  <testcase name="maxStackSize[12: SAND]" classname="org.bukkit.PerMaterialTest" time="0"/>
  <testcase name="isTransparent[12: SAND]" classname="org.bukkit.PerMaterialTest" time="0"/>
  <testcase name="isSolid[12: SAND]" classname="org.bukkit.PerMaterialTest" time="0"/>
  <testcase name="hasGravity[13: GRAVEL]" classname="org.bukkit.PerMaterialTest" time="0"/>
  <testcase name="isBurnable[13: GRAVEL]" classname="org.bukkit.PerMaterialTest" time="0"/>
  <testcase name="isEdible[13: GRAVEL]" classname="org.bukkit.PerMaterialTest" time="0"/>
  <testcase name="maxDurability[13: GRAVEL]" classname="org.bukkit.PerMaterialTest" time="0"/>
  <testcase name="isOccluding[13: GRAVEL]" classname="org.bukkit.PerMaterialTest" time="0"/>
  <testcase name="isRecord[13: GRAVEL]" classname="org.bukkit.PerMaterialTest" time="0"/>
  <testcase name="isFlammable[13: GRAVEL]" classname="org.bukkit.PerMaterialTest" time="0.001"/>
  <testcase name="maxStackSize[13: GRAVEL]" classname="org.bukkit.PerMaterialTest" time="0"/>
  <testcase name="isTransparent[13: GRAVEL]" classname="org.bukkit.PerMaterialTest" time="0"/>
  <testcase name="isSolid[13: GRAVEL]" classname="org.bukkit.PerMaterialTest" time="0"/>
  <testcase name="hasGravity[14: GOLD_ORE]" classname="org.bukkit.PerMaterialTest" time="0"/>
  <testcase name="isBurnable[14: GOLD_ORE]" classname="org.bukkit.PerMaterialTest" time="0"/>
  <testcase name="isEdible[14: GOLD_ORE]" classname="org.bukkit.PerMaterialTest" time="0"/>
  <testcase name="maxDurability[14: GOLD_ORE]" classname="org.bukkit.PerMaterialTest" time="0"/>
  <testcase name="isOccluding[14: GOLD_ORE]" classname="org.bukkit.PerMaterialTest" time="0"/>
  <testcase name="isRecord[14: GOLD_ORE]" classname="org.bukkit.PerMaterialTest" time="0"/>
  <testcase name="isFlammable[14: GOLD_ORE]" classname="org.bukkit.PerMaterialTest" time="0"/>
  <testcase name="maxStackSize[14: GOLD_ORE]" classname="org.bukkit.PerMaterialTest" time="0"/>
  <testcase name="isTransparent[14: GOLD_ORE]" classname="org.bukkit.PerMaterialTest" time="0"/>
  <testcase name="isSolid[14: GOLD_ORE]" classname="org.bukkit.PerMaterialTest" time="0"/>
  <testcase name="hasGravity[15: IRON_ORE]" classname="org.bukkit.PerMaterialTest" time="0"/>
  <testcase name="isBurnable[15: IRON_ORE]" classname="org.bukkit.PerMaterialTest" time="0"/>
  <testcase name="isEdible[15: IRON_ORE]" classname="org.bukkit.PerMaterialTest" time="0"/>
  <testcase name="maxDurability[15: IRON_ORE]" classname="org.bukkit.PerMaterialTest" time="0"/>
  <testcase name="isOccluding[15: IRON_ORE]" classname="org.bukkit.PerMaterialTest" time="0"/>
  <testcase name="isRecord[15: IRON_ORE]" classname="org.bukkit.PerMaterialTest" time="0.001"/>
  <testcase name="isFlammable[15: IRON_ORE]" classname="org.bukkit.PerMaterialTest" time="0"/>
  <testcase name="maxStackSize[15: IRON_ORE]" classname="org.bukkit.PerMaterialTest" time="0"/>
  <testcase name="isTransparent[15: IRON_ORE]" classname="org.bukkit.PerMaterialTest" time="0.001"/>
  <testcase name="isSolid[15: IRON_ORE]" classname="org.bukkit.PerMaterialTest" time="0"/>
  <testcase name="hasGravity[16: COAL_ORE]" classname="org.bukkit.PerMaterialTest" time="0"/>
  <testcase name="isBurnable[16: COAL_ORE]" classname="org.bukkit.PerMaterialTest" time="0"/>
  <testcase name="isEdible[16: COAL_ORE]" classname="org.bukkit.PerMaterialTest" time="0"/>
  <testcase name="maxDurability[16: COAL_ORE]" classname="org.bukkit.PerMaterialTest" time="0"/>
  <testcase name="isOccluding[16: COAL_ORE]" classname="org.bukkit.PerMaterialTest" time="0"/>
  <testcase name="isRecord[16: COAL_ORE]" classname="org.bukkit.PerMaterialTest" time="0"/>
  <testcase name="isFlammable[16: COAL_ORE]" classname="org.bukkit.PerMaterialTest" time="0"/>
  <testcase name="maxStackSize[16: COAL_ORE]" classname="org.bukkit.PerMaterialTest" time="0"/>
  <testcase name="isTransparent[16: COAL_ORE]" classname="org.bukkit.PerMaterialTest" time="0"/>
  <testcase name="isSolid[16: COAL_ORE]" classname="org.bukkit.PerMaterialTest" time="0"/>
  <testcase name="hasGravity[17: LOG]" classname="org.bukkit.PerMaterialTest" time="0"/>
  <testcase name="isBurnable[17: LOG]" classname="org.bukkit.PerMaterialTest" time="0"/>
  <testcase name="isEdible[17: LOG]" classname="org.bukkit.PerMaterialTest" time="0"/>
  <testcase name="maxDurability[17: LOG]" classname="org.bukkit.PerMaterialTest" time="0"/>
  <testcase name="isOccluding[17: LOG]" classname="org.bukkit.PerMaterialTest" time="0"/>
  <testcase name="isRecord[17: LOG]" classname="org.bukkit.PerMaterialTest" time="0"/>
  <testcase name="isFlammable[17: LOG]" classname="org.bukkit.PerMaterialTest" time="0"/>
  <testcase name="maxStackSize[17: LOG]" classname="org.bukkit.PerMaterialTest" time="0"/>
  <testcase name="isTransparent[17: LOG]" classname="org.bukkit.PerMaterialTest" time="0"/>
  <testcase name="isSolid[17: LOG]" classname="org.bukkit.PerMaterialTest" time="0"/>
  <testcase name="hasGravity[18: LEAVES]" classname="org.bukkit.PerMaterialTest" time="0"/>
  <testcase name="isBurnable[18: LEAVES]" classname="org.bukkit.PerMaterialTest" time="0"/>
  <testcase name="isEdible[18: LEAVES]" classname="org.bukkit.PerMaterialTest" time="0.001"/>
  <testcase name="maxDurability[18: LEAVES]" classname="org.bukkit.PerMaterialTest" time="0"/>
  <testcase name="isOccluding[18: LEAVES]" classname="org.bukkit.PerMaterialTest" time="0"/>
  <testcase name="isRecord[18: LEAVES]" classname="org.bukkit.PerMaterialTest" time="0"/>
  <testcase name="isFlammable[18: LEAVES]" classname="org.bukkit.PerMaterialTest" time="0"/>
  <testcase name="maxStackSize[18: LEAVES]" classname="org.bukkit.PerMaterialTest" time="0"/>
  <testcase name="isTransparent[18: LEAVES]" classname="org.bukkit.PerMaterialTest" time="0"/>
  <testcase name="isSolid[18: LEAVES]" classname="org.bukkit.PerMaterialTest" time="0"/>
  <testcase name="hasGravity[19: SPONGE]" classname="org.bukkit.PerMaterialTest" time="0"/>
  <testcase name="isBurnable[19: SPONGE]" classname="org.bukkit.PerMaterialTest" time="0"/>
  <testcase name="isEdible[19: SPONGE]" classname="org.bukkit.PerMaterialTest" time="0"/>
  <testcase name="maxDurability[19: SPONGE]" classname="org.bukkit.PerMaterialTest" time="0"/>
  <testcase name="isOccluding[19: SPONGE]" classname="org.bukkit.PerMaterialTest" time="0"/>
  <testcase name="isRecord[19: SPONGE]" classname="org.bukkit.PerMaterialTest" time="0"/>
  <testcase name="isFlammable[19: SPONGE]" classname="org.bukkit.PerMaterialTest" time="0"/>
  <testcase name="maxStackSize[19: SPONGE]" classname="org.bukkit.PerMaterialTest" time="0"/>
  <testcase name="isTransparent[19: SPONGE]" classname="org.bukkit.PerMaterialTest" time="0"/>
  <testcase name="isSolid[19: SPONGE]" classname="org.bukkit.PerMaterialTest" time="0"/>
  <testcase name="hasGravity[20: GLASS]" classname="org.bukkit.PerMaterialTest" time="0"/>
  <testcase name="isBurnable[20: GLASS]" classname="org.bukkit.PerMaterialTest" time="0"/>
  <testcase name="isEdible[20: GLASS]" classname="org.bukkit.PerMaterialTest" time="0"/>
  <testcase name="maxDurability[20: GLASS]" classname="org.bukkit.PerMaterialTest" time="0"/>
  <testcase name="isOccluding[20: GLASS]" classname="org.bukkit.PerMaterialTest" time="0"/>
  <testcase name="isRecord[20: GLASS]" classname="org.bukkit.PerMaterialTest" time="0"/>
  <testcase name="isFlammable[20: GLASS]" classname="org.bukkit.PerMaterialTest" time="0"/>
  <testcase name="maxStackSize[20: GLASS]" classname="org.bukkit.PerMaterialTest" time="0"/>
  <testcase name="isTransparent[20: GLASS]" classname="org.bukkit.PerMaterialTest" time="0"/>
  <testcase name="isSolid[20: GLASS]" classname="org.bukkit.PerMaterialTest" time="0"/>
  <testcase name="hasGravity[21: LAPIS_ORE]" classname="org.bukkit.PerMaterialTest" time="0"/>
  <testcase name="isBurnable[21: LAPIS_ORE]" classname="org.bukkit.PerMaterialTest" time="0"/>
  <testcase name="isEdible[21: LAPIS_ORE]" classname="org.bukkit.PerMaterialTest" time="0"/>
  <testcase name="maxDurability[21: LAPIS_ORE]" classname="org.bukkit.PerMaterialTest" time="0"/>
  <testcase name="isOccluding[21: LAPIS_ORE]" classname="org.bukkit.PerMaterialTest" time="0"/>
  <testcase name="isRecord[21: LAPIS_ORE]" classname="org.bukkit.PerMaterialTest" time="0"/>
  <testcase name="isFlammable[21: LAPIS_ORE]" classname="org.bukkit.PerMaterialTest" time="0"/>
  <testcase name="maxStackSize[21: LAPIS_ORE]" classname="org.bukkit.PerMaterialTest" time="0"/>
  <testcase name="isTransparent[21: LAPIS_ORE]" classname="org.bukkit.PerMaterialTest" time="0"/>
  <testcase name="isSolid[21: LAPIS_ORE]" classname="org.bukkit.PerMaterialTest" time="0"/>
  <testcase name="hasGravity[22: LAPIS_BLOCK]" classname="org.bukkit.PerMaterialTest" time="0"/>
  <testcase name="isBurnable[22: LAPIS_BLOCK]" classname="org.bukkit.PerMaterialTest" time="0"/>
  <testcase name="isEdible[22: LAPIS_BLOCK]" classname="org.bukkit.PerMaterialTest" time="0"/>
  <testcase name="maxDurability[22: LAPIS_BLOCK]" classname="org.bukkit.PerMaterialTest" time="0"/>
  <testcase name="isOccluding[22: LAPIS_BLOCK]" classname="org.bukkit.PerMaterialTest" time="0"/>
  <testcase name="isRecord[22: LAPIS_BLOCK]" classname="org.bukkit.PerMaterialTest" time="0"/>
  <testcase name="isFlammable[22: LAPIS_BLOCK]" classname="org.bukkit.PerMaterialTest" time="0"/>
  <testcase name="maxStackSize[22: LAPIS_BLOCK]" classname="org.bukkit.PerMaterialTest" time="0"/>
  <testcase name="isTransparent[22: LAPIS_BLOCK]" classname="org.bukkit.PerMaterialTest" time="0"/>
  <testcase name="isSolid[22: LAPIS_BLOCK]" classname="org.bukkit.PerMaterialTest" time="0"/>
  <testcase name="hasGravity[23: DISPENSER]" classname="org.bukkit.PerMaterialTest" time="0"/>
  <testcase name="isBurnable[23: DISPENSER]" classname="org.bukkit.PerMaterialTest" time="0"/>
  <testcase name="isEdible[23: DISPENSER]" classname="org.bukkit.PerMaterialTest" time="0"/>
  <testcase name="maxDurability[23: DISPENSER]" classname="org.bukkit.PerMaterialTest" time="0"/>
  <testcase name="isOccluding[23: DISPENSER]" classname="org.bukkit.PerMaterialTest" time="0"/>
  <testcase name="isRecord[23: DISPENSER]" classname="org.bukkit.PerMaterialTest" time="0"/>
  <testcase name="isFlammable[23: DISPENSER]" classname="org.bukkit.PerMaterialTest" time="0"/>
  <testcase name="maxStackSize[23: DISPENSER]" classname="org.bukkit.PerMaterialTest" time="0"/>
  <testcase name="isTransparent[23: DISPENSER]" classname="org.bukkit.PerMaterialTest" time="0"/>
  <testcase name="isSolid[23: DISPENSER]" classname="org.bukkit.PerMaterialTest" time="0"/>
  <testcase name="hasGravity[24: SANDSTONE]" classname="org.bukkit.PerMaterialTest" time="0"/>
  <testcase name="isBurnable[24: SANDSTONE]" classname="org.bukkit.PerMaterialTest" time="0"/>
  <testcase name="isEdible[24: SANDSTONE]" classname="org.bukkit.PerMaterialTest" time="0"/>
  <testcase name="maxDurability[24: SANDSTONE]" classname="org.bukkit.PerMaterialTest" time="0"/>
  <testcase name="isOccluding[24: SANDSTONE]" classname="org.bukkit.PerMaterialTest" time="0"/>
  <testcase name="isRecord[24: SANDSTONE]" classname="org.bukkit.PerMaterialTest" time="0"/>
  <testcase name="isFlammable[24: SANDSTONE]" classname="org.bukkit.PerMaterialTest" time="0"/>
  <testcase name="maxStackSize[24: SANDSTONE]" classname="org.bukkit.PerMaterialTest" time="0"/>
  <testcase name="isTransparent[24: SANDSTONE]" classname="org.bukkit.PerMaterialTest" time="0"/>
  <testcase name="isSolid[24: SANDSTONE]" classname="org.bukkit.PerMaterialTest" time="0"/>
  <testcase name="hasGravity[25: NOTE_BLOCK]" classname="org.bukkit.PerMaterialTest" time="0"/>
  <testcase name="isBurnable[25: NOTE_BLOCK]" classname="org.bukkit.PerMaterialTest" time="0"/>
  <testcase name="isEdible[25: NOTE_BLOCK]" classname="org.bukkit.PerMaterialTest" time="0"/>
  <testcase name="maxDurability[25: NOTE_BLOCK]" classname="org.bukkit.PerMaterialTest" time="0"/>
  <testcase name="isOccluding[25: NOTE_BLOCK]" classname="org.bukkit.PerMaterialTest" time="0"/>
  <testcase name="isRecord[25: NOTE_BLOCK]" classname="org.bukkit.PerMaterialTest" time="0"/>
  <testcase name="isFlammable[25: NOTE_BLOCK]" classname="org.bukkit.PerMaterialTest" time="0"/>
  <testcase name="maxStackSize[25: NOTE_BLOCK]" classname="org.bukkit.PerMaterialTest" time="0"/>
  <testcase name="isTransparent[25: NOTE_BLOCK]" classname="org.bukkit.PerMaterialTest" time="0"/>
  <testcase name="isSolid[25: NOTE_BLOCK]" classname="org.bukkit.PerMaterialTest" time="0"/>
  <testcase name="hasGravity[26: BED_BLOCK]" classname="org.bukkit.PerMaterialTest" time="0"/>
  <testcase name="isBurnable[26: BED_BLOCK]" classname="org.bukkit.PerMaterialTest" time="0"/>
  <testcase name="isEdible[26: BED_BLOCK]" classname="org.bukkit.PerMaterialTest" time="0"/>
  <testcase name="maxDurability[26: BED_BLOCK]" classname="org.bukkit.PerMaterialTest" time="0"/>
  <testcase name="isOccluding[26: BED_BLOCK]" classname="org.bukkit.PerMaterialTest" time="0"/>
  <testcase name="isRecord[26: BED_BLOCK]" classname="org.bukkit.PerMaterialTest" time="0"/>
  <testcase name="isFlammable[26: BED_BLOCK]" classname="org.bukkit.PerMaterialTest" time="0"/>
  <testcase name="maxStackSize[26: BED_BLOCK]" classname="org.bukkit.PerMaterialTest" time="0"/>
  <testcase name="isTransparent[26: BED_BLOCK]" classname="org.bukkit.PerMaterialTest" time="0"/>
  <testcase name="isSolid[26: BED_BLOCK]" classname="org.bukkit.PerMaterialTest" time="0"/>
  <testcase name="hasGravity[27: POWERED_RAIL]" classname="org.bukkit.PerMaterialTest" time="0"/>
  <testcase name="isBurnable[27: POWERED_RAIL]" classname="org.bukkit.PerMaterialTest" time="0"/>
  <testcase name="isEdible[27: POWERED_RAIL]" classname="org.bukkit.PerMaterialTest" time="0"/>
  <testcase name="maxDurability[27: POWERED_RAIL]" classname="org.bukkit.PerMaterialTest" time="0"/>
  <testcase name="isOccluding[27: POWERED_RAIL]" classname="org.bukkit.PerMaterialTest" time="0"/>
  <testcase name="isRecord[27: POWERED_RAIL]" classname="org.bukkit.PerMaterialTest" time="0"/>
  <testcase name="isFlammable[27: POWERED_RAIL]" classname="org.bukkit.PerMaterialTest" time="0"/>
  <testcase name="maxStackSize[27: POWERED_RAIL]" classname="org.bukkit.PerMaterialTest" time="0"/>
  <testcase name="isTransparent[27: POWERED_RAIL]" classname="org.bukkit.PerMaterialTest" time="0"/>
  <testcase name="isSolid[27: POWERED_RAIL]" classname="org.bukkit.PerMaterialTest" time="0"/>
  <testcase name="hasGravity[28: DETECTOR_RAIL]" classname="org.bukkit.PerMaterialTest" time="0"/>
  <testcase name="isBurnable[28: DETECTOR_RAIL]" classname="org.bukkit.PerMaterialTest" time="0"/>
  <testcase name="isEdible[28: DETECTOR_RAIL]" classname="org.bukkit.PerMaterialTest" time="0"/>
  <testcase name="maxDurability[28: DETECTOR_RAIL]" classname="org.bukkit.PerMaterialTest" time="0"/>
  <testcase name="isOccluding[28: DETECTOR_RAIL]" classname="org.bukkit.PerMaterialTest" time="0"/>
  <testcase name="isRecord[28: DETECTOR_RAIL]" classname="org.bukkit.PerMaterialTest" time="0"/>
  <testcase name="isFlammable[28: DETECTOR_RAIL]" classname="org.bukkit.PerMaterialTest" time="0"/>
  <testcase name="maxStackSize[28: DETECTOR_RAIL]" classname="org.bukkit.PerMaterialTest" time="0"/>
  <testcase name="isTransparent[28: DETECTOR_RAIL]" classname="org.bukkit.PerMaterialTest" time="0"/>
  <testcase name="isSolid[28: DETECTOR_RAIL]" classname="org.bukkit.PerMaterialTest" time="0"/>
  <testcase name="hasGravity[29: PISTON_STICKY_BASE]" classname="org.bukkit.PerMaterialTest" time="0"/>
  <testcase name="isBurnable[29: PISTON_STICKY_BASE]" classname="org.bukkit.PerMaterialTest" time="0"/>
  <testcase name="isEdible[29: PISTON_STICKY_BASE]" classname="org.bukkit.PerMaterialTest" time="0"/>
  <testcase name="maxDurability[29: PISTON_STICKY_BASE]" classname="org.bukkit.PerMaterialTest" time="0"/>
  <testcase name="isOccluding[29: PISTON_STICKY_BASE]" classname="org.bukkit.PerMaterialTest" time="0"/>
  <testcase name="isRecord[29: PISTON_STICKY_BASE]" classname="org.bukkit.PerMaterialTest" time="0"/>
  <testcase name="isFlammable[29: PISTON_STICKY_BASE]" classname="org.bukkit.PerMaterialTest" time="0"/>
  <testcase name="maxStackSize[29: PISTON_STICKY_BASE]" classname="org.bukkit.PerMaterialTest" time="0"/>
  <testcase name="isTransparent[29: PISTON_STICKY_BASE]" classname="org.bukkit.PerMaterialTest" time="0"/>
  <testcase name="isSolid[29: PISTON_STICKY_BASE]" classname="org.bukkit.PerMaterialTest" time="0"/>
  <testcase name="hasGravity[30: WEB]" classname="org.bukkit.PerMaterialTest" time="0"/>
  <testcase name="isBurnable[30: WEB]" classname="org.bukkit.PerMaterialTest" time="0"/>
  <testcase name="isEdible[30: WEB]" classname="org.bukkit.PerMaterialTest" time="0"/>
  <testcase name="maxDurability[30: WEB]" classname="org.bukkit.PerMaterialTest" time="0"/>
  <testcase name="isOccluding[30: WEB]" classname="org.bukkit.PerMaterialTest" time="0"/>
  <testcase name="isRecord[30: WEB]" classname="org.bukkit.PerMaterialTest" time="0"/>
  <testcase name="isFlammable[30: WEB]" classname="org.bukkit.PerMaterialTest" time="0"/>
  <testcase name="maxStackSize[30: WEB]" classname="org.bukkit.PerMaterialTest" time="0"/>
  <testcase name="isTransparent[30: WEB]" classname="org.bukkit.PerMaterialTest" time="0"/>
  <testcase name="isSolid[30: WEB]" classname="org.bukkit.PerMaterialTest" time="0"/>
  <testcase name="hasGravity[31: LONG_GRASS]" classname="org.bukkit.PerMaterialTest" time="0"/>
  <testcase name="isBurnable[31: LONG_GRASS]" classname="org.bukkit.PerMaterialTest" time="0"/>
  <testcase name="isEdible[31: LONG_GRASS]" classname="org.bukkit.PerMaterialTest" time="0"/>
  <testcase name="maxDurability[31: LONG_GRASS]" classname="org.bukkit.PerMaterialTest" time="0"/>
  <testcase name="isOccluding[31: LONG_GRASS]" classname="org.bukkit.PerMaterialTest" time="0"/>
  <testcase name="isRecord[31: LONG_GRASS]" classname="org.bukkit.PerMaterialTest" time="0"/>
  <testcase name="isFlammable[31: LONG_GRASS]" classname="org.bukkit.PerMaterialTest" time="0"/>
  <testcase name="maxStackSize[31: LONG_GRASS]" classname="org.bukkit.PerMaterialTest" time="0"/>
  <testcase name="isTransparent[31: LONG_GRASS]" classname="org.bukkit.PerMaterialTest" time="0.001"/>
  <testcase name="isSolid[31: LONG_GRASS]" classname="org.bukkit.PerMaterialTest" time="0"/>
  <testcase name="hasGravity[32: DEAD_BUSH]" classname="org.bukkit.PerMaterialTest" time="0"/>
  <testcase name="isBurnable[32: DEAD_BUSH]" classname="org.bukkit.PerMaterialTest" time="0"/>
  <testcase name="isEdible[32: DEAD_BUSH]" classname="org.bukkit.PerMaterialTest" time="0"/>
  <testcase name="maxDurability[32: DEAD_BUSH]" classname="org.bukkit.PerMaterialTest" time="0"/>
  <testcase name="isOccluding[32: DEAD_BUSH]" classname="org.bukkit.PerMaterialTest" time="0"/>
  <testcase name="isRecord[32: DEAD_BUSH]" classname="org.bukkit.PerMaterialTest" time="0"/>
  <testcase name="isFlammable[32: DEAD_BUSH]" classname="org.bukkit.PerMaterialTest" time="0"/>
  <testcase name="maxStackSize[32: DEAD_BUSH]" classname="org.bukkit.PerMaterialTest" time="0"/>
  <testcase name="isTransparent[32: DEAD_BUSH]" classname="org.bukkit.PerMaterialTest" time="0"/>
  <testcase name="isSolid[32: DEAD_BUSH]" classname="org.bukkit.PerMaterialTest" time="0"/>
  <testcase name="hasGravity[33: PISTON_BASE]" classname="org.bukkit.PerMaterialTest" time="0"/>
  <testcase name="isBurnable[33: PISTON_BASE]" classname="org.bukkit.PerMaterialTest" time="0"/>
  <testcase name="isEdible[33: PISTON_BASE]" classname="org.bukkit.PerMaterialTest" time="0"/>
  <testcase name="maxDurability[33: PISTON_BASE]" classname="org.bukkit.PerMaterialTest" time="0"/>
  <testcase name="isOccluding[33: PISTON_BASE]" classname="org.bukkit.PerMaterialTest" time="0"/>
  <testcase name="isRecord[33: PISTON_BASE]" classname="org.bukkit.PerMaterialTest" time="0"/>
  <testcase name="isFlammable[33: PISTON_BASE]" classname="org.bukkit.PerMaterialTest" time="0"/>
  <testcase name="maxStackSize[33: PISTON_BASE]" classname="org.bukkit.PerMaterialTest" time="0"/>
  <testcase name="isTransparent[33: PISTON_BASE]" classname="org.bukkit.PerMaterialTest" time="0"/>
  <testcase name="isSolid[33: PISTON_BASE]" classname="org.bukkit.PerMaterialTest" time="0"/>
  <testcase name="hasGravity[34: PISTON_EXTENSION]" classname="org.bukkit.PerMaterialTest" time="0"/>
  <testcase name="isBurnable[34: PISTON_EXTENSION]" classname="org.bukkit.PerMaterialTest" time="0.001"/>
  <testcase name="isEdible[34: PISTON_EXTENSION]" classname="org.bukkit.PerMaterialTest" time="0"/>
  <testcase name="maxDurability[34: PISTON_EXTENSION]" classname="org.bukkit.PerMaterialTest" time="0"/>
  <testcase name="isOccluding[34: PISTON_EXTENSION]" classname="org.bukkit.PerMaterialTest" time="0"/>
  <testcase name="isRecord[34: PISTON_EXTENSION]" classname="org.bukkit.PerMaterialTest" time="0"/>
  <testcase name="isFlammable[34: PISTON_EXTENSION]" classname="org.bukkit.PerMaterialTest" time="0"/>
  <testcase name="maxStackSize[34: PISTON_EXTENSION]" classname="org.bukkit.PerMaterialTest" time="0"/>
  <testcase name="isTransparent[34: PISTON_EXTENSION]" classname="org.bukkit.PerMaterialTest" time="0"/>
  <testcase name="isSolid[34: PISTON_EXTENSION]" classname="org.bukkit.PerMaterialTest" time="0"/>
  <testcase name="hasGravity[35: WOOL]" classname="org.bukkit.PerMaterialTest" time="0"/>
  <testcase name="isBurnable[35: WOOL]" classname="org.bukkit.PerMaterialTest" time="0"/>
  <testcase name="isEdible[35: WOOL]" classname="org.bukkit.PerMaterialTest" time="0"/>
  <testcase name="maxDurability[35: WOOL]" classname="org.bukkit.PerMaterialTest" time="0"/>
  <testcase name="isOccluding[35: WOOL]" classname="org.bukkit.PerMaterialTest" time="0"/>
  <testcase name="isRecord[35: WOOL]" classname="org.bukkit.PerMaterialTest" time="0"/>
  <testcase name="isFlammable[35: WOOL]" classname="org.bukkit.PerMaterialTest" time="0"/>
  <testcase name="maxStackSize[35: WOOL]" classname="org.bukkit.PerMaterialTest" time="0.009"/>
  <testcase name="isTransparent[35: WOOL]" classname="org.bukkit.PerMaterialTest" time="0"/>
  <testcase name="isSolid[35: WOOL]" classname="org.bukkit.PerMaterialTest" time="0"/>
  <testcase name="hasGravity[36: PISTON_MOVING_PIECE]" classname="org.bukkit.PerMaterialTest" time="0"/>
  <testcase name="isBurnable[36: PISTON_MOVING_PIECE]" classname="org.bukkit.PerMaterialTest" time="0"/>
  <testcase name="isEdible[36: PISTON_MOVING_PIECE]" classname="org.bukkit.PerMaterialTest" time="0"/>
  <testcase name="maxDurability[36: PISTON_MOVING_PIECE]" classname="org.bukkit.PerMaterialTest" time="0"/>
  <testcase name="isOccluding[36: PISTON_MOVING_PIECE]" classname="org.bukkit.PerMaterialTest" time="0"/>
  <testcase name="isRecord[36: PISTON_MOVING_PIECE]" classname="org.bukkit.PerMaterialTest" time="0"/>
  <testcase name="isFlammable[36: PISTON_MOVING_PIECE]" classname="org.bukkit.PerMaterialTest" time="0"/>
  <testcase name="maxStackSize[36: PISTON_MOVING_PIECE]" classname="org.bukkit.PerMaterialTest" time="0"/>
  <testcase name="isTransparent[36: PISTON_MOVING_PIECE]" classname="org.bukkit.PerMaterialTest" time="0"/>
  <testcase name="isSolid[36: PISTON_MOVING_PIECE]" classname="org.bukkit.PerMaterialTest" time="0"/>
  <testcase name="hasGravity[37: YELLOW_FLOWER]" classname="org.bukkit.PerMaterialTest" time="0"/>
  <testcase name="isBurnable[37: YELLOW_FLOWER]" classname="org.bukkit.PerMaterialTest" time="0"/>
  <testcase name="isEdible[37: YELLOW_FLOWER]" classname="org.bukkit.PerMaterialTest" time="0"/>
  <testcase name="maxDurability[37: YELLOW_FLOWER]" classname="org.bukkit.PerMaterialTest" time="0"/>
  <testcase name="isOccluding[37: YELLOW_FLOWER]" classname="org.bukkit.PerMaterialTest" time="0"/>
  <testcase name="isRecord[37: YELLOW_FLOWER]" classname="org.bukkit.PerMaterialTest" time="0"/>
  <testcase name="isFlammable[37: YELLOW_FLOWER]" classname="org.bukkit.PerMaterialTest" time="0"/>
  <testcase name="maxStackSize[37: YELLOW_FLOWER]" classname="org.bukkit.PerMaterialTest" time="0"/>
  <testcase name="isTransparent[37: YELLOW_FLOWER]" classname="org.bukkit.PerMaterialTest" time="0"/>
  <testcase name="isSolid[37: YELLOW_FLOWER]" classname="org.bukkit.PerMaterialTest" time="0"/>
  <testcase name="hasGravity[38: RED_ROSE]" classname="org.bukkit.PerMaterialTest" time="0"/>
  <testcase name="isBurnable[38: RED_ROSE]" classname="org.bukkit.PerMaterialTest" time="0"/>
  <testcase name="isEdible[38: RED_ROSE]" classname="org.bukkit.PerMaterialTest" time="0"/>
  <testcase name="maxDurability[38: RED_ROSE]" classname="org.bukkit.PerMaterialTest" time="0"/>
  <testcase name="isOccluding[38: RED_ROSE]" classname="org.bukkit.PerMaterialTest" time="0"/>
  <testcase name="isRecord[38: RED_ROSE]" classname="org.bukkit.PerMaterialTest" time="0"/>
  <testcase name="isFlammable[38: RED_ROSE]" classname="org.bukkit.PerMaterialTest" time="0"/>
  <testcase name="maxStackSize[38: RED_ROSE]" classname="org.bukkit.PerMaterialTest" time="0"/>
  <testcase name="isTransparent[38: RED_ROSE]" classname="org.bukkit.PerMaterialTest" time="0"/>
  <testcase name="isSolid[38: RED_ROSE]" classname="org.bukkit.PerMaterialTest" time="0"/>
  <testcase name="hasGravity[39: BROWN_MUSHROOM]" classname="org.bukkit.PerMaterialTest" time="0"/>
  <testcase name="isBurnable[39: BROWN_MUSHROOM]" classname="org.bukkit.PerMaterialTest" time="0"/>
  <testcase name="isEdible[39: BROWN_MUSHROOM]" classname="org.bukkit.PerMaterialTest" time="0"/>
  <testcase name="maxDurability[39: BROWN_MUSHROOM]" classname="org.bukkit.PerMaterialTest" time="0"/>
  <testcase name="isOccluding[39: BROWN_MUSHROOM]" classname="org.bukkit.PerMaterialTest" time="0"/>
  <testcase name="isRecord[39: BROWN_MUSHROOM]" classname="org.bukkit.PerMaterialTest" time="0"/>
  <testcase name="isFlammable[39: BROWN_MUSHROOM]" classname="org.bukkit.PerMaterialTest" time="0"/>
  <testcase name="maxStackSize[39: BROWN_MUSHROOM]" classname="org.bukkit.PerMaterialTest" time="0"/>
  <testcase name="isTransparent[39: BROWN_MUSHROOM]" classname="org.bukkit.PerMaterialTest" time="0"/>
  <testcase name="isSolid[39: BROWN_MUSHROOM]" classname="org.bukkit.PerMaterialTest" time="0"/>
  <testcase name="hasGravity[40: RED_MUSHROOM]" classname="org.bukkit.PerMaterialTest" time="0"/>
  <testcase name="isBurnable[40: RED_MUSHROOM]" classname="org.bukkit.PerMaterialTest" time="0"/>
  <testcase name="isEdible[40: RED_MUSHROOM]" classname="org.bukkit.PerMaterialTest" time="0"/>
  <testcase name="maxDurability[40: RED_MUSHROOM]" classname="org.bukkit.PerMaterialTest" time="0"/>
  <testcase name="isOccluding[40: RED_MUSHROOM]" classname="org.bukkit.PerMaterialTest" time="0"/>
  <testcase name="isRecord[40: RED_MUSHROOM]" classname="org.bukkit.PerMaterialTest" time="0"/>
  <testcase name="isFlammable[40: RED_MUSHROOM]" classname="org.bukkit.PerMaterialTest" time="0"/>
  <testcase name="maxStackSize[40: RED_MUSHROOM]" classname="org.bukkit.PerMaterialTest" time="0"/>
  <testcase name="isTransparent[40: RED_MUSHROOM]" classname="org.bukkit.PerMaterialTest" time="0"/>
  <testcase name="isSolid[40: RED_MUSHROOM]" classname="org.bukkit.PerMaterialTest" time="0"/>
  <testcase name="hasGravity[41: GOLD_BLOCK]" classname="org.bukkit.PerMaterialTest" time="0"/>
  <testcase name="isBurnable[41: GOLD_BLOCK]" classname="org.bukkit.PerMaterialTest" time="0"/>
  <testcase name="isEdible[41: GOLD_BLOCK]" classname="org.bukkit.PerMaterialTest" time="0"/>
  <testcase name="maxDurability[41: GOLD_BLOCK]" classname="org.bukkit.PerMaterialTest" time="0"/>
  <testcase name="isOccluding[41: GOLD_BLOCK]" classname="org.bukkit.PerMaterialTest" time="0"/>
  <testcase name="isRecord[41: GOLD_BLOCK]" classname="org.bukkit.PerMaterialTest" time="0"/>
  <testcase name="isFlammable[41: GOLD_BLOCK]" classname="org.bukkit.PerMaterialTest" time="0"/>
  <testcase name="maxStackSize[41: GOLD_BLOCK]" classname="org.bukkit.PerMaterialTest" time="0"/>
  <testcase name="isTransparent[41: GOLD_BLOCK]" classname="org.bukkit.PerMaterialTest" time="0"/>
  <testcase name="isSolid[41: GOLD_BLOCK]" classname="org.bukkit.PerMaterialTest" time="0"/>
  <testcase name="hasGravity[42: IRON_BLOCK]" classname="org.bukkit.PerMaterialTest" time="0"/>
  <testcase name="isBurnable[42: IRON_BLOCK]" classname="org.bukkit.PerMaterialTest" time="0"/>
  <testcase name="isEdible[42: IRON_BLOCK]" classname="org.bukkit.PerMaterialTest" time="0"/>
  <testcase name="maxDurability[42: IRON_BLOCK]" classname="org.bukkit.PerMaterialTest" time="0"/>
  <testcase name="isOccluding[42: IRON_BLOCK]" classname="org.bukkit.PerMaterialTest" time="0"/>
  <testcase name="isRecord[42: IRON_BLOCK]" classname="org.bukkit.PerMaterialTest" time="0"/>
  <testcase name="isFlammable[42: IRON_BLOCK]" classname="org.bukkit.PerMaterialTest" time="0"/>
  <testcase name="maxStackSize[42: IRON_BLOCK]" classname="org.bukkit.PerMaterialTest" time="0"/>
  <testcase name="isTransparent[42: IRON_BLOCK]" classname="org.bukkit.PerMaterialTest" time="0"/>
  <testcase name="isSolid[42: IRON_BLOCK]" classname="org.bukkit.PerMaterialTest" time="0"/>
  <testcase name="hasGravity[43: DOUBLE_STEP]" classname="org.bukkit.PerMaterialTest" time="0"/>
  <testcase name="isBurnable[43: DOUBLE_STEP]" classname="org.bukkit.PerMaterialTest" time="0"/>
  <testcase name="isEdible[43: DOUBLE_STEP]" classname="org.bukkit.PerMaterialTest" time="0"/>
  <testcase name="maxDurability[43: DOUBLE_STEP]" classname="org.bukkit.PerMaterialTest" time="0"/>
  <testcase name="isOccluding[43: DOUBLE_STEP]" classname="org.bukkit.PerMaterialTest" time="0"/>
  <testcase name="isRecord[43: DOUBLE_STEP]" classname="org.bukkit.PerMaterialTest" time="0"/>
  <testcase name="isFlammable[43: DOUBLE_STEP]" classname="org.bukkit.PerMaterialTest" time="0"/>
  <testcase name="maxStackSize[43: DOUBLE_STEP]" classname="org.bukkit.PerMaterialTest" time="0"/>
  <testcase name="isTransparent[43: DOUBLE_STEP]" classname="org.bukkit.PerMaterialTest" time="0"/>
  <testcase name="isSolid[43: DOUBLE_STEP]" classname="org.bukkit.PerMaterialTest" time="0"/>
  <testcase name="hasGravity[44: STEP]" classname="org.bukkit.PerMaterialTest" time="0"/>
  <testcase name="isBurnable[44: STEP]" classname="org.bukkit.PerMaterialTest" time="0"/>
  <testcase name="isEdible[44: STEP]" classname="org.bukkit.PerMaterialTest" time="0"/>
  <testcase name="maxDurability[44: STEP]" classname="org.bukkit.PerMaterialTest" time="0"/>
  <testcase name="isOccluding[44: STEP]" classname="org.bukkit.PerMaterialTest" time="0"/>
  <testcase name="isRecord[44: STEP]" classname="org.bukkit.PerMaterialTest" time="0"/>
  <testcase name="isFlammable[44: STEP]" classname="org.bukkit.PerMaterialTest" time="0"/>
  <testcase name="maxStackSize[44: STEP]" classname="org.bukkit.PerMaterialTest" time="0"/>
  <testcase name="isTransparent[44: STEP]" classname="org.bukkit.PerMaterialTest" time="0"/>
  <testcase name="isSolid[44: STEP]" classname="org.bukkit.PerMaterialTest" time="0"/>
  <testcase name="hasGravity[45: BRICK]" classname="org.bukkit.PerMaterialTest" time="0"/>
  <testcase name="isBurnable[45: BRICK]" classname="org.bukkit.PerMaterialTest" time="0"/>
  <testcase name="isEdible[45: BRICK]" classname="org.bukkit.PerMaterialTest" time="0"/>
  <testcase name="maxDurability[45: BRICK]" classname="org.bukkit.PerMaterialTest" time="0"/>
  <testcase name="isOccluding[45: BRICK]" classname="org.bukkit.PerMaterialTest" time="0"/>
  <testcase name="isRecord[45: BRICK]" classname="org.bukkit.PerMaterialTest" time="0"/>
  <testcase name="isFlammable[45: BRICK]" classname="org.bukkit.PerMaterialTest" time="0"/>
  <testcase name="maxStackSize[45: BRICK]" classname="org.bukkit.PerMaterialTest" time="0"/>
  <testcase name="isTransparent[45: BRICK]" classname="org.bukkit.PerMaterialTest" time="0"/>
  <testcase name="isSolid[45: BRICK]" classname="org.bukkit.PerMaterialTest" time="0"/>
  <testcase name="hasGravity[46: TNT]" classname="org.bukkit.PerMaterialTest" time="0"/>
  <testcase name="isBurnable[46: TNT]" classname="org.bukkit.PerMaterialTest" time="0"/>
  <testcase name="isEdible[46: TNT]" classname="org.bukkit.PerMaterialTest" time="0"/>
  <testcase name="maxDurability[46: TNT]" classname="org.bukkit.PerMaterialTest" time="0"/>
  <testcase name="isOccluding[46: TNT]" classname="org.bukkit.PerMaterialTest" time="0"/>
  <testcase name="isRecord[46: TNT]" classname="org.bukkit.PerMaterialTest" time="0"/>
  <testcase name="isFlammable[46: TNT]" classname="org.bukkit.PerMaterialTest" time="0"/>
  <testcase name="maxStackSize[46: TNT]" classname="org.bukkit.PerMaterialTest" time="0"/>
  <testcase name="isTransparent[46: TNT]" classname="org.bukkit.PerMaterialTest" time="0"/>
  <testcase name="isSolid[46: TNT]" classname="org.bukkit.PerMaterialTest" time="0"/>
  <testcase name="hasGravity[47: BOOKSHELF]" classname="org.bukkit.PerMaterialTest" time="0"/>
  <testcase name="isBurnable[47: BOOKSHELF]" classname="org.bukkit.PerMaterialTest" time="0"/>
  <testcase name="isEdible[47: BOOKSHELF]" classname="org.bukkit.PerMaterialTest" time="0"/>
  <testcase name="maxDurability[47: BOOKSHELF]" classname="org.bukkit.PerMaterialTest" time="0"/>
  <testcase name="isOccluding[47: BOOKSHELF]" classname="org.bukkit.PerMaterialTest" time="0"/>
  <testcase name="isRecord[47: BOOKSHELF]" classname="org.bukkit.PerMaterialTest" time="0"/>
  <testcase name="isFlammable[47: BOOKSHELF]" classname="org.bukkit.PerMaterialTest" time="0"/>
  <testcase name="maxStackSize[47: BOOKSHELF]" classname="org.bukkit.PerMaterialTest" time="0"/>
  <testcase name="isTransparent[47: BOOKSHELF]" classname="org.bukkit.PerMaterialTest" time="0"/>
  <testcase name="isSolid[47: BOOKSHELF]" classname="org.bukkit.PerMaterialTest" time="0"/>
  <testcase name="hasGravity[48: MOSSY_COBBLESTONE]" classname="org.bukkit.PerMaterialTest" time="0"/>
  <testcase name="isBurnable[48: MOSSY_COBBLESTONE]" classname="org.bukkit.PerMaterialTest" time="0"/>
  <testcase name="isEdible[48: MOSSY_COBBLESTONE]" classname="org.bukkit.PerMaterialTest" time="0"/>
  <testcase name="maxDurability[48: MOSSY_COBBLESTONE]" classname="org.bukkit.PerMaterialTest" time="0"/>
  <testcase name="isOccluding[48: MOSSY_COBBLESTONE]" classname="org.bukkit.PerMaterialTest" time="0"/>
  <testcase name="isRecord[48: MOSSY_COBBLESTONE]" classname="org.bukkit.PerMaterialTest" time="0"/>
  <testcase name="isFlammable[48: MOSSY_COBBLESTONE]" classname="org.bukkit.PerMaterialTest" time="0"/>
  <testcase name="maxStackSize[48: MOSSY_COBBLESTONE]" classname="org.bukkit.PerMaterialTest" time="0"/>
  <testcase name="isTransparent[48: MOSSY_COBBLESTONE]" classname="org.bukkit.PerMaterialTest" time="0"/>
  <testcase name="isSolid[48: MOSSY_COBBLESTONE]" classname="org.bukkit.PerMaterialTest" time="0"/>
  <testcase name="hasGravity[49: OBSIDIAN]" classname="org.bukkit.PerMaterialTest" time="0"/>
  <testcase name="isBurnable[49: OBSIDIAN]" classname="org.bukkit.PerMaterialTest" time="0"/>
  <testcase name="isEdible[49: OBSIDIAN]" classname="org.bukkit.PerMaterialTest" time="0"/>
  <testcase name="maxDurability[49: OBSIDIAN]" classname="org.bukkit.PerMaterialTest" time="0"/>
  <testcase name="isOccluding[49: OBSIDIAN]" classname="org.bukkit.PerMaterialTest" time="0"/>
  <testcase name="isRecord[49: OBSIDIAN]" classname="org.bukkit.PerMaterialTest" time="0"/>
  <testcase name="isFlammable[49: OBSIDIAN]" classname="org.bukkit.PerMaterialTest" time="0"/>
  <testcase name="maxStackSize[49: OBSIDIAN]" classname="org.bukkit.PerMaterialTest" time="0"/>
  <testcase name="isTransparent[49: OBSIDIAN]" classname="org.bukkit.PerMaterialTest" time="0"/>
  <testcase name="isSolid[49: OBSIDIAN]" classname="org.bukkit.PerMaterialTest" time="0"/>
  <testcase name="hasGravity[50: TORCH]" classname="org.bukkit.PerMaterialTest" time="0"/>
  <testcase name="isBurnable[50: TORCH]" classname="org.bukkit.PerMaterialTest" time="0"/>
  <testcase name="isEdible[50: TORCH]" classname="org.bukkit.PerMaterialTest" time="0"/>
  <testcase name="maxDurability[50: TORCH]" classname="org.bukkit.PerMaterialTest" time="0"/>
  <testcase name="isOccluding[50: TORCH]" classname="org.bukkit.PerMaterialTest" time="0"/>
  <testcase name="isRecord[50: TORCH]" classname="org.bukkit.PerMaterialTest" time="0"/>
  <testcase name="isFlammable[50: TORCH]" classname="org.bukkit.PerMaterialTest" time="0"/>
  <testcase name="maxStackSize[50: TORCH]" classname="org.bukkit.PerMaterialTest" time="0"/>
  <testcase name="isTransparent[50: TORCH]" classname="org.bukkit.PerMaterialTest" time="0"/>
  <testcase name="isSolid[50: TORCH]" classname="org.bukkit.PerMaterialTest" time="0"/>
  <testcase name="hasGravity[51: FIRE]" classname="org.bukkit.PerMaterialTest" time="0"/>
  <testcase name="isBurnable[51: FIRE]" classname="org.bukkit.PerMaterialTest" time="0"/>
  <testcase name="isEdible[51: FIRE]" classname="org.bukkit.PerMaterialTest" time="0"/>
  <testcase name="maxDurability[51: FIRE]" classname="org.bukkit.PerMaterialTest" time="0"/>
  <testcase name="isOccluding[51: FIRE]" classname="org.bukkit.PerMaterialTest" time="0"/>
  <testcase name="isRecord[51: FIRE]" classname="org.bukkit.PerMaterialTest" time="0"/>
  <testcase name="isFlammable[51: FIRE]" classname="org.bukkit.PerMaterialTest" time="0"/>
  <testcase name="maxStackSize[51: FIRE]" classname="org.bukkit.PerMaterialTest" time="0"/>
  <testcase name="isTransparent[51: FIRE]" classname="org.bukkit.PerMaterialTest" time="0"/>
  <testcase name="isSolid[51: FIRE]" classname="org.bukkit.PerMaterialTest" time="0"/>
  <testcase name="hasGravity[52: MOB_SPAWNER]" classname="org.bukkit.PerMaterialTest" time="0"/>
  <testcase name="isBurnable[52: MOB_SPAWNER]" classname="org.bukkit.PerMaterialTest" time="0"/>
  <testcase name="isEdible[52: MOB_SPAWNER]" classname="org.bukkit.PerMaterialTest" time="0"/>
  <testcase name="maxDurability[52: MOB_SPAWNER]" classname="org.bukkit.PerMaterialTest" time="0"/>
  <testcase name="isOccluding[52: MOB_SPAWNER]" classname="org.bukkit.PerMaterialTest" time="0"/>
  <testcase name="isRecord[52: MOB_SPAWNER]" classname="org.bukkit.PerMaterialTest" time="0"/>
  <testcase name="isFlammable[52: MOB_SPAWNER]" classname="org.bukkit.PerMaterialTest" time="0"/>
  <testcase name="maxStackSize[52: MOB_SPAWNER]" classname="org.bukkit.PerMaterialTest" time="0"/>
  <testcase name="isTransparent[52: MOB_SPAWNER]" classname="org.bukkit.PerMaterialTest" time="0"/>
  <testcase name="isSolid[52: MOB_SPAWNER]" classname="org.bukkit.PerMaterialTest" time="0"/>
  <testcase name="hasGravity[53: WOOD_STAIRS]" classname="org.bukkit.PerMaterialTest" time="0"/>
  <testcase name="isBurnable[53: WOOD_STAIRS]" classname="org.bukkit.PerMaterialTest" time="0"/>
  <testcase name="isEdible[53: WOOD_STAIRS]" classname="org.bukkit.PerMaterialTest" time="0"/>
  <testcase name="maxDurability[53: WOOD_STAIRS]" classname="org.bukkit.PerMaterialTest" time="0"/>
  <testcase name="isOccluding[53: WOOD_STAIRS]" classname="org.bukkit.PerMaterialTest" time="0"/>
  <testcase name="isRecord[53: WOOD_STAIRS]" classname="org.bukkit.PerMaterialTest" time="0"/>
  <testcase name="isFlammable[53: WOOD_STAIRS]" classname="org.bukkit.PerMaterialTest" time="0"/>
  <testcase name="maxStackSize[53: WOOD_STAIRS]" classname="org.bukkit.PerMaterialTest" time="0"/>
  <testcase name="isTransparent[53: WOOD_STAIRS]" classname="org.bukkit.PerMaterialTest" time="0"/>
  <testcase name="isSolid[53: WOOD_STAIRS]" classname="org.bukkit.PerMaterialTest" time="0"/>
  <testcase name="hasGravity[54: CHEST]" classname="org.bukkit.PerMaterialTest" time="0"/>
  <testcase name="isBurnable[54: CHEST]" classname="org.bukkit.PerMaterialTest" time="0"/>
  <testcase name="isEdible[54: CHEST]" classname="org.bukkit.PerMaterialTest" time="0"/>
  <testcase name="maxDurability[54: CHEST]" classname="org.bukkit.PerMaterialTest" time="0"/>
  <testcase name="isOccluding[54: CHEST]" classname="org.bukkit.PerMaterialTest" time="0"/>
  <testcase name="isRecord[54: CHEST]" classname="org.bukkit.PerMaterialTest" time="0"/>
  <testcase name="isFlammable[54: CHEST]" classname="org.bukkit.PerMaterialTest" time="0"/>
  <testcase name="maxStackSize[54: CHEST]" classname="org.bukkit.PerMaterialTest" time="0"/>
  <testcase name="isTransparent[54: CHEST]" classname="org.bukkit.PerMaterialTest" time="0"/>
  <testcase name="isSolid[54: CHEST]" classname="org.bukkit.PerMaterialTest" time="0"/>
  <testcase name="hasGravity[55: REDSTONE_WIRE]" classname="org.bukkit.PerMaterialTest" time="0"/>
  <testcase name="isBurnable[55: REDSTONE_WIRE]" classname="org.bukkit.PerMaterialTest" time="0"/>
  <testcase name="isEdible[55: REDSTONE_WIRE]" classname="org.bukkit.PerMaterialTest" time="0"/>
  <testcase name="maxDurability[55: REDSTONE_WIRE]" classname="org.bukkit.PerMaterialTest" time="0"/>
  <testcase name="isOccluding[55: REDSTONE_WIRE]" classname="org.bukkit.PerMaterialTest" time="0"/>
  <testcase name="isRecord[55: REDSTONE_WIRE]" classname="org.bukkit.PerMaterialTest" time="0"/>
  <testcase name="isFlammable[55: REDSTONE_WIRE]" classname="org.bukkit.PerMaterialTest" time="0"/>
  <testcase name="maxStackSize[55: REDSTONE_WIRE]" classname="org.bukkit.PerMaterialTest" time="0"/>
  <testcase name="isTransparent[55: REDSTONE_WIRE]" classname="org.bukkit.PerMaterialTest" time="0"/>
  <testcase name="isSolid[55: REDSTONE_WIRE]" classname="org.bukkit.PerMaterialTest" time="0"/>
  <testcase name="hasGravity[56: DIAMOND_ORE]" classname="org.bukkit.PerMaterialTest" time="0"/>
  <testcase name="isBurnable[56: DIAMOND_ORE]" classname="org.bukkit.PerMaterialTest" time="0"/>
  <testcase name="isEdible[56: DIAMOND_ORE]" classname="org.bukkit.PerMaterialTest" time="0"/>
  <testcase name="maxDurability[56: DIAMOND_ORE]" classname="org.bukkit.PerMaterialTest" time="0"/>
  <testcase name="isOccluding[56: DIAMOND_ORE]" classname="org.bukkit.PerMaterialTest" time="0"/>
  <testcase name="isRecord[56: DIAMOND_ORE]" classname="org.bukkit.PerMaterialTest" time="0"/>
  <testcase name="isFlammable[56: DIAMOND_ORE]" classname="org.bukkit.PerMaterialTest" time="0"/>
  <testcase name="maxStackSize[56: DIAMOND_ORE]" classname="org.bukkit.PerMaterialTest" time="0"/>
  <testcase name="isTransparent[56: DIAMOND_ORE]" classname="org.bukkit.PerMaterialTest" time="0"/>
  <testcase name="isSolid[56: DIAMOND_ORE]" classname="org.bukkit.PerMaterialTest" time="0"/>
  <testcase name="hasGravity[57: DIAMOND_BLOCK]" classname="org.bukkit.PerMaterialTest" time="0"/>
  <testcase name="isBurnable[57: DIAMOND_BLOCK]" classname="org.bukkit.PerMaterialTest" time="0"/>
  <testcase name="isEdible[57: DIAMOND_BLOCK]" classname="org.bukkit.PerMaterialTest" time="0"/>
  <testcase name="maxDurability[57: DIAMOND_BLOCK]" classname="org.bukkit.PerMaterialTest" time="0"/>
  <testcase name="isOccluding[57: DIAMOND_BLOCK]" classname="org.bukkit.PerMaterialTest" time="0"/>
  <testcase name="isRecord[57: DIAMOND_BLOCK]" classname="org.bukkit.PerMaterialTest" time="0"/>
  <testcase name="isFlammable[57: DIAMOND_BLOCK]" classname="org.bukkit.PerMaterialTest" time="0"/>
  <testcase name="maxStackSize[57: DIAMOND_BLOCK]" classname="org.bukkit.PerMaterialTest" time="0"/>
  <testcase name="isTransparent[57: DIAMOND_BLOCK]" classname="org.bukkit.PerMaterialTest" time="0"/>
  <testcase name="isSolid[57: DIAMOND_BLOCK]" classname="org.bukkit.PerMaterialTest" time="0"/>
  <testcase name="hasGravity[58: WORKBENCH]" classname="org.bukkit.PerMaterialTest" time="0"/>
  <testcase name="isBurnable[58: WORKBENCH]" classname="org.bukkit.PerMaterialTest" time="0"/>
  <testcase name="isEdible[58: WORKBENCH]" classname="org.bukkit.PerMaterialTest" time="0"/>
  <testcase name="maxDurability[58: WORKBENCH]" classname="org.bukkit.PerMaterialTest" time="0"/>
  <testcase name="isOccluding[58: WORKBENCH]" classname="org.bukkit.PerMaterialTest" time="0"/>
  <testcase name="isRecord[58: WORKBENCH]" classname="org.bukkit.PerMaterialTest" time="0"/>
  <testcase name="isFlammable[58: WORKBENCH]" classname="org.bukkit.PerMaterialTest" time="0"/>
  <testcase name="maxStackSize[58: WORKBENCH]" classname="org.bukkit.PerMaterialTest" time="0"/>
  <testcase name="isTransparent[58: WORKBENCH]" classname="org.bukkit.PerMaterialTest" time="0"/>
  <testcase name="isSolid[58: WORKBENCH]" classname="org.bukkit.PerMaterialTest" time="0"/>
  <testcase name="hasGravity[59: CROPS]" classname="org.bukkit.PerMaterialTest" time="0"/>
  <testcase name="isBurnable[59: CROPS]" classname="org.bukkit.PerMaterialTest" time="0"/>
  <testcase name="isEdible[59: CROPS]" classname="org.bukkit.PerMaterialTest" time="0"/>
  <testcase name="maxDurability[59: CROPS]" classname="org.bukkit.PerMaterialTest" time="0"/>
  <testcase name="isOccluding[59: CROPS]" classname="org.bukkit.PerMaterialTest" time="0"/>
  <testcase name="isRecord[59: CROPS]" classname="org.bukkit.PerMaterialTest" time="0"/>
  <testcase name="isFlammable[59: CROPS]" classname="org.bukkit.PerMaterialTest" time="0"/>
  <testcase name="maxStackSize[59: CROPS]" classname="org.bukkit.PerMaterialTest" time="0"/>
  <testcase name="isTransparent[59: CROPS]" classname="org.bukkit.PerMaterialTest" time="0"/>
  <testcase name="isSolid[59: CROPS]" classname="org.bukkit.PerMaterialTest" time="0"/>
  <testcase name="hasGravity[60: SOIL]" classname="org.bukkit.PerMaterialTest" time="0"/>
  <testcase name="isBurnable[60: SOIL]" classname="org.bukkit.PerMaterialTest" time="0"/>
  <testcase name="isEdible[60: SOIL]" classname="org.bukkit.PerMaterialTest" time="0"/>
  <testcase name="maxDurability[60: SOIL]" classname="org.bukkit.PerMaterialTest" time="0.001"/>
  <testcase name="isOccluding[60: SOIL]" classname="org.bukkit.PerMaterialTest" time="0"/>
  <testcase name="isRecord[60: SOIL]" classname="org.bukkit.PerMaterialTest" time="0"/>
  <testcase name="isFlammable[60: SOIL]" classname="org.bukkit.PerMaterialTest" time="0"/>
  <testcase name="maxStackSize[60: SOIL]" classname="org.bukkit.PerMaterialTest" time="0"/>
  <testcase name="isTransparent[60: SOIL]" classname="org.bukkit.PerMaterialTest" time="0"/>
  <testcase name="isSolid[60: SOIL]" classname="org.bukkit.PerMaterialTest" time="0"/>
  <testcase name="hasGravity[61: FURNACE]" classname="org.bukkit.PerMaterialTest" time="0"/>
  <testcase name="isBurnable[61: FURNACE]" classname="org.bukkit.PerMaterialTest" time="0"/>
  <testcase name="isEdible[61: FURNACE]" classname="org.bukkit.PerMaterialTest" time="0"/>
  <testcase name="maxDurability[61: FURNACE]" classname="org.bukkit.PerMaterialTest" time="0"/>
  <testcase name="isOccluding[61: FURNACE]" classname="org.bukkit.PerMaterialTest" time="0"/>
  <testcase name="isRecord[61: FURNACE]" classname="org.bukkit.PerMaterialTest" time="0"/>
  <testcase name="isFlammable[61: FURNACE]" classname="org.bukkit.PerMaterialTest" time="0"/>
  <testcase name="maxStackSize[61: FURNACE]" classname="org.bukkit.PerMaterialTest" time="0"/>
  <testcase name="isTransparent[61: FURNACE]" classname="org.bukkit.PerMaterialTest" time="0"/>
  <testcase name="isSolid[61: FURNACE]" classname="org.bukkit.PerMaterialTest" time="0"/>
  <testcase name="hasGravity[62: BURNING_FURNACE]" classname="org.bukkit.PerMaterialTest" time="0"/>
  <testcase name="isBurnable[62: BURNING_FURNACE]" classname="org.bukkit.PerMaterialTest" time="0"/>
  <testcase name="isEdible[62: BURNING_FURNACE]" classname="org.bukkit.PerMaterialTest" time="0"/>
  <testcase name="maxDurability[62: BURNING_FURNACE]" classname="org.bukkit.PerMaterialTest" time="0"/>
  <testcase name="isOccluding[62: BURNING_FURNACE]" classname="org.bukkit.PerMaterialTest" time="0"/>
  <testcase name="isRecord[62: BURNING_FURNACE]" classname="org.bukkit.PerMaterialTest" time="0"/>
  <testcase name="isFlammable[62: BURNING_FURNACE]" classname="org.bukkit.PerMaterialTest" time="0"/>
  <testcase name="maxStackSize[62: BURNING_FURNACE]" classname="org.bukkit.PerMaterialTest" time="0"/>
  <testcase name="isTransparent[62: BURNING_FURNACE]" classname="org.bukkit.PerMaterialTest" time="0"/>
  <testcase name="isSolid[62: BURNING_FURNACE]" classname="org.bukkit.PerMaterialTest" time="0"/>
  <testcase name="hasGravity[63: SIGN_POST]" classname="org.bukkit.PerMaterialTest" time="0"/>
  <testcase name="isBurnable[63: SIGN_POST]" classname="org.bukkit.PerMaterialTest" time="0"/>
  <testcase name="isEdible[63: SIGN_POST]" classname="org.bukkit.PerMaterialTest" time="0"/>
  <testcase name="maxDurability[63: SIGN_POST]" classname="org.bukkit.PerMaterialTest" time="0"/>
  <testcase name="isOccluding[63: SIGN_POST]" classname="org.bukkit.PerMaterialTest" time="0"/>
  <testcase name="isRecord[63: SIGN_POST]" classname="org.bukkit.PerMaterialTest" time="0"/>
  <testcase name="isFlammable[63: SIGN_POST]" classname="org.bukkit.PerMaterialTest" time="0"/>
  <testcase name="maxStackSize[63: SIGN_POST]" classname="org.bukkit.PerMaterialTest" time="0"/>
  <testcase name="isTransparent[63: SIGN_POST]" classname="org.bukkit.PerMaterialTest" time="0"/>
  <testcase name="isSolid[63: SIGN_POST]" classname="org.bukkit.PerMaterialTest" time="0"/>
  <testcase name="hasGravity[64: WOODEN_DOOR]" classname="org.bukkit.PerMaterialTest" time="0"/>
  <testcase name="isBurnable[64: WOODEN_DOOR]" classname="org.bukkit.PerMaterialTest" time="0"/>
  <testcase name="isEdible[64: WOODEN_DOOR]" classname="org.bukkit.PerMaterialTest" time="0"/>
  <testcase name="maxDurability[64: WOODEN_DOOR]" classname="org.bukkit.PerMaterialTest" time="0"/>
  <testcase name="isOccluding[64: WOODEN_DOOR]" classname="org.bukkit.PerMaterialTest" time="0"/>
  <testcase name="isRecord[64: WOODEN_DOOR]" classname="org.bukkit.PerMaterialTest" time="0"/>
  <testcase name="isFlammable[64: WOODEN_DOOR]" classname="org.bukkit.PerMaterialTest" time="0"/>
  <testcase name="maxStackSize[64: WOODEN_DOOR]" classname="org.bukkit.PerMaterialTest" time="0"/>
  <testcase name="isTransparent[64: WOODEN_DOOR]" classname="org.bukkit.PerMaterialTest" time="0"/>
  <testcase name="isSolid[64: WOODEN_DOOR]" classname="org.bukkit.PerMaterialTest" time="0"/>
  <testcase name="hasGravity[65: LADDER]" classname="org.bukkit.PerMaterialTest" time="0"/>
  <testcase name="isBurnable[65: LADDER]" classname="org.bukkit.PerMaterialTest" time="0"/>
  <testcase name="isEdible[65: LADDER]" classname="org.bukkit.PerMaterialTest" time="0"/>
  <testcase name="maxDurability[65: LADDER]" classname="org.bukkit.PerMaterialTest" time="0"/>
  <testcase name="isOccluding[65: LADDER]" classname="org.bukkit.PerMaterialTest" time="0"/>
  <testcase name="isRecord[65: LADDER]" classname="org.bukkit.PerMaterialTest" time="0"/>
  <testcase name="isFlammable[65: LADDER]" classname="org.bukkit.PerMaterialTest" time="0"/>
  <testcase name="maxStackSize[65: LADDER]" classname="org.bukkit.PerMaterialTest" time="0"/>
  <testcase name="isTransparent[65: LADDER]" classname="org.bukkit.PerMaterialTest" time="0"/>
  <testcase name="isSolid[65: LADDER]" classname="org.bukkit.PerMaterialTest" time="0"/>
  <testcase name="hasGravity[66: RAILS]" classname="org.bukkit.PerMaterialTest" time="0"/>
  <testcase name="isBurnable[66: RAILS]" classname="org.bukkit.PerMaterialTest" time="0"/>
  <testcase name="isEdible[66: RAILS]" classname="org.bukkit.PerMaterialTest" time="0"/>
  <testcase name="maxDurability[66: RAILS]" classname="org.bukkit.PerMaterialTest" time="0"/>
  <testcase name="isOccluding[66: RAILS]" classname="org.bukkit.PerMaterialTest" time="0"/>
  <testcase name="isRecord[66: RAILS]" classname="org.bukkit.PerMaterialTest" time="0"/>
  <testcase name="isFlammable[66: RAILS]" classname="org.bukkit.PerMaterialTest" time="0"/>
  <testcase name="maxStackSize[66: RAILS]" classname="org.bukkit.PerMaterialTest" time="0"/>
  <testcase name="isTransparent[66: RAILS]" classname="org.bukkit.PerMaterialTest" time="0"/>
  <testcase name="isSolid[66: RAILS]" classname="org.bukkit.PerMaterialTest" time="0"/>
  <testcase name="hasGravity[67: COBBLESTONE_STAIRS]" classname="org.bukkit.PerMaterialTest" time="0"/>
  <testcase name="isBurnable[67: COBBLESTONE_STAIRS]" classname="org.bukkit.PerMaterialTest" time="0"/>
  <testcase name="isEdible[67: COBBLESTONE_STAIRS]" classname="org.bukkit.PerMaterialTest" time="0"/>
  <testcase name="maxDurability[67: COBBLESTONE_STAIRS]" classname="org.bukkit.PerMaterialTest" time="0"/>
  <testcase name="isOccluding[67: COBBLESTONE_STAIRS]" classname="org.bukkit.PerMaterialTest" time="0"/>
  <testcase name="isRecord[67: COBBLESTONE_STAIRS]" classname="org.bukkit.PerMaterialTest" time="0"/>
  <testcase name="isFlammable[67: COBBLESTONE_STAIRS]" classname="org.bukkit.PerMaterialTest" time="0"/>
  <testcase name="maxStackSize[67: COBBLESTONE_STAIRS]" classname="org.bukkit.PerMaterialTest" time="0"/>
  <testcase name="isTransparent[67: COBBLESTONE_STAIRS]" classname="org.bukkit.PerMaterialTest" time="0"/>
  <testcase name="isSolid[67: COBBLESTONE_STAIRS]" classname="org.bukkit.PerMaterialTest" time="0"/>
  <testcase name="hasGravity[68: WALL_SIGN]" classname="org.bukkit.PerMaterialTest" time="0"/>
  <testcase name="isBurnable[68: WALL_SIGN]" classname="org.bukkit.PerMaterialTest" time="0"/>
  <testcase name="isEdible[68: WALL_SIGN]" classname="org.bukkit.PerMaterialTest" time="0"/>
  <testcase name="maxDurability[68: WALL_SIGN]" classname="org.bukkit.PerMaterialTest" time="0"/>
  <testcase name="isOccluding[68: WALL_SIGN]" classname="org.bukkit.PerMaterialTest" time="0"/>
  <testcase name="isRecord[68: WALL_SIGN]" classname="org.bukkit.PerMaterialTest" time="0"/>
  <testcase name="isFlammable[68: WALL_SIGN]" classname="org.bukkit.PerMaterialTest" time="0.001"/>
  <testcase name="maxStackSize[68: WALL_SIGN]" classname="org.bukkit.PerMaterialTest" time="0"/>
  <testcase name="isTransparent[68: WALL_SIGN]" classname="org.bukkit.PerMaterialTest" time="0"/>
  <testcase name="isSolid[68: WALL_SIGN]" classname="org.bukkit.PerMaterialTest" time="0"/>
  <testcase name="hasGravity[69: LEVER]" classname="org.bukkit.PerMaterialTest" time="0"/>
  <testcase name="isBurnable[69: LEVER]" classname="org.bukkit.PerMaterialTest" time="0"/>
  <testcase name="isEdible[69: LEVER]" classname="org.bukkit.PerMaterialTest" time="0"/>
  <testcase name="maxDurability[69: LEVER]" classname="org.bukkit.PerMaterialTest" time="0"/>
  <testcase name="isOccluding[69: LEVER]" classname="org.bukkit.PerMaterialTest" time="0"/>
  <testcase name="isRecord[69: LEVER]" classname="org.bukkit.PerMaterialTest" time="0"/>
  <testcase name="isFlammable[69: LEVER]" classname="org.bukkit.PerMaterialTest" time="0"/>
  <testcase name="maxStackSize[69: LEVER]" classname="org.bukkit.PerMaterialTest" time="0"/>
  <testcase name="isTransparent[69: LEVER]" classname="org.bukkit.PerMaterialTest" time="0"/>
  <testcase name="isSolid[69: LEVER]" classname="org.bukkit.PerMaterialTest" time="0"/>
  <testcase name="hasGravity[70: STONE_PLATE]" classname="org.bukkit.PerMaterialTest" time="0"/>
  <testcase name="isBurnable[70: STONE_PLATE]" classname="org.bukkit.PerMaterialTest" time="0"/>
  <testcase name="isEdible[70: STONE_PLATE]" classname="org.bukkit.PerMaterialTest" time="0"/>
  <testcase name="maxDurability[70: STONE_PLATE]" classname="org.bukkit.PerMaterialTest" time="0.001"/>
  <testcase name="isOccluding[70: STONE_PLATE]" classname="org.bukkit.PerMaterialTest" time="0"/>
  <testcase name="isRecord[70: STONE_PLATE]" classname="org.bukkit.PerMaterialTest" time="0"/>
  <testcase name="isFlammable[70: STONE_PLATE]" classname="org.bukkit.PerMaterialTest" time="0"/>
  <testcase name="maxStackSize[70: STONE_PLATE]" classname="org.bukkit.PerMaterialTest" time="0"/>
  <testcase name="isTransparent[70: STONE_PLATE]" classname="org.bukkit.PerMaterialTest" time="0"/>
  <testcase name="isSolid[70: STONE_PLATE]" classname="org.bukkit.PerMaterialTest" time="0"/>
  <testcase name="hasGravity[71: IRON_DOOR_BLOCK]" classname="org.bukkit.PerMaterialTest" time="0"/>
  <testcase name="isBurnable[71: IRON_DOOR_BLOCK]" classname="org.bukkit.PerMaterialTest" time="0"/>
  <testcase name="isEdible[71: IRON_DOOR_BLOCK]" classname="org.bukkit.PerMaterialTest" time="0"/>
  <testcase name="maxDurability[71: IRON_DOOR_BLOCK]" classname="org.bukkit.PerMaterialTest" time="0"/>
  <testcase name="isOccluding[71: IRON_DOOR_BLOCK]" classname="org.bukkit.PerMaterialTest" time="0"/>
  <testcase name="isRecord[71: IRON_DOOR_BLOCK]" classname="org.bukkit.PerMaterialTest" time="0"/>
  <testcase name="isFlammable[71: IRON_DOOR_BLOCK]" classname="org.bukkit.PerMaterialTest" time="0"/>
  <testcase name="maxStackSize[71: IRON_DOOR_BLOCK]" classname="org.bukkit.PerMaterialTest" time="0"/>
  <testcase name="isTransparent[71: IRON_DOOR_BLOCK]" classname="org.bukkit.PerMaterialTest" time="0"/>
  <testcase name="isSolid[71: IRON_DOOR_BLOCK]" classname="org.bukkit.PerMaterialTest" time="0"/>
  <testcase name="hasGravity[72: WOOD_PLATE]" classname="org.bukkit.PerMaterialTest" time="0"/>
  <testcase name="isBurnable[72: WOOD_PLATE]" classname="org.bukkit.PerMaterialTest" time="0"/>
  <testcase name="isEdible[72: WOOD_PLATE]" classname="org.bukkit.PerMaterialTest" time="0"/>
  <testcase name="maxDurability[72: WOOD_PLATE]" classname="org.bukkit.PerMaterialTest" time="0"/>
  <testcase name="isOccluding[72: WOOD_PLATE]" classname="org.bukkit.PerMaterialTest" time="0"/>
  <testcase name="isRecord[72: WOOD_PLATE]" classname="org.bukkit.PerMaterialTest" time="0"/>
  <testcase name="isFlammable[72: WOOD_PLATE]" classname="org.bukkit.PerMaterialTest" time="0"/>
  <testcase name="maxStackSize[72: WOOD_PLATE]" classname="org.bukkit.PerMaterialTest" time="0"/>
  <testcase name="isTransparent[72: WOOD_PLATE]" classname="org.bukkit.PerMaterialTest" time="0"/>
  <testcase name="isSolid[72: WOOD_PLATE]" classname="org.bukkit.PerMaterialTest" time="0"/>
  <testcase name="hasGravity[73: REDSTONE_ORE]" classname="org.bukkit.PerMaterialTest" time="0"/>
  <testcase name="isBurnable[73: REDSTONE_ORE]" classname="org.bukkit.PerMaterialTest" time="0"/>
  <testcase name="isEdible[73: REDSTONE_ORE]" classname="org.bukkit.PerMaterialTest" time="0"/>
  <testcase name="maxDurability[73: REDSTONE_ORE]" classname="org.bukkit.PerMaterialTest" time="0"/>
  <testcase name="isOccluding[73: REDSTONE_ORE]" classname="org.bukkit.PerMaterialTest" time="0"/>
  <testcase name="isRecord[73: REDSTONE_ORE]" classname="org.bukkit.PerMaterialTest" time="0.001"/>
  <testcase name="isFlammable[73: REDSTONE_ORE]" classname="org.bukkit.PerMaterialTest" time="0"/>
  <testcase name="maxStackSize[73: REDSTONE_ORE]" classname="org.bukkit.PerMaterialTest" time="0"/>
  <testcase name="isTransparent[73: REDSTONE_ORE]" classname="org.bukkit.PerMaterialTest" time="0"/>
  <testcase name="isSolid[73: REDSTONE_ORE]" classname="org.bukkit.PerMaterialTest" time="0"/>
  <testcase name="hasGravity[74: GLOWING_REDSTONE_ORE]" classname="org.bukkit.PerMaterialTest" time="0"/>
  <testcase name="isBurnable[74: GLOWING_REDSTONE_ORE]" classname="org.bukkit.PerMaterialTest" time="0"/>
  <testcase name="isEdible[74: GLOWING_REDSTONE_ORE]" classname="org.bukkit.PerMaterialTest" time="0"/>
  <testcase name="maxDurability[74: GLOWING_REDSTONE_ORE]" classname="org.bukkit.PerMaterialTest" time="0"/>
  <testcase name="isOccluding[74: GLOWING_REDSTONE_ORE]" classname="org.bukkit.PerMaterialTest" time="0"/>
  <testcase name="isRecord[74: GLOWING_REDSTONE_ORE]" classname="org.bukkit.PerMaterialTest" time="0"/>
  <testcase name="isFlammable[74: GLOWING_REDSTONE_ORE]" classname="org.bukkit.PerMaterialTest" time="0"/>
  <testcase name="maxStackSize[74: GLOWING_REDSTONE_ORE]" classname="org.bukkit.PerMaterialTest" time="0"/>
  <testcase name="isTransparent[74: GLOWING_REDSTONE_ORE]" classname="org.bukkit.PerMaterialTest" time="0"/>
  <testcase name="isSolid[74: GLOWING_REDSTONE_ORE]" classname="org.bukkit.PerMaterialTest" time="0"/>
  <testcase name="hasGravity[75: REDSTONE_TORCH_OFF]" classname="org.bukkit.PerMaterialTest" time="0"/>
  <testcase name="isBurnable[75: REDSTONE_TORCH_OFF]" classname="org.bukkit.PerMaterialTest" time="0"/>
  <testcase name="isEdible[75: REDSTONE_TORCH_OFF]" classname="org.bukkit.PerMaterialTest" time="0.001"/>
  <testcase name="maxDurability[75: REDSTONE_TORCH_OFF]" classname="org.bukkit.PerMaterialTest" time="0"/>
  <testcase name="isOccluding[75: REDSTONE_TORCH_OFF]" classname="org.bukkit.PerMaterialTest" time="0"/>
  <testcase name="isRecord[75: REDSTONE_TORCH_OFF]" classname="org.bukkit.PerMaterialTest" time="0"/>
  <testcase name="isFlammable[75: REDSTONE_TORCH_OFF]" classname="org.bukkit.PerMaterialTest" time="0"/>
  <testcase name="maxStackSize[75: REDSTONE_TORCH_OFF]" classname="org.bukkit.PerMaterialTest" time="0"/>
  <testcase name="isTransparent[75: REDSTONE_TORCH_OFF]" classname="org.bukkit.PerMaterialTest" time="0"/>
  <testcase name="isSolid[75: REDSTONE_TORCH_OFF]" classname="org.bukkit.PerMaterialTest" time="0"/>
  <testcase name="hasGravity[76: REDSTONE_TORCH_ON]" classname="org.bukkit.PerMaterialTest" time="0"/>
  <testcase name="isBurnable[76: REDSTONE_TORCH_ON]" classname="org.bukkit.PerMaterialTest" time="0"/>
  <testcase name="isEdible[76: REDSTONE_TORCH_ON]" classname="org.bukkit.PerMaterialTest" time="0"/>
  <testcase name="maxDurability[76: REDSTONE_TORCH_ON]" classname="org.bukkit.PerMaterialTest" time="0"/>
  <testcase name="isOccluding[76: REDSTONE_TORCH_ON]" classname="org.bukkit.PerMaterialTest" time="0"/>
  <testcase name="isRecord[76: REDSTONE_TORCH_ON]" classname="org.bukkit.PerMaterialTest" time="0"/>
  <testcase name="isFlammable[76: REDSTONE_TORCH_ON]" classname="org.bukkit.PerMaterialTest" time="0"/>
  <testcase name="maxStackSize[76: REDSTONE_TORCH_ON]" classname="org.bukkit.PerMaterialTest" time="0"/>
  <testcase name="isTransparent[76: REDSTONE_TORCH_ON]" classname="org.bukkit.PerMaterialTest" time="0"/>
  <testcase name="isSolid[76: REDSTONE_TORCH_ON]" classname="org.bukkit.PerMaterialTest" time="0.001"/>
  <testcase name="hasGravity[77: STONE_BUTTON]" classname="org.bukkit.PerMaterialTest" time="0"/>
  <testcase name="isBurnable[77: STONE_BUTTON]" classname="org.bukkit.PerMaterialTest" time="0"/>
  <testcase name="isEdible[77: STONE_BUTTON]" classname="org.bukkit.PerMaterialTest" time="0"/>
  <testcase name="maxDurability[77: STONE_BUTTON]" classname="org.bukkit.PerMaterialTest" time="0"/>
  <testcase name="isOccluding[77: STONE_BUTTON]" classname="org.bukkit.PerMaterialTest" time="0"/>
  <testcase name="isRecord[77: STONE_BUTTON]" classname="org.bukkit.PerMaterialTest" time="0"/>
  <testcase name="isFlammable[77: STONE_BUTTON]" classname="org.bukkit.PerMaterialTest" time="0"/>
  <testcase name="maxStackSize[77: STONE_BUTTON]" classname="org.bukkit.PerMaterialTest" time="0"/>
  <testcase name="isTransparent[77: STONE_BUTTON]" classname="org.bukkit.PerMaterialTest" time="0"/>
  <testcase name="isSolid[77: STONE_BUTTON]" classname="org.bukkit.PerMaterialTest" time="0"/>
  <testcase name="hasGravity[78: SNOW]" classname="org.bukkit.PerMaterialTest" time="0"/>
  <testcase name="isBurnable[78: SNOW]" classname="org.bukkit.PerMaterialTest" time="0"/>
  <testcase name="isEdible[78: SNOW]" classname="org.bukkit.PerMaterialTest" time="0"/>
  <testcase name="maxDurability[78: SNOW]" classname="org.bukkit.PerMaterialTest" time="0"/>
  <testcase name="isOccluding[78: SNOW]" classname="org.bukkit.PerMaterialTest" time="0"/>
  <testcase name="isRecord[78: SNOW]" classname="org.bukkit.PerMaterialTest" time="0"/>
  <testcase name="isFlammable[78: SNOW]" classname="org.bukkit.PerMaterialTest" time="0.001"/>
  <testcase name="maxStackSize[78: SNOW]" classname="org.bukkit.PerMaterialTest" time="0"/>
  <testcase name="isTransparent[78: SNOW]" classname="org.bukkit.PerMaterialTest" time="0"/>
  <testcase name="isSolid[78: SNOW]" classname="org.bukkit.PerMaterialTest" time="0"/>
  <testcase name="hasGravity[79: ICE]" classname="org.bukkit.PerMaterialTest" time="0"/>
  <testcase name="isBurnable[79: ICE]" classname="org.bukkit.PerMaterialTest" time="0"/>
  <testcase name="isEdible[79: ICE]" classname="org.bukkit.PerMaterialTest" time="0"/>
  <testcase name="maxDurability[79: ICE]" classname="org.bukkit.PerMaterialTest" time="0"/>
  <testcase name="isOccluding[79: ICE]" classname="org.bukkit.PerMaterialTest" time="0"/>
  <testcase name="isRecord[79: ICE]" classname="org.bukkit.PerMaterialTest" time="0"/>
  <testcase name="isFlammable[79: ICE]" classname="org.bukkit.PerMaterialTest" time="0"/>
  <testcase name="maxStackSize[79: ICE]" classname="org.bukkit.PerMaterialTest" time="0"/>
  <testcase name="isTransparent[79: ICE]" classname="org.bukkit.PerMaterialTest" time="0"/>
  <testcase name="isSolid[79: ICE]" classname="org.bukkit.PerMaterialTest" time="0"/>
  <testcase name="hasGravity[80: SNOW_BLOCK]" classname="org.bukkit.PerMaterialTest" time="0"/>
  <testcase name="isBurnable[80: SNOW_BLOCK]" classname="org.bukkit.PerMaterialTest" time="0"/>
  <testcase name="isEdible[80: SNOW_BLOCK]" classname="org.bukkit.PerMaterialTest" time="0"/>
  <testcase name="maxDurability[80: SNOW_BLOCK]" classname="org.bukkit.PerMaterialTest" time="0"/>
  <testcase name="isOccluding[80: SNOW_BLOCK]" classname="org.bukkit.PerMaterialTest" time="0"/>
  <testcase name="isRecord[80: SNOW_BLOCK]" classname="org.bukkit.PerMaterialTest" time="0"/>
  <testcase name="isFlammable[80: SNOW_BLOCK]" classname="org.bukkit.PerMaterialTest" time="0"/>
  <testcase name="maxStackSize[80: SNOW_BLOCK]" classname="org.bukkit.PerMaterialTest" time="0"/>
  <testcase name="isTransparent[80: SNOW_BLOCK]" classname="org.bukkit.PerMaterialTest" time="0"/>
  <testcase name="isSolid[80: SNOW_BLOCK]" classname="org.bukkit.PerMaterialTest" time="0"/>
  <testcase name="hasGravity[81: CACTUS]" classname="org.bukkit.PerMaterialTest" time="0"/>
  <testcase name="isBurnable[81: CACTUS]" classname="org.bukkit.PerMaterialTest" time="0"/>
  <testcase name="isEdible[81: CACTUS]" classname="org.bukkit.PerMaterialTest" time="0"/>
  <testcase name="maxDurability[81: CACTUS]" classname="org.bukkit.PerMaterialTest" time="0"/>
  <testcase name="isOccluding[81: CACTUS]" classname="org.bukkit.PerMaterialTest" time="0"/>
  <testcase name="isRecord[81: CACTUS]" classname="org.bukkit.PerMaterialTest" time="0"/>
  <testcase name="isFlammable[81: CACTUS]" classname="org.bukkit.PerMaterialTest" time="0"/>
  <testcase name="maxStackSize[81: CACTUS]" classname="org.bukkit.PerMaterialTest" time="0"/>
  <testcase name="isTransparent[81: CACTUS]" classname="org.bukkit.PerMaterialTest" time="0"/>
  <testcase name="isSolid[81: CACTUS]" classname="org.bukkit.PerMaterialTest" time="0"/>
  <testcase name="hasGravity[82: CLAY]" classname="org.bukkit.PerMaterialTest" time="0"/>
  <testcase name="isBurnable[82: CLAY]" classname="org.bukkit.PerMaterialTest" time="0"/>
  <testcase name="isEdible[82: CLAY]" classname="org.bukkit.PerMaterialTest" time="0"/>
  <testcase name="maxDurability[82: CLAY]" classname="org.bukkit.PerMaterialTest" time="0"/>
  <testcase name="isOccluding[82: CLAY]" classname="org.bukkit.PerMaterialTest" time="0"/>
  <testcase name="isRecord[82: CLAY]" classname="org.bukkit.PerMaterialTest" time="0"/>
  <testcase name="isFlammable[82: CLAY]" classname="org.bukkit.PerMaterialTest" time="0"/>
  <testcase name="maxStackSize[82: CLAY]" classname="org.bukkit.PerMaterialTest" time="0"/>
  <testcase name="isTransparent[82: CLAY]" classname="org.bukkit.PerMaterialTest" time="0"/>
  <testcase name="isSolid[82: CLAY]" classname="org.bukkit.PerMaterialTest" time="0"/>
  <testcase name="hasGravity[83: SUGAR_CANE_BLOCK]" classname="org.bukkit.PerMaterialTest" time="0"/>
  <testcase name="isBurnable[83: SUGAR_CANE_BLOCK]" classname="org.bukkit.PerMaterialTest" time="0"/>
  <testcase name="isEdible[83: SUGAR_CANE_BLOCK]" classname="org.bukkit.PerMaterialTest" time="0"/>
  <testcase name="maxDurability[83: SUGAR_CANE_BLOCK]" classname="org.bukkit.PerMaterialTest" time="0"/>
[...]
  <testcase name="maxStackSize[364: COMMAND_MINECART]" classname="org.bukkit.PerMaterialTest" time="0"/>
  <testcase name="isTransparent[364: COMMAND_MINECART]" classname="org.bukkit.PerMaterialTest" time="0"/>
  <testcase name="isSolid[364: COMMAND_MINECART]" classname="org.bukkit.PerMaterialTest" time="0"/>
  <testcase name="hasGravity[365: MUTTON]" classname="org.bukkit.PerMaterialTest" time="0"/>
  <testcase name="isBurnable[365: MUTTON]" classname="org.bukkit.PerMaterialTest" time="0"/>
  <testcase name="isEdible[365: MUTTON]" classname="org.bukkit.PerMaterialTest" time="0"/>
  <testcase name="maxDurability[365: MUTTON]" classname="org.bukkit.PerMaterialTest" time="0"/>
  <testcase name="isOccluding[365: MUTTON]" classname="org.bukkit.PerMaterialTest" time="0"/>
  <testcase name="isRecord[365: MUTTON]" classname="org.bukkit.PerMaterialTest" time="0"/>
  <testcase name="isFlammable[365: MUTTON]" classname="org.bukkit.PerMaterialTest" time="0.001"/>
  <testcase name="maxStackSize[365: MUTTON]" classname="org.bukkit.PerMaterialTest" time="0"/>
  <testcase name="isTransparent[365: MUTTON]" classname="org.bukkit.PerMaterialTest" time="0"/>
  <testcase name="isSolid[365: MUTTON]" classname="org.bukkit.PerMaterialTest" time="0"/>
  <testcase name="hasGravity[366: COOKED_MUTTON]" classname="org.bukkit.PerMaterialTest" time="0"/>
  <testcase name="isBurnable[366: COOKED_MUTTON]" classname="org.bukkit.PerMaterialTest" time="0"/>
  <testcase name="isEdible[366: COOKED_MUTTON]" classname="org.bukkit.PerMaterialTest" time="0"/>
  <testcase name="maxDurability[366: COOKED_MUTTON]" classname="org.bukkit.PerMaterialTest" time="0"/>
  <testcase name="isOccluding[366: COOKED_MUTTON]" classname="org.bukkit.PerMaterialTest" time="0"/>
  <testcase name="isRecord[366: COOKED_MUTTON]" classname="org.bukkit.PerMaterialTest" time="0"/>
  <testcase name="isFlammable[366: COOKED_MUTTON]" classname="org.bukkit.PerMaterialTest" time="0"/>
  <testcase name="maxStackSize[366: COOKED_MUTTON]" classname="org.bukkit.PerMaterialTest" time="0"/>
  <testcase name="isTransparent[366: COOKED_MUTTON]" classname="org.bukkit.PerMaterialTest" time="0"/>
  <testcase name="isSolid[366: COOKED_MUTTON]" classname="org.bukkit.PerMaterialTest" time="0"/>
  <testcase name="hasGravity[367: BANNER]" classname="org.bukkit.PerMaterialTest" time="0"/>
  <testcase name="isBurnable[367: BANNER]" classname="org.bukkit.PerMaterialTest" time="0"/>
  <testcase name="isEdible[367: BANNER]" classname="org.bukkit.PerMaterialTest" time="0"/>
  <testcase name="maxDurability[367: BANNER]" classname="org.bukkit.PerMaterialTest" time="0"/>
  <testcase name="isOccluding[367: BANNER]" classname="org.bukkit.PerMaterialTest" time="0"/>
  <testcase name="isRecord[367: BANNER]" classname="org.bukkit.PerMaterialTest" time="0"/>
  <testcase name="isFlammable[367: BANNER]" classname="org.bukkit.PerMaterialTest" time="0"/>
  <testcase name="maxStackSize[367: BANNER]" classname="org.bukkit.PerMaterialTest" time="0"/>
  <testcase name="isTransparent[367: BANNER]" classname="org.bukkit.PerMaterialTest" time="0"/>
  <testcase name="isSolid[367: BANNER]" classname="org.bukkit.PerMaterialTest" time="0"/>
  <testcase name="hasGravity[368: SPRUCE_DOOR_ITEM]" classname="org.bukkit.PerMaterialTest" time="0"/>
  <testcase name="isBurnable[368: SPRUCE_DOOR_ITEM]" classname="org.bukkit.PerMaterialTest" time="0"/>
  <testcase name="isEdible[368: SPRUCE_DOOR_ITEM]" classname="org.bukkit.PerMaterialTest" time="0"/>
  <testcase name="maxDurability[368: SPRUCE_DOOR_ITEM]" classname="org.bukkit.PerMaterialTest" time="0"/>
  <testcase name="isOccluding[368: SPRUCE_DOOR_ITEM]" classname="org.bukkit.PerMaterialTest" time="0"/>
  <testcase name="isRecord[368: SPRUCE_DOOR_ITEM]" classname="org.bukkit.PerMaterialTest" time="0"/>
  <testcase name="isFlammable[368: SPRUCE_DOOR_ITEM]" classname="org.bukkit.PerMaterialTest" time="0"/>
  <testcase name="maxStackSize[368: SPRUCE_DOOR_ITEM]" classname="org.bukkit.PerMaterialTest" time="0"/>
  <testcase name="isTransparent[368: SPRUCE_DOOR_ITEM]" classname="org.bukkit.PerMaterialTest" time="0"/>
  <testcase name="isSolid[368: SPRUCE_DOOR_ITEM]" classname="org.bukkit.PerMaterialTest" time="0"/>
  <testcase name="hasGravity[369: BIRCH_DOOR_ITEM]" classname="org.bukkit.PerMaterialTest" time="0"/>
  <testcase name="isBurnable[369: BIRCH_DOOR_ITEM]" classname="org.bukkit.PerMaterialTest" time="0"/>
  <testcase name="isEdible[369: BIRCH_DOOR_ITEM]" classname="org.bukkit.PerMaterialTest" time="0"/>
  <testcase name="maxDurability[369: BIRCH_DOOR_ITEM]" classname="org.bukkit.PerMaterialTest" time="0"/>
  <testcase name="isOccluding[369: BIRCH_DOOR_ITEM]" classname="org.bukkit.PerMaterialTest" time="0"/>
  <testcase name="isRecord[369: BIRCH_DOOR_ITEM]" classname="org.bukkit.PerMaterialTest" time="0"/>
  <testcase name="isFlammable[369: BIRCH_DOOR_ITEM]" classname="org.bukkit.PerMaterialTest" time="0"/>
  <testcase name="maxStackSize[369: BIRCH_DOOR_ITEM]" classname="org.bukkit.PerMaterialTest" time="0"/>
  <testcase name="isTransparent[369: BIRCH_DOOR_ITEM]" classname="org.bukkit.PerMaterialTest" time="0"/>
  <testcase name="isSolid[369: BIRCH_DOOR_ITEM]" classname="org.bukkit.PerMaterialTest" time="0"/>
  <testcase name="hasGravity[370: JUNGLE_DOOR_ITEM]" classname="org.bukkit.PerMaterialTest" time="0"/>
  <testcase name="isBurnable[370: JUNGLE_DOOR_ITEM]" classname="org.bukkit.PerMaterialTest" time="0"/>
  <testcase name="isEdible[370: JUNGLE_DOOR_ITEM]" classname="org.bukkit.PerMaterialTest" time="0"/>
  <testcase name="maxDurability[370: JUNGLE_DOOR_ITEM]" classname="org.bukkit.PerMaterialTest" time="0"/>
  <testcase name="isOccluding[370: JUNGLE_DOOR_ITEM]" classname="org.bukkit.PerMaterialTest" time="0"/>
  <testcase name="isRecord[370: JUNGLE_DOOR_ITEM]" classname="org.bukkit.PerMaterialTest" time="0"/>
  <testcase name="isFlammable[370: JUNGLE_DOOR_ITEM]" classname="org.bukkit.PerMaterialTest" time="0"/>
  <testcase name="maxStackSize[370: JUNGLE_DOOR_ITEM]" classname="org.bukkit.PerMaterialTest" time="0"/>
  <testcase name="isTransparent[370: JUNGLE_DOOR_ITEM]" classname="org.bukkit.PerMaterialTest" time="0"/>
  <testcase name="isSolid[370: JUNGLE_DOOR_ITEM]" classname="org.bukkit.PerMaterialTest" time="0"/>
  <testcase name="hasGravity[371: ACACIA_DOOR_ITEM]" classname="org.bukkit.PerMaterialTest" time="0"/>
  <testcase name="isBurnable[371: ACACIA_DOOR_ITEM]" classname="org.bukkit.PerMaterialTest" time="0"/>
  <testcase name="isEdible[371: ACACIA_DOOR_ITEM]" classname="org.bukkit.PerMaterialTest" time="0"/>
  <testcase name="maxDurability[371: ACACIA_DOOR_ITEM]" classname="org.bukkit.PerMaterialTest" time="0"/>
  <testcase name="isOccluding[371: ACACIA_DOOR_ITEM]" classname="org.bukkit.PerMaterialTest" time="0"/>
  <testcase name="isRecord[371: ACACIA_DOOR_ITEM]" classname="org.bukkit.PerMaterialTest" time="0"/>
  <testcase name="isFlammable[371: ACACIA_DOOR_ITEM]" classname="org.bukkit.PerMaterialTest" time="0"/>
  <testcase name="maxStackSize[371: ACACIA_DOOR_ITEM]" classname="org.bukkit.PerMaterialTest" time="0"/>
  <testcase name="isTransparent[371: ACACIA_DOOR_ITEM]" classname="org.bukkit.PerMaterialTest" time="0"/>
  <testcase name="isSolid[371: ACACIA_DOOR_ITEM]" classname="org.bukkit.PerMaterialTest" time="0"/>
  <testcase name="hasGravity[372: DARK_OAK_DOOR_ITEM]" classname="org.bukkit.PerMaterialTest" time="0"/>
  <testcase name="isBurnable[372: DARK_OAK_DOOR_ITEM]" classname="org.bukkit.PerMaterialTest" time="0.001"/>
  <testcase name="isEdible[372: DARK_OAK_DOOR_ITEM]" classname="org.bukkit.PerMaterialTest" time="0"/>
  <testcase name="maxDurability[372: DARK_OAK_DOOR_ITEM]" classname="org.bukkit.PerMaterialTest" time="0"/>
  <testcase name="isOccluding[372: DARK_OAK_DOOR_ITEM]" classname="org.bukkit.PerMaterialTest" time="0"/>
  <testcase name="isRecord[372: DARK_OAK_DOOR_ITEM]" classname="org.bukkit.PerMaterialTest" time="0"/>
  <testcase name="isFlammable[372: DARK_OAK_DOOR_ITEM]" classname="org.bukkit.PerMaterialTest" time="0"/>
  <testcase name="maxStackSize[372: DARK_OAK_DOOR_ITEM]" classname="org.bukkit.PerMaterialTest" time="0"/>
  <testcase name="isTransparent[372: DARK_OAK_DOOR_ITEM]" classname="org.bukkit.PerMaterialTest" time="0"/>
  <testcase name="isSolid[372: DARK_OAK_DOOR_ITEM]" classname="org.bukkit.PerMaterialTest" time="0"/>
  <testcase name="hasGravity[373: GOLD_RECORD]" classname="org.bukkit.PerMaterialTest" time="0"/>
  <testcase name="isBurnable[373: GOLD_RECORD]" classname="org.bukkit.PerMaterialTest" time="0"/>
  <testcase name="isEdible[373: GOLD_RECORD]" classname="org.bukkit.PerMaterialTest" time="0"/>
  <testcase name="maxDurability[373: GOLD_RECORD]" classname="org.bukkit.PerMaterialTest" time="0"/>
  <testcase name="isOccluding[373: GOLD_RECORD]" classname="org.bukkit.PerMaterialTest" time="0"/>
  <testcase name="isRecord[373: GOLD_RECORD]" classname="org.bukkit.PerMaterialTest" time="0"/>
  <testcase name="isFlammable[373: GOLD_RECORD]" classname="org.bukkit.PerMaterialTest" time="0"/>
  <testcase name="maxStackSize[373: GOLD_RECORD]" classname="org.bukkit.PerMaterialTest" time="0"/>
  <testcase name="isTransparent[373: GOLD_RECORD]" classname="org.bukkit.PerMaterialTest" time="0"/>
  <testcase name="isSolid[373: GOLD_RECORD]" classname="org.bukkit.PerMaterialTest" time="0"/>
  <testcase name="hasGravity[374: GREEN_RECORD]" classname="org.bukkit.PerMaterialTest" time="0"/>
  <testcase name="isBurnable[374: GREEN_RECORD]" classname="org.bukkit.PerMaterialTest" time="0"/>
  <testcase name="isEdible[374: GREEN_RECORD]" classname="org.bukkit.PerMaterialTest" time="0"/>
  <testcase name="maxDurability[374: GREEN_RECORD]" classname="org.bukkit.PerMaterialTest" time="0"/>
  <testcase name="isOccluding[374: GREEN_RECORD]" classname="org.bukkit.PerMaterialTest" time="0"/>
  <testcase name="isRecord[374: GREEN_RECORD]" classname="org.bukkit.PerMaterialTest" time="0"/>
  <testcase name="isFlammable[374: GREEN_RECORD]" classname="org.bukkit.PerMaterialTest" time="0"/>
  <testcase name="maxStackSize[374: GREEN_RECORD]" classname="org.bukkit.PerMaterialTest" time="0"/>
  <testcase name="isTransparent[374: GREEN_RECORD]" classname="org.bukkit.PerMaterialTest" time="0"/>
  <testcase name="isSolid[374: GREEN_RECORD]" classname="org.bukkit.PerMaterialTest" time="0"/>
  <testcase name="hasGravity[375: RECORD_3]" classname="org.bukkit.PerMaterialTest" time="0"/>
  <testcase name="isBurnable[375: RECORD_3]" classname="org.bukkit.PerMaterialTest" time="0"/>
  <testcase name="isEdible[375: RECORD_3]" classname="org.bukkit.PerMaterialTest" time="0"/>
  <testcase name="maxDurability[375: RECORD_3]" classname="org.bukkit.PerMaterialTest" time="0"/>
  <testcase name="isOccluding[375: RECORD_3]" classname="org.bukkit.PerMaterialTest" time="0.001"/>
  <testcase name="isRecord[375: RECORD_3]" classname="org.bukkit.PerMaterialTest" time="0"/>
  <testcase name="isFlammable[375: RECORD_3]" classname="org.bukkit.PerMaterialTest" time="0"/>
  <testcase name="maxStackSize[375: RECORD_3]" classname="org.bukkit.PerMaterialTest" time="0"/>
  <testcase name="isTransparent[375: RECORD_3]" classname="org.bukkit.PerMaterialTest" time="0"/>
  <testcase name="isSolid[375: RECORD_3]" classname="org.bukkit.PerMaterialTest" time="0"/>
  <testcase name="hasGravity[376: RECORD_4]" classname="org.bukkit.PerMaterialTest" time="0"/>
  <testcase name="isBurnable[376: RECORD_4]" classname="org.bukkit.PerMaterialTest" time="0"/>
  <testcase name="isEdible[376: RECORD_4]" classname="org.bukkit.PerMaterialTest" time="0"/>
  <testcase name="maxDurability[376: RECORD_4]" classname="org.bukkit.PerMaterialTest" time="0"/>
  <testcase name="isOccluding[376: RECORD_4]" classname="org.bukkit.PerMaterialTest" time="0"/>
  <testcase name="isRecord[376: RECORD_4]" classname="org.bukkit.PerMaterialTest" time="0"/>
  <testcase name="isFlammable[376: RECORD_4]" classname="org.bukkit.PerMaterialTest" time="0"/>
  <testcase name="maxStackSize[376: RECORD_4]" classname="org.bukkit.PerMaterialTest" time="0"/>
  <testcase name="isTransparent[376: RECORD_4]" classname="org.bukkit.PerMaterialTest" time="0"/>
  <testcase name="isSolid[376: RECORD_4]" classname="org.bukkit.PerMaterialTest" time="0"/>
  <testcase name="hasGravity[377: RECORD_5]" classname="org.bukkit.PerMaterialTest" time="0"/>
  <testcase name="isBurnable[377: RECORD_5]" classname="org.bukkit.PerMaterialTest" time="0"/>
  <testcase name="isEdible[377: RECORD_5]" classname="org.bukkit.PerMaterialTest" time="0"/>
  <testcase name="maxDurability[377: RECORD_5]" classname="org.bukkit.PerMaterialTest" time="0"/>
  <testcase name="isOccluding[377: RECORD_5]" classname="org.bukkit.PerMaterialTest" time="0"/>
  <testcase name="isRecord[377: RECORD_5]" classname="org.bukkit.PerMaterialTest" time="0"/>
  <testcase name="isFlammable[377: RECORD_5]" classname="org.bukkit.PerMaterialTest" time="0"/>
  <testcase name="maxStackSize[377: RECORD_5]" classname="org.bukkit.PerMaterialTest" time="0"/>
  <testcase name="isTransparent[377: RECORD_5]" classname="org.bukkit.PerMaterialTest" time="0"/>
  <testcase name="isSolid[377: RECORD_5]" classname="org.bukkit.PerMaterialTest" time="0"/>
  <testcase name="hasGravity[378: RECORD_6]" classname="org.bukkit.PerMaterialTest" time="0"/>
  <testcase name="isBurnable[378: RECORD_6]" classname="org.bukkit.PerMaterialTest" time="0"/>
  <testcase name="isEdible[378: RECORD_6]" classname="org.bukkit.PerMaterialTest" time="0"/>
  <testcase name="maxDurability[378: RECORD_6]" classname="org.bukkit.PerMaterialTest" time="0"/>
  <testcase name="isOccluding[378: RECORD_6]" classname="org.bukkit.PerMaterialTest" time="0"/>
  <testcase name="isRecord[378: RECORD_6]" classname="org.bukkit.PerMaterialTest" time="0"/>
  <testcase name="isFlammable[378: RECORD_6]" classname="org.bukkit.PerMaterialTest" time="0"/>
  <testcase name="maxStackSize[378: RECORD_6]" classname="org.bukkit.PerMaterialTest" time="0"/>
  <testcase name="isTransparent[378: RECORD_6]" classname="org.bukkit.PerMaterialTest" time="0"/>
  <testcase name="isSolid[378: RECORD_6]" classname="org.bukkit.PerMaterialTest" time="0"/>
  <testcase name="hasGravity[379: RECORD_7]" classname="org.bukkit.PerMaterialTest" time="0"/>
  <testcase name="isBurnable[379: RECORD_7]" classname="org.bukkit.PerMaterialTest" time="0"/>
  <testcase name="isEdible[379: RECORD_7]" classname="org.bukkit.PerMaterialTest" time="0"/>
  <testcase name="maxDurability[379: RECORD_7]" classname="org.bukkit.PerMaterialTest" time="0"/>
  <testcase name="isOccluding[379: RECORD_7]" classname="org.bukkit.PerMaterialTest" time="0"/>
  <testcase name="isRecord[379: RECORD_7]" classname="org.bukkit.PerMaterialTest" time="0"/>
  <testcase name="isFlammable[379: RECORD_7]" classname="org.bukkit.PerMaterialTest" time="0"/>
  <testcase name="maxStackSize[379: RECORD_7]" classname="org.bukkit.PerMaterialTest" time="0"/>
  <testcase name="isTransparent[379: RECORD_7]" classname="org.bukkit.PerMaterialTest" time="0"/>
  <testcase name="isSolid[379: RECORD_7]" classname="org.bukkit.PerMaterialTest" time="0"/>
  <testcase name="hasGravity[380: RECORD_8]" classname="org.bukkit.PerMaterialTest" time="0"/>
  <testcase name="isBurnable[380: RECORD_8]" classname="org.bukkit.PerMaterialTest" time="0"/>
  <testcase name="isEdible[380: RECORD_8]" classname="org.bukkit.PerMaterialTest" time="0"/>
  <testcase name="maxDurability[380: RECORD_8]" classname="org.bukkit.PerMaterialTest" time="0"/>
  <testcase name="isOccluding[380: RECORD_8]" classname="org.bukkit.PerMaterialTest" time="0"/>
  <testcase name="isRecord[380: RECORD_8]" classname="org.bukkit.PerMaterialTest" time="0"/>
  <testcase name="isFlammable[380: RECORD_8]" classname="org.bukkit.PerMaterialTest" time="0"/>
  <testcase name="maxStackSize[380: RECORD_8]" classname="org.bukkit.PerMaterialTest" time="0"/>
  <testcase name="isTransparent[380: RECORD_8]" classname="org.bukkit.PerMaterialTest" time="0"/>
  <testcase name="isSolid[380: RECORD_8]" classname="org.bukkit.PerMaterialTest" time="0"/>
  <testcase name="hasGravity[381: RECORD_9]" classname="org.bukkit.PerMaterialTest" time="0"/>
  <testcase name="isBurnable[381: RECORD_9]" classname="org.bukkit.PerMaterialTest" time="0"/>
  <testcase name="isEdible[381: RECORD_9]" classname="org.bukkit.PerMaterialTest" time="0"/>
  <testcase name="maxDurability[381: RECORD_9]" classname="org.bukkit.PerMaterialTest" time="0"/>
  <testcase name="isOccluding[381: RECORD_9]" classname="org.bukkit.PerMaterialTest" time="0"/>
  <testcase name="isRecord[381: RECORD_9]" classname="org.bukkit.PerMaterialTest" time="0"/>
  <testcase name="isFlammable[381: RECORD_9]" classname="org.bukkit.PerMaterialTest" time="0"/>
  <testcase name="maxStackSize[381: RECORD_9]" classname="org.bukkit.PerMaterialTest" time="0"/>
  <testcase name="isTransparent[381: RECORD_9]" classname="org.bukkit.PerMaterialTest" time="0"/>
  <testcase name="isSolid[381: RECORD_9]" classname="org.bukkit.PerMaterialTest" time="0"/>
  <testcase name="hasGravity[382: RECORD_10]" classname="org.bukkit.PerMaterialTest" time="0"/>
  <testcase name="isBurnable[382: RECORD_10]" classname="org.bukkit.PerMaterialTest" time="0"/>
  <testcase name="isEdible[382: RECORD_10]" classname="org.bukkit.PerMaterialTest" time="0"/>
  <testcase name="maxDurability[382: RECORD_10]" classname="org.bukkit.PerMaterialTest" time="0"/>
  <testcase name="isOccluding[382: RECORD_10]" classname="org.bukkit.PerMaterialTest" time="0"/>
  <testcase name="isRecord[382: RECORD_10]" classname="org.bukkit.PerMaterialTest" time="0"/>
  <testcase name="isFlammable[382: RECORD_10]" classname="org.bukkit.PerMaterialTest" time="0"/>
  <testcase name="maxStackSize[382: RECORD_10]" classname="org.bukkit.PerMaterialTest" time="0"/>
  <testcase name="isTransparent[382: RECORD_10]" classname="org.bukkit.PerMaterialTest" time="0.001"/>
  <testcase name="isSolid[382: RECORD_10]" classname="org.bukkit.PerMaterialTest" time="0"/>
  <testcase name="hasGravity[383: RECORD_11]" classname="org.bukkit.PerMaterialTest" time="0"/>
  <testcase name="isBurnable[383: RECORD_11]" classname="org.bukkit.PerMaterialTest" time="0"/>
  <testcase name="isEdible[383: RECORD_11]" classname="org.bukkit.PerMaterialTest" time="0"/>
  <testcase name="maxDurability[383: RECORD_11]" classname="org.bukkit.PerMaterialTest" time="0"/>
  <testcase name="isOccluding[383: RECORD_11]" classname="org.bukkit.PerMaterialTest" time="0"/>
  <testcase name="isRecord[383: RECORD_11]" classname="org.bukkit.PerMaterialTest" time="0"/>
  <testcase name="isFlammable[383: RECORD_11]" classname="org.bukkit.PerMaterialTest" time="0"/>
  <testcase name="maxStackSize[383: RECORD_11]" classname="org.bukkit.PerMaterialTest" time="0"/>
  <testcase name="isTransparent[383: RECORD_11]" classname="org.bukkit.PerMaterialTest" time="0"/>
  <testcase name="isSolid[383: RECORD_11]" classname="org.bukkit.PerMaterialTest" time="0"/>
  <testcase name="hasGravity[384: RECORD_12]" classname="org.bukkit.PerMaterialTest" time="0"/>
  <testcase name="isBurnable[384: RECORD_12]" classname="org.bukkit.PerMaterialTest" time="0"/>
  <testcase name="isEdible[384: RECORD_12]" classname="org.bukkit.PerMaterialTest" time="0"/>
  <testcase name="maxDurability[384: RECORD_12]" classname="org.bukkit.PerMaterialTest" time="0"/>
  <testcase name="isOccluding[384: RECORD_12]" classname="org.bukkit.PerMaterialTest" time="0"/>
  <testcase name="isRecord[384: RECORD_12]" classname="org.bukkit.PerMaterialTest" time="0"/>
  <testcase name="isFlammable[384: RECORD_12]" classname="org.bukkit.PerMaterialTest" time="0"/>
  <testcase name="maxStackSize[384: RECORD_12]" classname="org.bukkit.PerMaterialTest" time="0"/>
  <testcase name="isTransparent[384: RECORD_12]" classname="org.bukkit.PerMaterialTest" time="0"/>
  <testcase name="isSolid[384: RECORD_12]" classname="org.bukkit.PerMaterialTest" time="0"/>
</testsuite>