# JRE version: Java(TM) SE Runtime Environment (8.0_181-b13) (build 1.8.0_181-b13)
# Java VM: Java HotSpot(TM) 64-Bit Server VM (25.181-b13 mixed mode linux-amd64 compressed oops)
Heap:
 PSYoungGen      total 1166336K, used 8437K [0x000000076d380000, 0x00000007c0000000, 0x00000007c0000000)
  eden space 976384K, 0% used [0x000000076d380000,0x000000076d380000,0x00000007a8d00000)
  from space 189952K, 4% used [0x00000007a8d00000,0x00000007a953d6e0,0x00000007b4680000)
  to   space 186368K, 0% used [0x00000007b4a00000,0x00000007b4a00000,0x00000007c0000000)
 ParOldGen       total 871936K, used 871682K [0x00000006c7a00000, 0x00000006fcd80000, 0x000000076d380000)
  object space 871936K, 99% used [0x00000006c7a00000,0x00000006fcd40ac0,0x00000006fcd80000)
 Metaspace       used 21881K, capacity 22674K, committed 22912K, reserved 1069056K
  class space    used 2486K, capacity 2646K, committed 2688K, reserved 1048576K
GC Heap History (10 events):
Event: 106,336 GC heap after
Heap after GC invocations=18 (full 4):
 PSYoungGen      total 1094656K, used 118257K [0x000000076d380000, 0x00000007c0000000, 0x00000007c0000000)
  eden space 976384K, 0% used [0x000000076d380000,0x000000076d380000,0x00000007a8d00000)
  from space 118272K, 99% used [0x00000007b8c80000,0x00000007bfffc518,0x00000007c0000000)
  to   space 189952K, 0% used [0x00000007a8d00000,0x00000007a8d00000,0x00000007b4680000)
 ParOldGen       total 594432K, used 514915K [0x00000006c7a00000, 0x00000006ebe80000, 0x000000076d380000)
  object space 594432K, 86% used [0x00000006c7a00000,0x00000006e70d8f08,0x00000006ebe80000)
 Metaspace       used 21881K, capacity 22674K, committed 22912K, reserved 1069056K
  class space    used 2486K, capacity 2646K, committed 2688K, reserved 1048576K
}
Event: 106,336 GC heap before
{Heap before GC invocations=19 (full 5):
 PSYoungGen      total 1094656K, used 118257K [0x000000076d380000, 0x00000007c0000000, 0x00000007c0000000)
  eden space 976384K, 0% used [0x000000076d380000,0x000000076d380000,0x00000007a8d00000)
  from space 118272K, 99% used [0x00000007b8c80000,0x00000007bfffc518,0x00000007c0000000)
  to   space 189952K, 0% used [0x00000007a8d00000,0x00000007a8d00000,0x00000007b4680000)
 ParOldGen       total 594432K, used 514915K [0x00000006c7a00000, 0x00000006ebe80000, 0x000000076d380000)
  object space 594432K, 86% used [0x00000006c7a00000,0x00000006e70d8f08,0x00000006ebe80000)
 Metaspace       used 21881K, capacity 22674K, committed 22912K, reserved 1069056K
  class space    used 2486K, capacity 2646K, committed 2688K, reserved 1048576K
Event: 106,795 GC heap after
Heap after GC invocations=19 (full 5):
 PSYoungGen      total 1094656K, used 30338K [0x000000076d380000, 0x00000007c0000000, 0x00000007c0000000)
  eden space 976384K, 0% used [0x000000076d380000,0x000000076d380000,0x00000007a8d00000)
  from space 118272K, 25% used [0x00000007b8c80000,0x00000007baa20ab0,0x00000007c0000000)
  to   space 189952K, 0% used [0x00000007a8d00000,0x00000007a8d00000,0x00000007b4680000)
 ParOldGen       total 871936K, used 594049K [0x00000006c7a00000, 0x00000006fcd80000, 0x000000076d380000)
  object space 871936K, 68% used [0x00000006c7a00000,0x00000006ebe20668,0x00000006fcd80000)
 Metaspace       used 21881K, capacity 22674K, committed 22912K, reserved 1069056K
  class space    used 2486K, capacity 2646K, committed 2688K, reserved 1048576K
}
Event: 114,263 GC heap before
{Heap before GC invocations=20 (full 5):
 PSYoungGen      total 1094656K, used 1006722K [0x000000076d380000, 0x00000007c0000000, 0x00000007c0000000)
  eden space 976384K, 100% used [0x000000076d380000,0x00000007a8d00000,0x00000007a8d00000)
  from space 118272K, 25% used [0x00000007b8c80000,0x00000007baa20ab0,0x00000007c0000000)
  to   space 189952K, 0% used [0x00000007a8d00000,0x00000007a8d00000,0x00000007b4680000)
 ParOldGen       total 871936K, used 594049K [0x00000006c7a00000, 0x00000006fcd80000, 0x000000076d380000)
  object space 871936K, 68% used [0x00000006c7a00000,0x00000006ebe20668,0x00000006fcd80000)
 Metaspace       used 21881K, capacity 22674K, committed 22912K, reserved 1069056K
  class space    used 2486K, capacity 2646K, committed 2688K, reserved 1048576K
Event: 114,425 GC heap after
Heap after GC invocations=20 (full 5):
 PSYoungGen      total 1166336K, used 51765K [0x000000076d380000, 0x00000007c0000000, 0x00000007c0000000)
  eden space 976384K, 0% used [0x000000076d380000,0x000000076d380000,0x00000007a8d00000)
  from space 189952K, 27% used [0x00000007a8d00000,0x00000007abf8d7b0,0x00000007b4680000)
  to   space 179712K, 0% used [0x00000007b5080000,0x00000007b5080000,0x00000007c0000000)
 ParOldGen       total 871936K, used 625417K [0x00000006c7a00000, 0x00000006fcd80000, 0x000000076d380000)
  object space 871936K, 71% used [0x00000006c7a00000,0x00000006edcc2668,0x00000006fcd80000)
 Metaspace       used 21881K, capacity 22674K, committed 22912K, reserved 1069056K
  class space    used 2486K, capacity 2646K, committed 2688K, reserved 1048576K
}
Event: 124,938 GC heap before
{Heap before GC invocations=21 (full 5):
 PSYoungGen      total 1166336K, used 1028149K [0x000000076d380000, 0x00000007c0000000, 0x00000007c0000000)
  eden space 976384K, 100% used [0x000000076d380000,0x00000007a8d00000,0x00000007a8d00000)
  from space 189952K, 27% used [0x00000007a8d00000,0x00000007abf8d7b0,0x00000007b4680000)
  to   space 179712K, 0% used [0x00000007b5080000,0x00000007b5080000,0x00000007c0000000)
 ParOldGen       total 871936K, used 625417K [0x00000006c7a00000, 0x00000006fcd80000, 0x000000076d380000)
  object space 871936K, 71% used [0x00000006c7a00000,0x00000006edcc2668,0x00000006fcd80000)
 Metaspace       used 21881K, capacity 22674K, committed 22912K, reserved 1069056K
  class space    used 2486K, capacity 2646K, committed 2688K, reserved 1048576K
Event: 125,080 GC heap after
Heap after GC invocations=21 (full 5):
 PSYoungGen      total 1156096K, used 122252K [0x000000076d380000, 0x00000007c0000000, 0x00000007c0000000)
  eden space 976384K, 0% used [0x000000076d380000,0x000000076d380000,0x00000007a8d00000)
  from space 179712K, 68% used [0x00000007b5080000,0x00000007bc7e3128,0x00000007c0000000)
  to   space 189952K, 0% used [0x00000007a8d00000,0x00000007a8d00000,0x00000007b4680000)
 ParOldGen       total 871936K, used 673873K [0x00000006c7a00000, 0x00000006fcd80000, 0x000000076d380000)
  object space 871936K, 77% used [0x00000006c7a00000,0x00000006f0c14678,0x00000006fcd80000)
 Metaspace       used 21881K, capacity 22674K, committed 22912K, reserved 1069056K
  class space    used 2486K, capacity 2646K, committed 2688K, reserved 1048576K
}
Event: 130,972 GC heap before
{Heap before GC invocations=22 (full 5):
 PSYoungGen      total 1156096K, used 1098636K [0x000000076d380000, 0x00000007c0000000, 0x00000007c0000000)
  eden space 976384K, 100% used [0x000000076d380000,0x00000007a8d00000,0x00000007a8d00000)
  from space 179712K, 68% used [0x00000007b5080000,0x00000007bc7e3128,0x00000007c0000000)
  to   space 189952K, 0% used [0x00000007a8d00000,0x00000007a8d00000,0x00000007b4680000)
 ParOldGen       total 871936K, used 673873K [0x00000006c7a00000, 0x00000006fcd80000, 0x000000076d380000)
  object space 871936K, 77% used [0x00000006c7a00000,0x00000006f0c14678,0x00000006fcd80000)
 Metaspace       used 21881K, capacity 22674K, committed 22912K, reserved 1069056K
  class space    used 2486K, capacity 2646K, committed 2688K, reserved 1048576K
Event: 131,213 GC heap after
Heap after GC invocations=22 (full 5):
 PSYoungGen      total 1166336K, used 92128K [0x000000076d380000, 0x00000007c0000000, 0x00000007c0000000)
  eden space 976384K, 0% used [0x000000076d380000,0x000000076d380000,0x00000007a8d00000)
  from space 189952K, 48% used [0x00000007a8d00000,0x00000007ae6f8010,0x00000007b4680000)
  to   space 186368K, 0% used [0x00000007b4a00000,0x00000007b4a00000,0x00000007c0000000)
 ParOldGen       total 871936K, used 797235K [0x00000006c7a00000, 0x00000006fcd80000, 0x000000076d380000)
  object space 871936K, 91% used [0x00000006c7a00000,0x00000006f848ce20,0x00000006fcd80000)
 Metaspace       used 21881K, capacity 22674K, committed 22912K, reserved 1069056K
  class space    used 2486K, capacity 2646K, committed 2688K, reserved 1048576K
}
Event: 131,213 GC heap before
{Heap before GC invocations=23 (full 6):
 PSYoungGen      total 1166336K, used 92128K [0x000000076d380000, 0x00000007c0000000, 0x00000007c0000000)
  eden space 976384K, 0% used [0x000000076d380000,0x000000076d380000,0x00000007a8d00000)
  from space 189952K, 48% used [0x00000007a8d00000,0x00000007ae6f8010,0x00000007b4680000)
  to   space 186368K, 0% used [0x00000007b4a00000,0x00000007b4a00000,0x00000007c0000000)
 ParOldGen       total 871936K, used 797235K [0x00000006c7a00000, 0x00000006fcd80000, 0x000000076d380000)
  object space 871936K, 91% used [0x00000006c7a00000,0x00000006f848ce20,0x00000006fcd80000)
 Metaspace       used 21881K, capacity 22674K, committed 22912K, reserved 1069056K
  class space    used 2486K, capacity 2646K, committed 2688K, reserved 1048576K

