<?xml version="1.0" encoding="UTF-8"?>
<testsuite xmlns:xsi="http://www.w3.org/2001/XMLSchema-instance" xsi:noNamespaceSchemaLocation="https://maven.apache.org/surefire/maven-surefire-plugin/xsd/surefire-test-report.xsd" name="org.bukkit.plugin.messaging.StandardMessengerTest" time="0.296" tests="16" errors="0" skipped="0" failures="0">
  <properties>
[...]
</properties>
  <testcase name="testReservedOutgoingRegistration" classname="org.bukkit.plugin.messaging.StandardMessengerTest" time="0.004"/>
  <testcase name="testGetIncomingChannelRegistrations_Plugin" classname="org.bukkit.plugin.messaging.StandardMessengerTest" time="0.019"/>
  <testcase name="testUnregisterIncomingPluginChannel_Plugin_String" classname="org.bukkit.plugin.messaging.StandardMessengerTest" time="0.251"/>
  <testcase name="testUnregisterIncomingPluginChannel_Plugin" classname="org.bukkit.plugin.messaging.StandardMessengerTest" time="0.001"/>
  <testcase name="testGetIncomingChannelRegistrations_String" classname="org.bukkit.plugin.messaging.StandardMessengerTest" time="0.001"/>
  <testcase name="testRegisterIncomingPluginChannel" classname="org.bukkit.plugin.messaging.StandardMessengerTest" time="0.001"/>
  <testcase name="testUnregisterOutgoingPluginChannel_Plugin" classname="org.bukkit.plugin.messaging.StandardMessengerTest" time="0.001"/>
  <testcase name="testGetOutgoingChannels" classname="org.bukkit.plugin.messaging.StandardMessengerTest" time="0"/>
  <testcase name="testGetOutgoingChannels_Plugin" classname="org.bukkit.plugin.messaging.StandardMessengerTest" time="0"/>
  <testcase name="testDuplicateIncomingRegistration" classname="org.bukkit.plugin.messaging.StandardMessengerTest" time="0"/>
  <testcase name="testGetIncomingChannelRegistrations_Plugin_String" classname="org.bukkit.plugin.messaging.StandardMessengerTest" time="0.002"/>
  <testcase name="testReservedIncomingRegistration" classname="org.bukkit.plugin.messaging.StandardMessengerTest" time="0.001"/>
  <testcase name="testGetIncomingChannels_Plugin" classname="org.bukkit.plugin.messaging.StandardMessengerTest" time="0.001"/>
  <testcase name="testRegisterAndUnregisterOutgoingPluginChannel" classname="org.bukkit.plugin.messaging.StandardMessengerTest" time="0.001"/>
  <testcase name="testGetIncomingChannels" classname="org.bukkit.plugin.messaging.StandardMessengerTest" time="0.001"/>
  <testcase name="testIsReservedChannel" classname="org.bukkit.plugin.messaging.StandardMessengerTest" time="0.001"/>
</testsuite>