<?xml version="1.0" encoding="UTF-8"?>
<testsuite xmlns:xsi="http://www.w3.org/2001/XMLSchema-instance" xsi:noNamespaceSchemaLocation="https://maven.apache.org/surefire/maven-surefire-plugin/xsd/surefire-test-report.xsd" name="org.bukkit.BukkitMirrorTest" time="0.083" tests="500" errors="0" skipped="0" failures="0">
  <properties>
[...]
</properties>
  <testcase name="isStatic[0: java.util.logging.Logger org.bukkit.Server.getLogger{}]" classname="org.bukkit.BukkitMirrorTest" time="0"/>
  <testcase name="isDeprecated[0: java.util.logging.Logger org.bukkit.Server.getLogger{}]" classname="org.bukkit.BukkitMirrorTest" time="0"/>
  <testcase name="parameterTypes[0: java.util.logging.Logger org.bukkit.Server.getLogger{}]" classname="org.bukkit.BukkitMirrorTest" time="0"/>
  <testcase name="returnType[0: java.util.logging.Logger org.bukkit.Server.getLogger{}]" classname="org.bukkit.BukkitMirrorTest" time="0"/>
  <testcase name="declaredException[0: java.util.logging.Logger org.bukkit.Server.getLogger{}]" classname="org.bukkit.BukkitMirrorTest" time="0"/>
  <testcase name="isStatic[1: void org.bukkit.Server.reload{}]" classname="org.bukkit.BukkitMirrorTest" time="0"/>
  <testcase name="isDeprecated[1: void org.bukkit.Server.reload{}]" classname="org.bukkit.BukkitMirrorTest" time="0"/>
  <testcase name="parameterTypes[1: void org.bukkit.Server.reload{}]" classname="org.bukkit.BukkitMirrorTest" time="0"/>
  <testcase name="returnType[1: void org.bukkit.Server.reload{}]" classname="org.bukkit.BukkitMirrorTest" time="0"/>
  <testcase name="declaredException[1: void org.bukkit.Server.reload{}]" classname="org.bukkit.BukkitMirrorTest" time="0"/>
  <testcase name="isStatic[2: java.lang.String org.bukkit.Server.getVersion{}]" classname="org.bukkit.BukkitMirrorTest" time="0"/>
  <testcase name="isDeprecated[2: java.lang.String org.bukkit.Server.getVersion{}]" classname="org.bukkit.BukkitMirrorTest" time="0"/>
  <testcase name="parameterTypes[2: java.lang.String org.bukkit.Server.getVersion{}]" classname="org.bukkit.BukkitMirrorTest" time="0"/>
  <testcase name="returnType[2: java.lang.String org.bukkit.Server.getVersion{}]" classname="org.bukkit.BukkitMirrorTest" time="0"/>
  <testcase name="declaredException[2: java.lang.String org.bukkit.Server.getVersion{}]" classname="org.bukkit.BukkitMirrorTest" time="0"/>
  <testcase name="isStatic[3: boolean org.bukkit.Server.isPrimaryThread{}]" classname="org.bukkit.BukkitMirrorTest" time="0"/>
  <testcase name="isDeprecated[3: boolean org.bukkit.Server.isPrimaryThread{}]" classname="org.bukkit.BukkitMirrorTest" time="0"/>
  <testcase name="parameterTypes[3: boolean org.bukkit.Server.isPrimaryThread{}]" classname="org.bukkit.BukkitMirrorTest" time="0"/>
  <testcase name="returnType[3: boolean org.bukkit.Server.isPrimaryThread{}]" classname="org.bukkit.BukkitMirrorTest" time="0.001"/>
  <testcase name="declaredException[3: boolean org.bukkit.Server.isPrimaryThread{}]" classname="org.bukkit.BukkitMirrorTest" time="0"/>
  <testcase name="isStatic[4: org.bukkit.plugin.PluginManager org.bukkit.Server.getPluginManager{}]" classname="org.bukkit.BukkitMirrorTest" time="0"/>
  <testcase name="isDeprecated[4: org.bukkit.plugin.PluginManager org.bukkit.Server.getPluginManager{}]" classname="org.bukkit.BukkitMirrorTest" time="0"/>
  <testcase name="parameterTypes[4: org.bukkit.plugin.PluginManager org.bukkit.Server.getPluginManager{}]" classname="org.bukkit.BukkitMirrorTest" time="0"/>
  <testcase name="returnType[4: org.bukkit.plugin.PluginManager org.bukkit.Server.getPluginManager{}]" classname="org.bukkit.BukkitMirrorTest" time="0"/>
  <testcase name="declaredException[4: org.bukkit.plugin.PluginManager org.bukkit.Server.getPluginManager{}]" classname="org.bukkit.BukkitMirrorTest" time="0"/>
  <testcase name="isStatic[5: java.lang.String org.bukkit.Server.getBukkitVersion{}]" classname="org.bukkit.BukkitMirrorTest" time="0"/>
  <testcase name="isDeprecated[5: java.lang.String org.bukkit.Server.getBukkitVersion{}]" classname="org.bukkit.BukkitMirrorTest" time="0"/>
  <testcase name="parameterTypes[5: java.lang.String org.bukkit.Server.getBukkitVersion{}]" classname="org.bukkit.BukkitMirrorTest" time="0"/>
  <testcase name="returnType[5: java.lang.String org.bukkit.Server.getBukkitVersion{}]" classname="org.bukkit.BukkitMirrorTest" time="0"/>
  <testcase name="declaredException[5: java.lang.String org.bukkit.Server.getBukkitVersion{}]" classname="org.bukkit.BukkitMirrorTest" time="0"/>
  <testcase name="isStatic[6: boolean org.bukkit.Server.getAllowFlight{}]" classname="org.bukkit.BukkitMirrorTest" time="0"/>
  <testcase name="isDeprecated[6: boolean org.bukkit.Server.getAllowFlight{}]" classname="org.bukkit.BukkitMirrorTest" time="0"/>
  <testcase name="parameterTypes[6: boolean org.bukkit.Server.getAllowFlight{}]" classname="org.bukkit.BukkitMirrorTest" time="0"/>
  <testcase name="returnType[6: boolean org.bukkit.Server.getAllowFlight{}]" classname="org.bukkit.BukkitMirrorTest" time="0"/>
  <testcase name="declaredException[6: boolean org.bukkit.Server.getAllowFlight{}]" classname="org.bukkit.BukkitMirrorTest" time="0"/>
  <testcase name="isStatic[7: org.bukkit.Server$Spigot org.bukkit.Server.spigot{}]" classname="org.bukkit.BukkitMirrorTest" time="0"/>
  <testcase name="isDeprecated[7: org.bukkit.Server$Spigot org.bukkit.Server.spigot{}]" classname="org.bukkit.BukkitMirrorTest" time="0"/>
  <testcase name="parameterTypes[7: org.bukkit.Server$Spigot org.bukkit.Server.spigot{}]" classname="org.bukkit.BukkitMirrorTest" time="0"/>
  <testcase name="returnType[7: org.bukkit.Server$Spigot org.bukkit.Server.spigot{}]" classname="org.bukkit.BukkitMirrorTest" time="0"/>
  <testcase name="declaredException[7: org.bukkit.Server$Spigot org.bukkit.Server.spigot{}]" classname="org.bukkit.BukkitMirrorTest" time="0"/>
  <testcase name="isStatic[8: org.bukkit.entity.Player org.bukkit.Server.getPlayer{java.util.UUID}]" classname="org.bukkit.BukkitMirrorTest" time="0"/>
  <testcase name="isDeprecated[8: org.bukkit.entity.Player org.bukkit.Server.getPlayer{java.util.UUID}]" classname="org.bukkit.BukkitMirrorTest" time="0"/>
  <testcase name="parameterTypes[8: org.bukkit.entity.Player org.bukkit.Server.getPlayer{java.util.UUID}]" classname="org.bukkit.BukkitMirrorTest" time="0.001"/>
  <testcase name="returnType[8: org.bukkit.entity.Player org.bukkit.Server.getPlayer{java.util.UUID}]" classname="org.bukkit.BukkitMirrorTest" time="0"/>
  <testcase name="declaredException[8: org.bukkit.entity.Player org.bukkit.Server.getPlayer{java.util.UUID}]" classname="org.bukkit.BukkitMirrorTest" time="0"/>
  <testcase name="isStatic[9: org.bukkit.entity.Player org.bukkit.Server.getPlayer{java.lang.String}]" classname="org.bukkit.BukkitMirrorTest" time="0"/>
  <testcase name="isDeprecated[9: org.bukkit.entity.Player org.bukkit.Server.getPlayer{java.lang.String}]" classname="org.bukkit.BukkitMirrorTest" time="0"/>
  <testcase name="parameterTypes[9: org.bukkit.entity.Player org.bukkit.Server.getPlayer{java.lang.String}]" classname="org.bukkit.BukkitMirrorTest" time="0"/>
  <testcase name="returnType[9: org.bukkit.entity.Player org.bukkit.Server.getPlayer{java.lang.String}]" classname="org.bukkit.BukkitMirrorTest" time="0"/>
  <testcase name="declaredException[9: org.bukkit.entity.Player org.bukkit.Server.getPlayer{java.lang.String}]" classname="org.bukkit.BukkitMirrorTest" time="0"/>
  <testcase name="isStatic[10: org.bukkit.plugin.messaging.Messenger org.bukkit.Server.getMessenger{}]" classname="org.bukkit.BukkitMirrorTest" time="0.001"/>
  <testcase name="isDeprecated[10: org.bukkit.plugin.messaging.Messenger org.bukkit.Server.getMessenger{}]" classname="org.bukkit.BukkitMirrorTest" time="0"/>
  <testcase name="parameterTypes[10: org.bukkit.plugin.messaging.Messenger org.bukkit.Server.getMessenger{}]" classname="org.bukkit.BukkitMirrorTest" time="0"/>
  <testcase name="returnType[10: org.bukkit.plugin.messaging.Messenger org.bukkit.Server.getMessenger{}]" classname="org.bukkit.BukkitMirrorTest" time="0"/>
  <testcase name="declaredException[10: org.bukkit.plugin.messaging.Messenger org.bukkit.Server.getMessenger{}]" classname="org.bukkit.BukkitMirrorTest" time="0"/>
  <testcase name="isStatic[11: org.bukkit.World org.bukkit.Server.getWorld{java.util.UUID}]" classname="org.bukkit.BukkitMirrorTest" time="0"/>
  <testcase name="isDeprecated[11: org.bukkit.World org.bukkit.Server.getWorld{java.util.UUID}]" classname="org.bukkit.BukkitMirrorTest" time="0"/>
  <testcase name="parameterTypes[11: org.bukkit.World org.bukkit.Server.getWorld{java.util.UUID}]" classname="org.bukkit.BukkitMirrorTest" time="0"/>
  <testcase name="returnType[11: org.bukkit.World org.bukkit.Server.getWorld{java.util.UUID}]" classname="org.bukkit.BukkitMirrorTest" time="0.001"/>
  <testcase name="declaredException[11: org.bukkit.World org.bukkit.Server.getWorld{java.util.UUID}]" classname="org.bukkit.BukkitMirrorTest" time="0"/>
  <testcase name="isStatic[12: org.bukkit.World org.bukkit.Server.getWorld{java.lang.String}]" classname="org.bukkit.BukkitMirrorTest" time="0"/>
  <testcase name="isDeprecated[12: org.bukkit.World org.bukkit.Server.getWorld{java.lang.String}]" classname="org.bukkit.BukkitMirrorTest" time="0"/>
  <testcase name="parameterTypes[12: org.bukkit.World org.bukkit.Server.getWorld{java.lang.String}]" classname="org.bukkit.BukkitMirrorTest" time="0"/>
  <testcase name="returnType[12: org.bukkit.World org.bukkit.Server.getWorld{java.lang.String}]" classname="org.bukkit.BukkitMirrorTest" time="0"/>
  <testcase name="declaredException[12: org.bukkit.World org.bukkit.Server.getWorld{java.lang.String}]" classname="org.bukkit.BukkitMirrorTest" time="0"/>
  <testcase name="isStatic[13: org.bukkit.command.ConsoleCommandSender org.bukkit.Server.getConsoleSender{}]" classname="org.bukkit.BukkitMirrorTest" time="0"/>
  <testcase name="isDeprecated[13: org.bukkit.command.ConsoleCommandSender org.bukkit.Server.getConsoleSender{}]" classname="org.bukkit.BukkitMirrorTest" time="0"/>
  <testcase name="parameterTypes[13: org.bukkit.command.ConsoleCommandSender org.bukkit.Server.getConsoleSender{}]" classname="org.bukkit.BukkitMirrorTest" time="0"/>
  <testcase name="returnType[13: org.bukkit.command.ConsoleCommandSender org.bukkit.Server.getConsoleSender{}]" classname="org.bukkit.BukkitMirrorTest" time="0"/>
  <testcase name="declaredException[13: org.bukkit.command.ConsoleCommandSender org.bukkit.Server.getConsoleSender{}]" classname="org.bukkit.BukkitMirrorTest" time="0"/>
  <testcase name="isStatic[14: java.util.Collection&lt;? extends org.bukkit.entity.Player&gt; org.bukkit.Server.getOnlinePlayers{}]" classname="org.bukkit.BukkitMirrorTest" time="0"/>
  <testcase name="isDeprecated[14: java.util.Collection&lt;? extends org.bukkit.entity.Player&gt; org.bukkit.Server.getOnlinePlayers{}]" classname="org.bukkit.BukkitMirrorTest" time="0"/>
  <testcase name="parameterTypes[14: java.util.Collection&lt;? extends org.bukkit.entity.Player&gt; org.bukkit.Server.getOnlinePlayers{}]" classname="org.bukkit.BukkitMirrorTest" time="0"/>
  <testcase name="returnType[14: java.util.Collection&lt;? extends org.bukkit.entity.Player&gt; org.bukkit.Server.getOnlinePlayers{}]" classname="org.bukkit.BukkitMirrorTest" time="0"/>
  <testcase name="declaredException[14: java.util.Collection&lt;? extends org.bukkit.entity.Player&gt; org.bukkit.Server.getOnlinePlayers{}]" classname="org.bukkit.BukkitMirrorTest" time="0"/>
  <testcase name="isStatic[15: org.bukkit.generator.ChunkGenerator$ChunkData org.bukkit.Server.createChunkData{org.bukkit.World}]" classname="org.bukkit.BukkitMirrorTest" time="0"/>
  <testcase name="isDeprecated[15: org.bukkit.generator.ChunkGenerator$ChunkData org.bukkit.Server.createChunkData{org.bukkit.World}]" classname="org.bukkit.BukkitMirrorTest" time="0.001"/>
  <testcase name="parameterTypes[15: org.bukkit.generator.ChunkGenerator$ChunkData org.bukkit.Server.createChunkData{org.bukkit.World}]" classname="org.bukkit.BukkitMirrorTest" time="0"/>
  <testcase name="returnType[15: org.bukkit.generator.ChunkGenerator$ChunkData org.bukkit.Server.createChunkData{org.bukkit.World}]" classname="org.bukkit.BukkitMirrorTest" time="0"/>
  <testcase name="declaredException[15: org.bukkit.generator.ChunkGenerator$ChunkData org.bukkit.Server.createChunkData{org.bukkit.World}]" classname="org.bukkit.BukkitMirrorTest" time="0"/>
  <testcase name="isStatic[16: java.lang.String org.bukkit.Server.getIp{}]" classname="org.bukkit.BukkitMirrorTest" time="0"/>
  <testcase name="isDeprecated[16: java.lang.String org.bukkit.Server.getIp{}]" classname="org.bukkit.BukkitMirrorTest" time="0"/>
  <testcase name="parameterTypes[16: java.lang.String org.bukkit.Server.getIp{}]" classname="org.bukkit.BukkitMirrorTest" time="0"/>
  <testcase name="returnType[16: java.lang.String org.bukkit.Server.getIp{}]" classname="org.bukkit.BukkitMirrorTest" time="0"/>
  <testcase name="declaredException[16: java.lang.String org.bukkit.Server.getIp{}]" classname="org.bukkit.BukkitMirrorTest" time="0"/>
  <testcase name="isStatic[17: int org.bukkit.Server.getViewDistance{}]" classname="org.bukkit.BukkitMirrorTest" time="0"/>
  <testcase name="isDeprecated[17: int org.bukkit.Server.getViewDistance{}]" classname="org.bukkit.BukkitMirrorTest" time="0"/>
  <testcase name="parameterTypes[17: int org.bukkit.Server.getViewDistance{}]" classname="org.bukkit.BukkitMirrorTest" time="0"/>
  <testcase name="returnType[17: int org.bukkit.Server.getViewDistance{}]" classname="org.bukkit.BukkitMirrorTest" time="0"/>
  <testcase name="declaredException[17: int org.bukkit.Server.getViewDistance{}]" classname="org.bukkit.BukkitMirrorTest" time="0"/>
  <testcase name="isStatic[18: java.lang.String org.bukkit.Server.getServerName{}]" classname="org.bukkit.BukkitMirrorTest" time="0"/>
  <testcase name="isDeprecated[18: java.lang.String org.bukkit.Server.getServerName{}]" classname="org.bukkit.BukkitMirrorTest" time="0"/>
  <testcase name="parameterTypes[18: java.lang.String org.bukkit.Server.getServerName{}]" classname="org.bukkit.BukkitMirrorTest" time="0"/>
  <testcase name="returnType[18: java.lang.String org.bukkit.Server.getServerName{}]" classname="org.bukkit.BukkitMirrorTest" time="0"/>
  <testcase name="declaredException[18: java.lang.String org.bukkit.Server.getServerName{}]" classname="org.bukkit.BukkitMirrorTest" time="0"/>
  <testcase name="isStatic[19: java.lang.String org.bukkit.Server.getWorldType{}]" classname="org.bukkit.BukkitMirrorTest" time="0.001"/>
  <testcase name="isDeprecated[19: java.lang.String org.bukkit.Server.getWorldType{}]" classname="org.bukkit.BukkitMirrorTest" time="0"/>
  <testcase name="parameterTypes[19: java.lang.String org.bukkit.Server.getWorldType{}]" classname="org.bukkit.BukkitMirrorTest" time="0"/>
  <testcase name="returnType[19: java.lang.String org.bukkit.Server.getWorldType{}]" classname="org.bukkit.BukkitMirrorTest" time="0"/>
  <testcase name="declaredException[19: java.lang.String org.bukkit.Server.getWorldType{}]" classname="org.bukkit.BukkitMirrorTest" time="0"/>
  <testcase name="isStatic[20: int org.bukkit.Server.getMaxPlayers{}]" classname="org.bukkit.BukkitMirrorTest" time="0"/>
  <testcase name="isDeprecated[20: int org.bukkit.Server.getMaxPlayers{}]" classname="org.bukkit.BukkitMirrorTest" time="0"/>
  <testcase name="parameterTypes[20: int org.bukkit.Server.getMaxPlayers{}]" classname="org.bukkit.BukkitMirrorTest" time="0"/>
  <testcase name="returnType[20: int org.bukkit.Server.getMaxPlayers{}]" classname="org.bukkit.BukkitMirrorTest" time="0"/>
  <testcase name="declaredException[20: int org.bukkit.Server.getMaxPlayers{}]" classname="org.bukkit.BukkitMirrorTest" time="0"/>
  <testcase name="isStatic[21: org.bukkit.entity.Player[] org.bukkit.Server._INVALID_getOnlinePlayers{}]" classname="org.bukkit.BukkitMirrorTest" time="0"/>
  <testcase name="isDeprecated[21: org.bukkit.entity.Player[] org.bukkit.Server._INVALID_getOnlinePlayers{}]" classname="org.bukkit.BukkitMirrorTest" time="0.001"/>
  <testcase name="parameterTypes[21: org.bukkit.entity.Player[] org.bukkit.Server._INVALID_getOnlinePlayers{}]" classname="org.bukkit.BukkitMirrorTest" time="0"/>
  <testcase name="returnType[21: org.bukkit.entity.Player[] org.bukkit.Server._INVALID_getOnlinePlayers{}]" classname="org.bukkit.BukkitMirrorTest" time="0"/>
  <testcase name="declaredException[21: org.bukkit.entity.Player[] org.bukkit.Server._INVALID_getOnlinePlayers{}]" classname="org.bukkit.BukkitMirrorTest" time="0"/>
  <testcase name="isStatic[22: boolean org.bukkit.Server.getGenerateStructures{}]" classname="org.bukkit.BukkitMirrorTest" time="0"/>
  <testcase name="isDeprecated[22: boolean org.bukkit.Server.getGenerateStructures{}]" classname="org.bukkit.BukkitMirrorTest" time="0"/>
  <testcase name="parameterTypes[22: boolean org.bukkit.Server.getGenerateStructures{}]" classname="org.bukkit.BukkitMirrorTest" time="0.001"/>
  <testcase name="returnType[22: boolean org.bukkit.Server.getGenerateStructures{}]" classname="org.bukkit.BukkitMirrorTest" time="0"/>
  <testcase name="declaredException[22: boolean org.bukkit.Server.getGenerateStructures{}]" classname="org.bukkit.BukkitMirrorTest" time="0"/>
  <testcase name="isStatic[23: boolean org.bukkit.Server.getAllowEnd{}]" classname="org.bukkit.BukkitMirrorTest" time="0"/>
  <testcase name="isDeprecated[23: boolean org.bukkit.Server.getAllowEnd{}]" classname="org.bukkit.BukkitMirrorTest" time="0"/>
  <testcase name="parameterTypes[23: boolean org.bukkit.Server.getAllowEnd{}]" classname="org.bukkit.BukkitMirrorTest" time="0"/>
  <testcase name="returnType[23: boolean org.bukkit.Server.getAllowEnd{}]" classname="org.bukkit.BukkitMirrorTest" time="0"/>
  <testcase name="declaredException[23: boolean org.bukkit.Server.getAllowEnd{}]" classname="org.bukkit.BukkitMirrorTest" time="0"/>
  <testcase name="isStatic[24: boolean org.bukkit.Server.getAllowNether{}]" classname="org.bukkit.BukkitMirrorTest" time="0"/>
  <testcase name="isDeprecated[24: boolean org.bukkit.Server.getAllowNether{}]" classname="org.bukkit.BukkitMirrorTest" time="0"/>
  <testcase name="parameterTypes[24: boolean org.bukkit.Server.getAllowNether{}]" classname="org.bukkit.BukkitMirrorTest" time="0"/>
  <testcase name="returnType[24: boolean org.bukkit.Server.getAllowNether{}]" classname="org.bukkit.BukkitMirrorTest" time="0"/>
  <testcase name="declaredException[24: boolean org.bukkit.Server.getAllowNether{}]" classname="org.bukkit.BukkitMirrorTest" time="0.001"/>
  <testcase name="isStatic[25: boolean org.bukkit.Server.hasWhitelist{}]" classname="org.bukkit.BukkitMirrorTest" time="0"/>
  <testcase name="isDeprecated[25: boolean org.bukkit.Server.hasWhitelist{}]" classname="org.bukkit.BukkitMirrorTest" time="0"/>
  <testcase name="parameterTypes[25: boolean org.bukkit.Server.hasWhitelist{}]" classname="org.bukkit.BukkitMirrorTest" time="0"/>
  <testcase name="returnType[25: boolean org.bukkit.Server.hasWhitelist{}]" classname="org.bukkit.BukkitMirrorTest" time="0"/>
  <testcase name="declaredException[25: boolean org.bukkit.Server.hasWhitelist{}]" classname="org.bukkit.BukkitMirrorTest" time="0"/>
  <testcase name="isStatic[26: void org.bukkit.Server.setWhitelist{boolean}]" classname="org.bukkit.BukkitMirrorTest" time="0"/>
  <testcase name="isDeprecated[26: void org.bukkit.Server.setWhitelist{boolean}]" classname="org.bukkit.BukkitMirrorTest" time="0"/>
  <testcase name="parameterTypes[26: void org.bukkit.Server.setWhitelist{boolean}]" classname="org.bukkit.BukkitMirrorTest" time="0"/>
  <testcase name="returnType[26: void org.bukkit.Server.setWhitelist{boolean}]" classname="org.bukkit.BukkitMirrorTest" time="0"/>
  <testcase name="declaredException[26: void org.bukkit.Server.setWhitelist{boolean}]" classname="org.bukkit.BukkitMirrorTest" time="0"/>
  <testcase name="isStatic[27: java.util.Set&lt;org.bukkit.OfflinePlayer&gt; org.bukkit.Server.getWhitelistedPlayers{}]" classname="org.bukkit.BukkitMirrorTest" time="0"/>
  <testcase name="isDeprecated[27: java.util.Set&lt;org.bukkit.OfflinePlayer&gt; org.bukkit.Server.getWhitelistedPlayers{}]" classname="org.bukkit.BukkitMirrorTest" time="0"/>
  <testcase name="parameterTypes[27: java.util.Set&lt;org.bukkit.OfflinePlayer&gt; org.bukkit.Server.getWhitelistedPlayers{}]" classname="org.bukkit.BukkitMirrorTest" time="0"/>
  <testcase name="returnType[27: java.util.Set&lt;org.bukkit.OfflinePlayer&gt; org.bukkit.Server.getWhitelistedPlayers{}]" classname="org.bukkit.BukkitMirrorTest" time="0"/>
  <testcase name="declaredException[27: java.util.Set&lt;org.bukkit.OfflinePlayer&gt; org.bukkit.Server.getWhitelistedPlayers{}]" classname="org.bukkit.BukkitMirrorTest" time="0"/>
  <testcase name="isStatic[28: void org.bukkit.Server.reloadWhitelist{}]" classname="org.bukkit.BukkitMirrorTest" time="0"/>
  <testcase name="isDeprecated[28: void org.bukkit.Server.reloadWhitelist{}]" classname="org.bukkit.BukkitMirrorTest" time="0"/>
  <testcase name="parameterTypes[28: void org.bukkit.Server.reloadWhitelist{}]" classname="org.bukkit.BukkitMirrorTest" time="0"/>
  <testcase name="returnType[28: void org.bukkit.Server.reloadWhitelist{}]" classname="org.bukkit.BukkitMirrorTest" time="0"/>
  <testcase name="declaredException[28: void org.bukkit.Server.reloadWhitelist{}]" classname="org.bukkit.BukkitMirrorTest" time="0"/>
  <testcase name="isStatic[29: int org.bukkit.Server.broadcastMessage{java.lang.String}]" classname="org.bukkit.BukkitMirrorTest" time="0"/>
  <testcase name="isDeprecated[29: int org.bukkit.Server.broadcastMessage{java.lang.String}]" classname="org.bukkit.BukkitMirrorTest" time="0"/>
  <testcase name="parameterTypes[29: int org.bukkit.Server.broadcastMessage{java.lang.String}]" classname="org.bukkit.BukkitMirrorTest" time="0"/>
  <testcase name="returnType[29: int org.bukkit.Server.broadcastMessage{java.lang.String}]" classname="org.bukkit.BukkitMirrorTest" time="0"/>
  <testcase name="declaredException[29: int org.bukkit.Server.broadcastMessage{java.lang.String}]" classname="org.bukkit.BukkitMirrorTest" time="0"/>
  <testcase name="isStatic[30: void org.bukkit.Server.broadcast{net.md_5.bungee.api.chat.BaseComponent...}]" classname="org.bukkit.BukkitMirrorTest" time="0"/>
  <testcase name="isDeprecated[30: void org.bukkit.Server.broadcast{net.md_5.bungee.api.chat.BaseComponent...}]" classname="org.bukkit.BukkitMirrorTest" time="0"/>
  <testcase name="parameterTypes[30: void org.bukkit.Server.broadcast{net.md_5.bungee.api.chat.BaseComponent...}]" classname="org.bukkit.BukkitMirrorTest" time="0"/>
  <testcase name="returnType[30: void org.bukkit.Server.broadcast{net.md_5.bungee.api.chat.BaseComponent...}]" classname="org.bukkit.BukkitMirrorTest" time="0"/>
  <testcase name="declaredException[30: void org.bukkit.Server.broadcast{net.md_5.bungee.api.chat.BaseComponent...}]" classname="org.bukkit.BukkitMirrorTest" time="0"/>
  <testcase name="isStatic[31: void org.bukkit.Server.broadcast{net.md_5.bungee.api.chat.BaseComponent}]" classname="org.bukkit.BukkitMirrorTest" time="0"/>
  <testcase name="isDeprecated[31: void org.bukkit.Server.broadcast{net.md_5.bungee.api.chat.BaseComponent}]" classname="org.bukkit.BukkitMirrorTest" time="0"/>
  <testcase name="parameterTypes[31: void org.bukkit.Server.broadcast{net.md_5.bungee.api.chat.BaseComponent}]" classname="org.bukkit.BukkitMirrorTest" time="0"/>
  <testcase name="returnType[31: void org.bukkit.Server.broadcast{net.md_5.bungee.api.chat.BaseComponent}]" classname="org.bukkit.BukkitMirrorTest" time="0"/>
  <testcase name="declaredException[31: void org.bukkit.Server.broadcast{net.md_5.bungee.api.chat.BaseComponent}]" classname="org.bukkit.BukkitMirrorTest" time="0"/>
  <testcase name="isStatic[32: int org.bukkit.Server.broadcast{java.lang.String,java.lang.String}]" classname="org.bukkit.BukkitMirrorTest" time="0"/>
  <testcase name="isDeprecated[32: int org.bukkit.Server.broadcast{java.lang.String,java.lang.String}]" classname="org.bukkit.BukkitMirrorTest" time="0"/>
  <testcase name="parameterTypes[32: int org.bukkit.Server.broadcast{java.lang.String,java.lang.String}]" classname="org.bukkit.BukkitMirrorTest" time="0"/>
  <testcase name="returnType[32: int org.bukkit.Server.broadcast{java.lang.String,java.lang.String}]" classname="org.bukkit.BukkitMirrorTest" time="0"/>
  <testcase name="declaredException[32: int org.bukkit.Server.broadcast{java.lang.String,java.lang.String}]" classname="org.bukkit.BukkitMirrorTest" time="0"/>
  <testcase name="isStatic[33: java.lang.String org.bukkit.Server.getUpdateFolder{}]" classname="org.bukkit.BukkitMirrorTest" time="0"/>
  <testcase name="isDeprecated[33: java.lang.String org.bukkit.Server.getUpdateFolder{}]" classname="org.bukkit.BukkitMirrorTest" time="0"/>
  <testcase name="parameterTypes[33: java.lang.String org.bukkit.Server.getUpdateFolder{}]" classname="org.bukkit.BukkitMirrorTest" time="0"/>
  <testcase name="returnType[33: java.lang.String org.bukkit.Server.getUpdateFolder{}]" classname="org.bukkit.BukkitMirrorTest" time="0"/>
  <testcase name="declaredException[33: java.lang.String org.bukkit.Server.getUpdateFolder{}]" classname="org.bukkit.BukkitMirrorTest" time="0"/>
  <testcase name="isStatic[34: java.io.File org.bukkit.Server.getUpdateFolderFile{}]" classname="org.bukkit.BukkitMirrorTest" time="0.001"/>
  <testcase name="isDeprecated[34: java.io.File org.bukkit.Server.getUpdateFolderFile{}]" classname="org.bukkit.BukkitMirrorTest" time="0"/>
  <testcase name="parameterTypes[34: java.io.File org.bukkit.Server.getUpdateFolderFile{}]" classname="org.bukkit.BukkitMirrorTest" time="0"/>
  <testcase name="returnType[34: java.io.File org.bukkit.Server.getUpdateFolderFile{}]" classname="org.bukkit.BukkitMirrorTest" time="0"/>
  <testcase name="declaredException[34: java.io.File org.bukkit.Server.getUpdateFolderFile{}]" classname="org.bukkit.BukkitMirrorTest" time="0"/>
  <testcase name="isStatic[35: long org.bukkit.Server.getConnectionThrottle{}]" classname="org.bukkit.BukkitMirrorTest" time="0"/>
  <testcase name="isDeprecated[35: long org.bukkit.Server.getConnectionThrottle{}]" classname="org.bukkit.BukkitMirrorTest" time="0"/>
  <testcase name="parameterTypes[35: long org.bukkit.Server.getConnectionThrottle{}]" classname="org.bukkit.BukkitMirrorTest" time="0"/>
  <testcase name="returnType[35: long org.bukkit.Server.getConnectionThrottle{}]" classname="org.bukkit.BukkitMirrorTest" time="0"/>
  <testcase name="declaredException[35: long org.bukkit.Server.getConnectionThrottle{}]" classname="org.bukkit.BukkitMirrorTest" time="0.001"/>
  <testcase name="isStatic[36: int org.bukkit.Server.getTicksPerAnimalSpawns{}]" classname="org.bukkit.BukkitMirrorTest" time="0"/>
  <testcase name="isDeprecated[36: int org.bukkit.Server.getTicksPerAnimalSpawns{}]" classname="org.bukkit.BukkitMirrorTest" time="0"/>
  <testcase name="parameterTypes[36: int org.bukkit.Server.getTicksPerAnimalSpawns{}]" classname="org.bukkit.BukkitMirrorTest" time="0"/>
  <testcase name="returnType[36: int org.bukkit.Server.getTicksPerAnimalSpawns{}]" classname="org.bukkit.BukkitMirrorTest" time="0"/>
  <testcase name="declaredException[36: int org.bukkit.Server.getTicksPerAnimalSpawns{}]" classname="org.bukkit.BukkitMirrorTest" time="0"/>
  <testcase name="isStatic[37: int org.bukkit.Server.getTicksPerMonsterSpawns{}]" classname="org.bukkit.BukkitMirrorTest" time="0"/>
  <testcase name="isDeprecated[37: int org.bukkit.Server.getTicksPerMonsterSpawns{}]" classname="org.bukkit.BukkitMirrorTest" time="0"/>
  <testcase name="parameterTypes[37: int org.bukkit.Server.getTicksPerMonsterSpawns{}]" classname="org.bukkit.BukkitMirrorTest" time="0"/>
  <testcase name="returnType[37: int org.bukkit.Server.getTicksPerMonsterSpawns{}]" classname="org.bukkit.BukkitMirrorTest" time="0"/>
  <testcase name="declaredException[37: int org.bukkit.Server.getTicksPerMonsterSpawns{}]" classname="org.bukkit.BukkitMirrorTest" time="0"/>
  <testcase name="isStatic[38: org.bukkit.entity.Player org.bukkit.Server.getPlayerExact{java.lang.String}]" classname="org.bukkit.BukkitMirrorTest" time="0"/>
  <testcase name="isDeprecated[38: org.bukkit.entity.Player org.bukkit.Server.getPlayerExact{java.lang.String}]" classname="org.bukkit.BukkitMirrorTest" time="0.001"/>
  <testcase name="parameterTypes[38: org.bukkit.entity.Player org.bukkit.Server.getPlayerExact{java.lang.String}]" classname="org.bukkit.BukkitMirrorTest" time="0"/>
  <testcase name="returnType[38: org.bukkit.entity.Player org.bukkit.Server.getPlayerExact{java.lang.String}]" classname="org.bukkit.BukkitMirrorTest" time="0"/>
  <testcase name="declaredException[38: org.bukkit.entity.Player org.bukkit.Server.getPlayerExact{java.lang.String}]" classname="org.bukkit.BukkitMirrorTest" time="0"/>
  <testcase name="isStatic[39: java.util.List&lt;org.bukkit.entity.Player&gt; org.bukkit.Server.matchPlayer{java.lang.String}]" classname="org.bukkit.BukkitMirrorTest" time="0"/>
  <testcase name="isDeprecated[39: java.util.List&lt;org.bukkit.entity.Player&gt; org.bukkit.Server.matchPlayer{java.lang.String}]" classname="org.bukkit.BukkitMirrorTest" time="0"/>
  <testcase name="parameterTypes[39: java.util.List&lt;org.bukkit.entity.Player&gt; org.bukkit.Server.matchPlayer{java.lang.String}]" classname="org.bukkit.BukkitMirrorTest" time="0"/>
  <testcase name="returnType[39: java.util.List&lt;org.bukkit.entity.Player&gt; org.bukkit.Server.matchPlayer{java.lang.String}]" classname="org.bukkit.BukkitMirrorTest" time="0"/>
  <testcase name="declaredException[39: java.util.List&lt;org.bukkit.entity.Player&gt; org.bukkit.Server.matchPlayer{java.lang.String}]" classname="org.bukkit.BukkitMirrorTest" time="0"/>
  <testcase name="isStatic[40: org.bukkit.scheduler.BukkitScheduler org.bukkit.Server.getScheduler{}]" classname="org.bukkit.BukkitMirrorTest" time="0"/>
  <testcase name="isDeprecated[40: org.bukkit.scheduler.BukkitScheduler org.bukkit.Server.getScheduler{}]" classname="org.bukkit.BukkitMirrorTest" time="0"/>
  <testcase name="parameterTypes[40: org.bukkit.scheduler.BukkitScheduler org.bukkit.Server.getScheduler{}]" classname="org.bukkit.BukkitMirrorTest" time="0"/>
  <testcase name="returnType[40: org.bukkit.scheduler.BukkitScheduler org.bukkit.Server.getScheduler{}]" classname="org.bukkit.BukkitMirrorTest" time="0"/>
  <testcase name="declaredException[40: org.bukkit.scheduler.BukkitScheduler org.bukkit.Server.getScheduler{}]" classname="org.bukkit.BukkitMirrorTest" time="0"/>
  <testcase name="isStatic[41: org.bukkit.plugin.ServicesManager org.bukkit.Server.getServicesManager{}]" classname="org.bukkit.BukkitMirrorTest" time="0"/>
  <testcase name="isDeprecated[41: org.bukkit.plugin.ServicesManager org.bukkit.Server.getServicesManager{}]" classname="org.bukkit.BukkitMirrorTest" time="0"/>
  <testcase name="parameterTypes[41: org.bukkit.plugin.ServicesManager org.bukkit.Server.getServicesManager{}]" classname="org.bukkit.BukkitMirrorTest" time="0"/>
  <testcase name="returnType[41: org.bukkit.plugin.ServicesManager org.bukkit.Server.getServicesManager{}]" classname="org.bukkit.BukkitMirrorTest" time="0"/>
  <testcase name="declaredException[41: org.bukkit.plugin.ServicesManager org.bukkit.Server.getServicesManager{}]" classname="org.bukkit.BukkitMirrorTest" time="0"/>
  <testcase name="isStatic[42: java.util.List&lt;org.bukkit.World&gt; org.bukkit.Server.getWorlds{}]" classname="org.bukkit.BukkitMirrorTest" time="0"/>
  <testcase name="isDeprecated[42: java.util.List&lt;org.bukkit.World&gt; org.bukkit.Server.getWorlds{}]" classname="org.bukkit.BukkitMirrorTest" time="0"/>
  <testcase name="parameterTypes[42: java.util.List&lt;org.bukkit.World&gt; org.bukkit.Server.getWorlds{}]" classname="org.bukkit.BukkitMirrorTest" time="0"/>
  <testcase name="returnType[42: java.util.List&lt;org.bukkit.World&gt; org.bukkit.Server.getWorlds{}]" classname="org.bukkit.BukkitMirrorTest" time="0"/>
  <testcase name="declaredException[42: java.util.List&lt;org.bukkit.World&gt; org.bukkit.Server.getWorlds{}]" classname="org.bukkit.BukkitMirrorTest" time="0"/>
  <testcase name="isStatic[43: org.bukkit.World org.bukkit.Server.createWorld{org.bukkit.WorldCreator}]" classname="org.bukkit.BukkitMirrorTest" time="0"/>
  <testcase name="isDeprecated[43: org.bukkit.World org.bukkit.Server.createWorld{org.bukkit.WorldCreator}]" classname="org.bukkit.BukkitMirrorTest" time="0"/>
  <testcase name="parameterTypes[43: org.bukkit.World org.bukkit.Server.createWorld{org.bukkit.WorldCreator}]" classname="org.bukkit.BukkitMirrorTest" time="0"/>
  <testcase name="returnType[43: org.bukkit.World org.bukkit.Server.createWorld{org.bukkit.WorldCreator}]" classname="org.bukkit.BukkitMirrorTest" time="0"/>
  <testcase name="declaredException[43: org.bukkit.World org.bukkit.Server.createWorld{org.bukkit.WorldCreator}]" classname="org.bukkit.BukkitMirrorTest" time="0"/>
  <testcase name="isStatic[44: boolean org.bukkit.Server.unloadWorld{org.bukkit.World,boolean}]" classname="org.bukkit.BukkitMirrorTest" time="0"/>
  <testcase name="isDeprecated[44: boolean org.bukkit.Server.unloadWorld{org.bukkit.World,boolean}]" classname="org.bukkit.BukkitMirrorTest" time="0"/>
  <testcase name="parameterTypes[44: boolean org.bukkit.Server.unloadWorld{org.bukkit.World,boolean}]" classname="org.bukkit.BukkitMirrorTest" time="0"/>
  <testcase name="returnType[44: boolean org.bukkit.Server.unloadWorld{org.bukkit.World,boolean}]" classname="org.bukkit.BukkitMirrorTest" time="0"/>
  <testcase name="declaredException[44: boolean org.bukkit.Server.unloadWorld{org.bukkit.World,boolean}]" classname="org.bukkit.BukkitMirrorTest" time="0"/>
  <testcase name="isStatic[45: boolean org.bukkit.Server.unloadWorld{java.lang.String,boolean}]" classname="org.bukkit.BukkitMirrorTest" time="0"/>
  <testcase name="isDeprecated[45: boolean org.bukkit.Server.unloadWorld{java.lang.String,boolean}]" classname="org.bukkit.BukkitMirrorTest" time="0"/>
  <testcase name="parameterTypes[45: boolean org.bukkit.Server.unloadWorld{java.lang.String,boolean}]" classname="org.bukkit.BukkitMirrorTest" time="0"/>
  <testcase name="returnType[45: boolean org.bukkit.Server.unloadWorld{java.lang.String,boolean}]" classname="org.bukkit.BukkitMirrorTest" time="0"/>
  <testcase name="declaredException[45: boolean org.bukkit.Server.unloadWorld{java.lang.String,boolean}]" classname="org.bukkit.BukkitMirrorTest" time="0"/>
  <testcase name="isStatic[46: org.bukkit.command.PluginCommand org.bukkit.Server.getPluginCommand{java.lang.String}]" classname="org.bukkit.BukkitMirrorTest" time="0"/>
  <testcase name="isDeprecated[46: org.bukkit.command.PluginCommand org.bukkit.Server.getPluginCommand{java.lang.String}]" classname="org.bukkit.BukkitMirrorTest" time="0"/>
  <testcase name="parameterTypes[46: org.bukkit.command.PluginCommand org.bukkit.Server.getPluginCommand{java.lang.String}]" classname="org.bukkit.BukkitMirrorTest" time="0.001"/>
  <testcase name="returnType[46: org.bukkit.command.PluginCommand org.bukkit.Server.getPluginCommand{java.lang.String}]" classname="org.bukkit.BukkitMirrorTest" time="0"/>
  <testcase name="declaredException[46: org.bukkit.command.PluginCommand org.bukkit.Server.getPluginCommand{java.lang.String}]" classname="org.bukkit.BukkitMirrorTest" time="0"/>
  <testcase name="isStatic[47: void org.bukkit.Server.savePlayers{}]" classname="org.bukkit.BukkitMirrorTest" time="0"/>
  <testcase name="isDeprecated[47: void org.bukkit.Server.savePlayers{}]" classname="org.bukkit.BukkitMirrorTest" time="0"/>
  <testcase name="parameterTypes[47: void org.bukkit.Server.savePlayers{}]" classname="org.bukkit.BukkitMirrorTest" time="0"/>
  <testcase name="returnType[47: void org.bukkit.Server.savePlayers{}]" classname="org.bukkit.BukkitMirrorTest" time="0"/>
  <testcase name="declaredException[47: void org.bukkit.Server.savePlayers{}]" classname="org.bukkit.BukkitMirrorTest" time="0"/>
  <testcase name="isStatic[48: boolean org.bukkit.Server.dispatchCommand{org.bukkit.command.CommandSender,java.lang.String} throws org.bukkit.command.CommandException]" classname="org.bukkit.BukkitMirrorTest" time="0"/>
  <testcase name="isDeprecated[48: boolean org.bukkit.Server.dispatchCommand{org.bukkit.command.CommandSender,java.lang.String} throws org.bukkit.command.CommandException]" classname="org.bukkit.BukkitMirrorTest" time="0"/>
  <testcase name="parameterTypes[48: boolean org.bukkit.Server.dispatchCommand{org.bukkit.command.CommandSender,java.lang.String} throws org.bukkit.command.CommandException]" classname="org.bukkit.BukkitMirrorTest" time="0"/>
  <testcase name="returnType[48: boolean org.bukkit.Server.dispatchCommand{org.bukkit.command.CommandSender,java.lang.String} throws org.bukkit.command.CommandException]" classname="org.bukkit.BukkitMirrorTest" time="0"/>
  <testcase name="declaredException[48: boolean org.bukkit.Server.dispatchCommand{org.bukkit.command.CommandSender,java.lang.String} throws org.bukkit.command.CommandException]" classname="org.bukkit.BukkitMirrorTest" time="0"/>
  <testcase name="isStatic[49: void org.bukkit.Server.configureDbConfig{com.avaje.ebean.config.ServerConfig}]" classname="org.bukkit.BukkitMirrorTest" time="0"/>
  <testcase name="isDeprecated[49: void org.bukkit.Server.configureDbConfig{com.avaje.ebean.config.ServerConfig}]" classname="org.bukkit.BukkitMirrorTest" time="0"/>
  <testcase name="parameterTypes[49: void org.bukkit.Server.configureDbConfig{com.avaje.ebean.config.ServerConfig}]" classname="org.bukkit.BukkitMirrorTest" time="0"/>
  <testcase name="returnType[49: void org.bukkit.Server.configureDbConfig{com.avaje.ebean.config.ServerConfig}]" classname="org.bukkit.BukkitMirrorTest" time="0"/>
  <testcase name="declaredException[49: void org.bukkit.Server.configureDbConfig{com.avaje.ebean.config.ServerConfig}]" classname="org.bukkit.BukkitMirrorTest" time="0"/>
  <testcase name="isStatic[50: boolean org.bukkit.Server.addRecipe{org.bukkit.inventory.Recipe}]" classname="org.bukkit.BukkitMirrorTest" time="0"/>
  <testcase name="isDeprecated[50: boolean org.bukkit.Server.addRecipe{org.bukkit.inventory.Recipe}]" classname="org.bukkit.BukkitMirrorTest" time="0"/>
  <testcase name="parameterTypes[50: boolean org.bukkit.Server.addRecipe{org.bukkit.inventory.Recipe}]" classname="org.bukkit.BukkitMirrorTest" time="0"/>
  <testcase name="returnType[50: boolean org.bukkit.Server.addRecipe{org.bukkit.inventory.Recipe}]" classname="org.bukkit.BukkitMirrorTest" time="0"/>
  <testcase name="declaredException[50: boolean org.bukkit.Server.addRecipe{org.bukkit.inventory.Recipe}]" classname="org.bukkit.BukkitMirrorTest" time="0"/>
  <testcase name="isStatic[51: java.util.List&lt;org.bukkit.inventory.Recipe&gt; org.bukkit.Server.getRecipesFor{org.bukkit.inventory.ItemStack}]" classname="org.bukkit.BukkitMirrorTest" time="0"/>
  <testcase name="isDeprecated[51: java.util.List&lt;org.bukkit.inventory.Recipe&gt; org.bukkit.Server.getRecipesFor{org.bukkit.inventory.ItemStack}]" classname="org.bukkit.BukkitMirrorTest" time="0"/>
  <testcase name="parameterTypes[51: java.util.List&lt;org.bukkit.inventory.Recipe&gt; org.bukkit.Server.getRecipesFor{org.bukkit.inventory.ItemStack}]" classname="org.bukkit.BukkitMirrorTest" time="0"/>
  <testcase name="returnType[51: java.util.List&lt;org.bukkit.inventory.Recipe&gt; org.bukkit.Server.getRecipesFor{org.bukkit.inventory.ItemStack}]" classname="org.bukkit.BukkitMirrorTest" time="0"/>
  <testcase name="declaredException[51: java.util.List&lt;org.bukkit.inventory.Recipe&gt; org.bukkit.Server.getRecipesFor{org.bukkit.inventory.ItemStack}]" classname="org.bukkit.BukkitMirrorTest" time="0"/>
  <testcase name="isStatic[52: java.util.Iterator&lt;org.bukkit.inventory.Recipe&gt; org.bukkit.Server.recipeIterator{}]" classname="org.bukkit.BukkitMirrorTest" time="0"/>
  <testcase name="isDeprecated[52: java.util.Iterator&lt;org.bukkit.inventory.Recipe&gt; org.bukkit.Server.recipeIterator{}]" classname="org.bukkit.BukkitMirrorTest" time="0"/>
  <testcase name="parameterTypes[52: java.util.Iterator&lt;org.bukkit.inventory.Recipe&gt; org.bukkit.Server.recipeIterator{}]" classname="org.bukkit.BukkitMirrorTest" time="0"/>
  <testcase name="returnType[52: java.util.Iterator&lt;org.bukkit.inventory.Recipe&gt; org.bukkit.Server.recipeIterator{}]" classname="org.bukkit.BukkitMirrorTest" time="0"/>
  <testcase name="declaredException[52: java.util.Iterator&lt;org.bukkit.inventory.Recipe&gt; org.bukkit.Server.recipeIterator{}]" classname="org.bukkit.BukkitMirrorTest" time="0"/>
  <testcase name="isStatic[53: void org.bukkit.Server.clearRecipes{}]" classname="org.bukkit.BukkitMirrorTest" time="0"/>
  <testcase name="isDeprecated[53: void org.bukkit.Server.clearRecipes{}]" classname="org.bukkit.BukkitMirrorTest" time="0"/>
  <testcase name="parameterTypes[53: void org.bukkit.Server.clearRecipes{}]" classname="org.bukkit.BukkitMirrorTest" time="0"/>
  <testcase name="returnType[53: void org.bukkit.Server.clearRecipes{}]" classname="org.bukkit.BukkitMirrorTest" time="0"/>
  <testcase name="declaredException[53: void org.bukkit.Server.clearRecipes{}]" classname="org.bukkit.BukkitMirrorTest" time="0"/>
  <testcase name="isStatic[54: void org.bukkit.Server.resetRecipes{}]" classname="org.bukkit.BukkitMirrorTest" time="0"/>
  <testcase name="isDeprecated[54: void org.bukkit.Server.resetRecipes{}]" classname="org.bukkit.BukkitMirrorTest" time="0"/>
  <testcase name="parameterTypes[54: void org.bukkit.Server.resetRecipes{}]" classname="org.bukkit.BukkitMirrorTest" time="0"/>
  <testcase name="returnType[54: void org.bukkit.Server.resetRecipes{}]" classname="org.bukkit.BukkitMirrorTest" time="0"/>
  <testcase name="declaredException[54: void org.bukkit.Server.resetRecipes{}]" classname="org.bukkit.BukkitMirrorTest" time="0"/>
  <testcase name="isStatic[55: java.util.Map&lt;java.lang.String, java.lang.String[]&gt; org.bukkit.Server.getCommandAliases{}]" classname="org.bukkit.BukkitMirrorTest" time="0"/>
  <testcase name="isDeprecated[55: java.util.Map&lt;java.lang.String, java.lang.String[]&gt; org.bukkit.Server.getCommandAliases{}]" classname="org.bukkit.BukkitMirrorTest" time="0"/>
  <testcase name="parameterTypes[55: java.util.Map&lt;java.lang.String, java.lang.String[]&gt; org.bukkit.Server.getCommandAliases{}]" classname="org.bukkit.BukkitMirrorTest" time="0"/>
  <testcase name="returnType[55: java.util.Map&lt;java.lang.String, java.lang.String[]&gt; org.bukkit.Server.getCommandAliases{}]" classname="org.bukkit.BukkitMirrorTest" time="0"/>
  <testcase name="declaredException[55: java.util.Map&lt;java.lang.String, java.lang.String[]&gt; org.bukkit.Server.getCommandAliases{}]" classname="org.bukkit.BukkitMirrorTest" time="0"/>
  <testcase name="isStatic[56: int org.bukkit.Server.getSpawnRadius{}]" classname="org.bukkit.BukkitMirrorTest" time="0"/>
  <testcase name="isDeprecated[56: int org.bukkit.Server.getSpawnRadius{}]" classname="org.bukkit.BukkitMirrorTest" time="0"/>
  <testcase name="parameterTypes[56: int org.bukkit.Server.getSpawnRadius{}]" classname="org.bukkit.BukkitMirrorTest" time="0"/>
  <testcase name="returnType[56: int org.bukkit.Server.getSpawnRadius{}]" classname="org.bukkit.BukkitMirrorTest" time="0"/>
  <testcase name="declaredException[56: int org.bukkit.Server.getSpawnRadius{}]" classname="org.bukkit.BukkitMirrorTest" time="0"/>
  <testcase name="isStatic[57: void org.bukkit.Server.setSpawnRadius{int}]" classname="org.bukkit.BukkitMirrorTest" time="0.001"/>
  <testcase name="isDeprecated[57: void org.bukkit.Server.setSpawnRadius{int}]" classname="org.bukkit.BukkitMirrorTest" time="0"/>
  <testcase name="parameterTypes[57: void org.bukkit.Server.setSpawnRadius{int}]" classname="org.bukkit.BukkitMirrorTest" time="0"/>
  <testcase name="returnType[57: void org.bukkit.Server.setSpawnRadius{int}]" classname="org.bukkit.BukkitMirrorTest" time="0"/>
  <testcase name="declaredException[57: void org.bukkit.Server.setSpawnRadius{int}]" classname="org.bukkit.BukkitMirrorTest" time="0"/>
  <testcase name="isStatic[58: boolean org.bukkit.Server.getOnlineMode{}]" classname="org.bukkit.BukkitMirrorTest" time="0"/>
  <testcase name="isDeprecated[58: boolean org.bukkit.Server.getOnlineMode{}]" classname="org.bukkit.BukkitMirrorTest" time="0"/>
  <testcase name="parameterTypes[58: boolean org.bukkit.Server.getOnlineMode{}]" classname="org.bukkit.BukkitMirrorTest" time="0"/>
  <testcase name="returnType[58: boolean org.bukkit.Server.getOnlineMode{}]" classname="org.bukkit.BukkitMirrorTest" time="0"/>
  <testcase name="declaredException[58: boolean org.bukkit.Server.getOnlineMode{}]" classname="org.bukkit.BukkitMirrorTest" time="0"/>
  <testcase name="isStatic[59: boolean org.bukkit.Server.isHardcore{}]" classname="org.bukkit.BukkitMirrorTest" time="0"/>
  <testcase name="isDeprecated[59: boolean org.bukkit.Server.isHardcore{}]" classname="org.bukkit.BukkitMirrorTest" time="0"/>
  <testcase name="parameterTypes[59: boolean org.bukkit.Server.isHardcore{}]" classname="org.bukkit.BukkitMirrorTest" time="0"/>
  <testcase name="returnType[59: boolean org.bukkit.Server.isHardcore{}]" classname="org.bukkit.BukkitMirrorTest" time="0"/>
  <testcase name="declaredException[59: boolean org.bukkit.Server.isHardcore{}]" classname="org.bukkit.BukkitMirrorTest" time="0"/>
  <testcase name="isStatic[60: boolean org.bukkit.Server.useExactLoginLocation{}]" classname="org.bukkit.BukkitMirrorTest" time="0.001"/>
  <testcase name="isDeprecated[60: boolean org.bukkit.Server.useExactLoginLocation{}]" classname="org.bukkit.BukkitMirrorTest" time="0"/>
  <testcase name="parameterTypes[60: boolean org.bukkit.Server.useExactLoginLocation{}]" classname="org.bukkit.BukkitMirrorTest" time="0"/>
  <testcase name="returnType[60: boolean org.bukkit.Server.useExactLoginLocation{}]" classname="org.bukkit.BukkitMirrorTest" time="0"/>
  <testcase name="declaredException[60: boolean org.bukkit.Server.useExactLoginLocation{}]" classname="org.bukkit.BukkitMirrorTest" time="0"/>
  <testcase name="isStatic[61: java.util.Set&lt;java.lang.String&gt; org.bukkit.Server.getIPBans{}]" classname="org.bukkit.BukkitMirrorTest" time="0"/>
  <testcase name="isDeprecated[61: java.util.Set&lt;java.lang.String&gt; org.bukkit.Server.getIPBans{}]" classname="org.bukkit.BukkitMirrorTest" time="0"/>
  <testcase name="parameterTypes[61: java.util.Set&lt;java.lang.String&gt; org.bukkit.Server.getIPBans{}]" classname="org.bukkit.BukkitMirrorTest" time="0"/>
  <testcase name="returnType[61: java.util.Set&lt;java.lang.String&gt; org.bukkit.Server.getIPBans{}]" classname="org.bukkit.BukkitMirrorTest" time="0"/>
  <testcase name="declaredException[61: java.util.Set&lt;java.lang.String&gt; org.bukkit.Server.getIPBans{}]" classname="org.bukkit.BukkitMirrorTest" time="0"/>
  <testcase name="isStatic[62: void org.bukkit.Server.banIP{java.lang.String}]" classname="org.bukkit.BukkitMirrorTest" time="0"/>
  <testcase name="isDeprecated[62: void org.bukkit.Server.banIP{java.lang.String}]" classname="org.bukkit.BukkitMirrorTest" time="0"/>
  <testcase name="parameterTypes[62: void org.bukkit.Server.banIP{java.lang.String}]" classname="org.bukkit.BukkitMirrorTest" time="0"/>
  <testcase name="returnType[62: void org.bukkit.Server.banIP{java.lang.String}]" classname="org.bukkit.BukkitMirrorTest" time="0"/>
  <testcase name="declaredException[62: void org.bukkit.Server.banIP{java.lang.String}]" classname="org.bukkit.BukkitMirrorTest" time="0"/>
  <testcase name="isStatic[63: void org.bukkit.Server.unbanIP{java.lang.String}]" classname="org.bukkit.BukkitMirrorTest" time="0"/>
  <testcase name="isDeprecated[63: void org.bukkit.Server.unbanIP{java.lang.String}]" classname="org.bukkit.BukkitMirrorTest" time="0"/>
  <testcase name="parameterTypes[63: void org.bukkit.Server.unbanIP{java.lang.String}]" classname="org.bukkit.BukkitMirrorTest" time="0"/>
  <testcase name="returnType[63: void org.bukkit.Server.unbanIP{java.lang.String}]" classname="org.bukkit.BukkitMirrorTest" time="0"/>
  <testcase name="declaredException[63: void org.bukkit.Server.unbanIP{java.lang.String}]" classname="org.bukkit.BukkitMirrorTest" time="0"/>
  <testcase name="isStatic[64: java.util.Set&lt;org.bukkit.OfflinePlayer&gt; org.bukkit.Server.getBannedPlayers{}]" classname="org.bukkit.BukkitMirrorTest" time="0"/>
  <testcase name="isDeprecated[64: java.util.Set&lt;org.bukkit.OfflinePlayer&gt; org.bukkit.Server.getBannedPlayers{}]" classname="org.bukkit.BukkitMirrorTest" time="0"/>
  <testcase name="parameterTypes[64: java.util.Set&lt;org.bukkit.OfflinePlayer&gt; org.bukkit.Server.getBannedPlayers{}]" classname="org.bukkit.BukkitMirrorTest" time="0"/>
  <testcase name="returnType[64: java.util.Set&lt;org.bukkit.OfflinePlayer&gt; org.bukkit.Server.getBannedPlayers{}]" classname="org.bukkit.BukkitMirrorTest" time="0"/>
  <testcase name="declaredException[64: java.util.Set&lt;org.bukkit.OfflinePlayer&gt; org.bukkit.Server.getBannedPlayers{}]" classname="org.bukkit.BukkitMirrorTest" time="0"/>
  <testcase name="isStatic[65: org.bukkit.BanList org.bukkit.Server.getBanList{org.bukkit.BanList$Type}]" classname="org.bukkit.BukkitMirrorTest" time="0"/>
  <testcase name="isDeprecated[65: org.bukkit.BanList org.bukkit.Server.getBanList{org.bukkit.BanList$Type}]" classname="org.bukkit.BukkitMirrorTest" time="0"/>
  <testcase name="parameterTypes[65: org.bukkit.BanList org.bukkit.Server.getBanList{org.bukkit.BanList$Type}]" classname="org.bukkit.BukkitMirrorTest" time="0"/>
  <testcase name="returnType[65: org.bukkit.BanList org.bukkit.Server.getBanList{org.bukkit.BanList$Type}]" classname="org.bukkit.BukkitMirrorTest" time="0"/>
  <testcase name="declaredException[65: org.bukkit.BanList org.bukkit.Server.getBanList{org.bukkit.BanList$Type}]" classname="org.bukkit.BukkitMirrorTest" time="0"/>
  <testcase name="isStatic[66: java.util.Set&lt;org.bukkit.OfflinePlayer&gt; org.bukkit.Server.getOperators{}]" classname="org.bukkit.BukkitMirrorTest" time="0"/>
  <testcase name="isDeprecated[66: java.util.Set&lt;org.bukkit.OfflinePlayer&gt; org.bukkit.Server.getOperators{}]" classname="org.bukkit.BukkitMirrorTest" time="0"/>
  <testcase name="parameterTypes[66: java.util.Set&lt;org.bukkit.OfflinePlayer&gt; org.bukkit.Server.getOperators{}]" classname="org.bukkit.BukkitMirrorTest" time="0"/>
  <testcase name="returnType[66: java.util.Set&lt;org.bukkit.OfflinePlayer&gt; org.bukkit.Server.getOperators{}]" classname="org.bukkit.BukkitMirrorTest" time="0"/>
  <testcase name="declaredException[66: java.util.Set&lt;org.bukkit.OfflinePlayer&gt; org.bukkit.Server.getOperators{}]" classname="org.bukkit.BukkitMirrorTest" time="0"/>
  <testcase name="isStatic[67: org.bukkit.GameMode org.bukkit.Server.getDefaultGameMode{}]" classname="org.bukkit.BukkitMirrorTest" time="0"/>
  <testcase name="isDeprecated[67: org.bukkit.GameMode org.bukkit.Server.getDefaultGameMode{}]" classname="org.bukkit.BukkitMirrorTest" time="0"/>
  <testcase name="parameterTypes[67: org.bukkit.GameMode org.bukkit.Server.getDefaultGameMode{}]" classname="org.bukkit.BukkitMirrorTest" time="0"/>
  <testcase name="returnType[67: org.bukkit.GameMode org.bukkit.Server.getDefaultGameMode{}]" classname="org.bukkit.BukkitMirrorTest" time="0"/>
  <testcase name="declaredException[67: org.bukkit.GameMode org.bukkit.Server.getDefaultGameMode{}]" classname="org.bukkit.BukkitMirrorTest" time="0"/>
  <testcase name="isStatic[68: void org.bukkit.Server.setDefaultGameMode{org.bukkit.GameMode}]" classname="org.bukkit.BukkitMirrorTest" time="0"/>
  <testcase name="isDeprecated[68: void org.bukkit.Server.setDefaultGameMode{org.bukkit.GameMode}]" classname="org.bukkit.BukkitMirrorTest" time="0"/>
  <testcase name="parameterTypes[68: void org.bukkit.Server.setDefaultGameMode{org.bukkit.GameMode}]" classname="org.bukkit.BukkitMirrorTest" time="0"/>
  <testcase name="returnType[68: void org.bukkit.Server.setDefaultGameMode{org.bukkit.GameMode}]" classname="org.bukkit.BukkitMirrorTest" time="0"/>
  <testcase name="declaredException[68: void org.bukkit.Server.setDefaultGameMode{org.bukkit.GameMode}]" classname="org.bukkit.BukkitMirrorTest" time="0"/>
  <testcase name="isStatic[69: java.io.File org.bukkit.Server.getWorldContainer{}]" classname="org.bukkit.BukkitMirrorTest" time="0"/>
  <testcase name="isDeprecated[69: java.io.File org.bukkit.Server.getWorldContainer{}]" classname="org.bukkit.BukkitMirrorTest" time="0"/>
  <testcase name="parameterTypes[69: java.io.File org.bukkit.Server.getWorldContainer{}]" classname="org.bukkit.BukkitMirrorTest" time="0"/>
  <testcase name="returnType[69: java.io.File org.bukkit.Server.getWorldContainer{}]" classname="org.bukkit.BukkitMirrorTest" time="0"/>
  <testcase name="declaredException[69: java.io.File org.bukkit.Server.getWorldContainer{}]" classname="org.bukkit.BukkitMirrorTest" time="0"/>
  <testcase name="isStatic[70: org.bukkit.OfflinePlayer[] org.bukkit.Server.getOfflinePlayers{}]" classname="org.bukkit.BukkitMirrorTest" time="0"/>
  <testcase name="isDeprecated[70: org.bukkit.OfflinePlayer[] org.bukkit.Server.getOfflinePlayers{}]" classname="org.bukkit.BukkitMirrorTest" time="0"/>
  <testcase name="parameterTypes[70: org.bukkit.OfflinePlayer[] org.bukkit.Server.getOfflinePlayers{}]" classname="org.bukkit.BukkitMirrorTest" time="0"/>
  <testcase name="returnType[70: org.bukkit.OfflinePlayer[] org.bukkit.Server.getOfflinePlayers{}]" classname="org.bukkit.BukkitMirrorTest" time="0"/>
  <testcase name="declaredException[70: org.bukkit.OfflinePlayer[] org.bukkit.Server.getOfflinePlayers{}]" classname="org.bukkit.BukkitMirrorTest" time="0"/>
  <testcase name="isStatic[71: org.bukkit.help.HelpMap org.bukkit.Server.getHelpMap{}]" classname="org.bukkit.BukkitMirrorTest" time="0"/>
  <testcase name="isDeprecated[71: org.bukkit.help.HelpMap org.bukkit.Server.getHelpMap{}]" classname="org.bukkit.BukkitMirrorTest" time="0"/>
  <testcase name="parameterTypes[71: org.bukkit.help.HelpMap org.bukkit.Server.getHelpMap{}]" classname="org.bukkit.BukkitMirrorTest" time="0"/>
  <testcase name="returnType[71: org.bukkit.help.HelpMap org.bukkit.Server.getHelpMap{}]" classname="org.bukkit.BukkitMirrorTest" time="0"/>
  <testcase name="declaredException[71: org.bukkit.help.HelpMap org.bukkit.Server.getHelpMap{}]" classname="org.bukkit.BukkitMirrorTest" time="0"/>
  <testcase name="isStatic[72: org.bukkit.inventory.Inventory org.bukkit.Server.createInventory{org.bukkit.inventory.InventoryHolder,int} throws java.lang.IllegalArgumentException]" classname="org.bukkit.BukkitMirrorTest" time="0"/>
  <testcase name="isDeprecated[72: org.bukkit.inventory.Inventory org.bukkit.Server.createInventory{org.bukkit.inventory.InventoryHolder,int} throws java.lang.IllegalArgumentException]" classname="org.bukkit.BukkitMirrorTest" time="0"/>
  <testcase name="parameterTypes[72: org.bukkit.inventory.Inventory org.bukkit.Server.createInventory{org.bukkit.inventory.InventoryHolder,int} throws java.lang.IllegalArgumentException]" classname="org.bukkit.BukkitMirrorTest" time="0"/>
  <testcase name="returnType[72: org.bukkit.inventory.Inventory org.bukkit.Server.createInventory{org.bukkit.inventory.InventoryHolder,int} throws java.lang.IllegalArgumentException]" classname="org.bukkit.BukkitMirrorTest" time="0.001"/>
  <testcase name="declaredException[72: org.bukkit.inventory.Inventory org.bukkit.Server.createInventory{org.bukkit.inventory.InventoryHolder,int} throws java.lang.IllegalArgumentException]" classname="org.bukkit.BukkitMirrorTest" time="0"/>
  <testcase name="isStatic[73: org.bukkit.inventory.Inventory org.bukkit.Server.createInventory{org.bukkit.inventory.InventoryHolder,org.bukkit.event.inventory.InventoryType}]" classname="org.bukkit.BukkitMirrorTest" time="0"/>
  <testcase name="isDeprecated[73: org.bukkit.inventory.Inventory org.bukkit.Server.createInventory{org.bukkit.inventory.InventoryHolder,org.bukkit.event.inventory.InventoryType}]" classname="org.bukkit.BukkitMirrorTest" time="0"/>
  <testcase name="parameterTypes[73: org.bukkit.inventory.Inventory org.bukkit.Server.createInventory{org.bukkit.inventory.InventoryHolder,org.bukkit.event.inventory.InventoryType}]" classname="org.bukkit.BukkitMirrorTest" time="0"/>
  <testcase name="returnType[73: org.bukkit.inventory.Inventory org.bukkit.Server.createInventory{org.bukkit.inventory.InventoryHolder,org.bukkit.event.inventory.InventoryType}]" classname="org.bukkit.BukkitMirrorTest" time="0"/>
  <testcase name="declaredException[73: org.bukkit.inventory.Inventory org.bukkit.Server.createInventory{org.bukkit.inventory.InventoryHolder,org.bukkit.event.inventory.InventoryType}]" classname="org.bukkit.BukkitMirrorTest" time="0"/>
  <testcase name="isStatic[74: org.bukkit.inventory.Inventory org.bukkit.Server.createInventory{org.bukkit.inventory.InventoryHolder,int,java.lang.String} throws java.lang.IllegalArgumentException]" classname="org.bukkit.BukkitMirrorTest" time="0"/>
  <testcase name="isDeprecated[74: org.bukkit.inventory.Inventory org.bukkit.Server.createInventory{org.bukkit.inventory.InventoryHolder,int,java.lang.String} throws java.lang.IllegalArgumentException]" classname="org.bukkit.BukkitMirrorTest" time="0"/>
  <testcase name="parameterTypes[74: org.bukkit.inventory.Inventory org.bukkit.Server.createInventory{org.bukkit.inventory.InventoryHolder,int,java.lang.String} throws java.lang.IllegalArgumentException]" classname="org.bukkit.BukkitMirrorTest" time="0"/>
  <testcase name="returnType[74: org.bukkit.inventory.Inventory org.bukkit.Server.createInventory{org.bukkit.inventory.InventoryHolder,int,java.lang.String} throws java.lang.IllegalArgumentException]" classname="org.bukkit.BukkitMirrorTest" time="0"/>
  <testcase name="declaredException[74: org.bukkit.inventory.Inventory org.bukkit.Server.createInventory{org.bukkit.inventory.InventoryHolder,int,java.lang.String} throws java.lang.IllegalArgumentException]" classname="org.bukkit.BukkitMirrorTest" time="0"/>
  <testcase name="isStatic[75: org.bukkit.inventory.Inventory org.bukkit.Server.createInventory{org.bukkit.inventory.InventoryHolder,org.bukkit.event.inventory.InventoryType,java.lang.String}]" classname="org.bukkit.BukkitMirrorTest" time="0"/>
  <testcase name="isDeprecated[75: org.bukkit.inventory.Inventory org.bukkit.Server.createInventory{org.bukkit.inventory.InventoryHolder,org.bukkit.event.inventory.InventoryType,java.lang.String}]" classname="org.bukkit.BukkitMirrorTest" time="0"/>
  <testcase name="parameterTypes[75: org.bukkit.inventory.Inventory org.bukkit.Server.createInventory{org.bukkit.inventory.InventoryHolder,org.bukkit.event.inventory.InventoryType,java.lang.String}]" classname="org.bukkit.BukkitMirrorTest" time="0"/>
  <testcase name="returnType[75: org.bukkit.inventory.Inventory org.bukkit.Server.createInventory{org.bukkit.inventory.InventoryHolder,org.bukkit.event.inventory.InventoryType,java.lang.String}]" classname="org.bukkit.BukkitMirrorTest" time="0"/>
  <testcase name="declaredException[75: org.bukkit.inventory.Inventory org.bukkit.Server.createInventory{org.bukkit.inventory.InventoryHolder,org.bukkit.event.inventory.InventoryType,java.lang.String}]" classname="org.bukkit.BukkitMirrorTest" time="0"/>
  <testcase name="isStatic[76: int org.bukkit.Server.getMonsterSpawnLimit{}]" classname="org.bukkit.BukkitMirrorTest" time="0"/>
  <testcase name="isDeprecated[76: int org.bukkit.Server.getMonsterSpawnLimit{}]" classname="org.bukkit.BukkitMirrorTest" time="0"/>
  <testcase name="parameterTypes[76: int org.bukkit.Server.getMonsterSpawnLimit{}]" classname="org.bukkit.BukkitMirrorTest" time="0"/>
  <testcase name="returnType[76: int org.bukkit.Server.getMonsterSpawnLimit{}]" classname="org.bukkit.BukkitMirrorTest" time="0"/>
  <testcase name="declaredException[76: int org.bukkit.Server.getMonsterSpawnLimit{}]" classname="org.bukkit.BukkitMirrorTest" time="0"/>
  <testcase name="isStatic[77: int org.bukkit.Server.getAnimalSpawnLimit{}]" classname="org.bukkit.BukkitMirrorTest" time="0"/>
  <testcase name="isDeprecated[77: int org.bukkit.Server.getAnimalSpawnLimit{}]" classname="org.bukkit.BukkitMirrorTest" time="0"/>
  <testcase name="parameterTypes[77: int org.bukkit.Server.getAnimalSpawnLimit{}]" classname="org.bukkit.BukkitMirrorTest" time="0"/>
  <testcase name="returnType[77: int org.bukkit.Server.getAnimalSpawnLimit{}]" classname="org.bukkit.BukkitMirrorTest" time="0"/>
  <testcase name="declaredException[77: int org.bukkit.Server.getAnimalSpawnLimit{}]" classname="org.bukkit.BukkitMirrorTest" time="0"/>
  <testcase name="isStatic[78: java.lang.String org.bukkit.Server.getServerId{}]" classname="org.bukkit.BukkitMirrorTest" time="0"/>
  <testcase name="isDeprecated[78: java.lang.String org.bukkit.Server.getServerId{}]" classname="org.bukkit.BukkitMirrorTest" time="0"/>
  <testcase name="parameterTypes[78: java.lang.String org.bukkit.Server.getServerId{}]" classname="org.bukkit.BukkitMirrorTest" time="0"/>
  <testcase name="returnType[78: java.lang.String org.bukkit.Server.getServerId{}]" classname="org.bukkit.BukkitMirrorTest" time="0"/>
  <testcase name="declaredException[78: java.lang.String org.bukkit.Server.getServerId{}]" classname="org.bukkit.BukkitMirrorTest" time="0"/>
  <testcase name="isStatic[79: org.bukkit.OfflinePlayer org.bukkit.Server.getOfflinePlayer{java.lang.String}]" classname="org.bukkit.BukkitMirrorTest" time="0"/>
  <testcase name="isDeprecated[79: org.bukkit.OfflinePlayer org.bukkit.Server.getOfflinePlayer{java.lang.String}]" classname="org.bukkit.BukkitMirrorTest" time="0"/>
  <testcase name="parameterTypes[79: org.bukkit.OfflinePlayer org.bukkit.Server.getOfflinePlayer{java.lang.String}]" classname="org.bukkit.BukkitMirrorTest" time="0"/>
  <testcase name="returnType[79: org.bukkit.OfflinePlayer org.bukkit.Server.getOfflinePlayer{java.lang.String}]" classname="org.bukkit.BukkitMirrorTest" time="0"/>
  <testcase name="declaredException[79: org.bukkit.OfflinePlayer org.bukkit.Server.getOfflinePlayer{java.lang.String}]" classname="org.bukkit.BukkitMirrorTest" time="0"/>
  <testcase name="isStatic[80: org.bukkit.OfflinePlayer org.bukkit.Server.getOfflinePlayer{java.util.UUID}]" classname="org.bukkit.BukkitMirrorTest" time="0"/>
  <testcase name="isDeprecated[80: org.bukkit.OfflinePlayer org.bukkit.Server.getOfflinePlayer{java.util.UUID}]" classname="org.bukkit.BukkitMirrorTest" time="0"/>
  <testcase name="parameterTypes[80: org.bukkit.OfflinePlayer org.bukkit.Server.getOfflinePlayer{java.util.UUID}]" classname="org.bukkit.BukkitMirrorTest" time="0.001"/>
  <testcase name="returnType[80: org.bukkit.OfflinePlayer org.bukkit.Server.getOfflinePlayer{java.util.UUID}]" classname="org.bukkit.BukkitMirrorTest" time="0"/>
  <testcase name="declaredException[80: org.bukkit.OfflinePlayer org.bukkit.Server.getOfflinePlayer{java.util.UUID}]" classname="org.bukkit.BukkitMirrorTest" time="0"/>
  <testcase name="isStatic[81: int org.bukkit.Server.getWaterAnimalSpawnLimit{}]" classname="org.bukkit.BukkitMirrorTest" time="0"/>
  <testcase name="isDeprecated[81: int org.bukkit.Server.getWaterAnimalSpawnLimit{}]" classname="org.bukkit.BukkitMirrorTest" time="0"/>
  <testcase name="parameterTypes[81: int org.bukkit.Server.getWaterAnimalSpawnLimit{}]" classname="org.bukkit.BukkitMirrorTest" time="0"/>
  <testcase name="returnType[81: int org.bukkit.Server.getWaterAnimalSpawnLimit{}]" classname="org.bukkit.BukkitMirrorTest" time="0"/>
  <testcase name="declaredException[81: int org.bukkit.Server.getWaterAnimalSpawnLimit{}]" classname="org.bukkit.BukkitMirrorTest" time="0"/>
  <testcase name="isStatic[82: int org.bukkit.Server.getAmbientSpawnLimit{}]" classname="org.bukkit.BukkitMirrorTest" time="0"/>
  <testcase name="isDeprecated[82: int org.bukkit.Server.getAmbientSpawnLimit{}]" classname="org.bukkit.BukkitMirrorTest" time="0"/>
  <testcase name="parameterTypes[82: int org.bukkit.Server.getAmbientSpawnLimit{}]" classname="org.bukkit.BukkitMirrorTest" time="0"/>
  <testcase name="returnType[82: int org.bukkit.Server.getAmbientSpawnLimit{}]" classname="org.bukkit.BukkitMirrorTest" time="0"/>
  <testcase name="declaredException[82: int org.bukkit.Server.getAmbientSpawnLimit{}]" classname="org.bukkit.BukkitMirrorTest" time="0"/>
  <testcase name="isStatic[83: java.lang.String org.bukkit.Server.getMotd{}]" classname="org.bukkit.BukkitMirrorTest" time="0"/>
  <testcase name="isDeprecated[83: java.lang.String org.bukkit.Server.getMotd{}]" classname="org.bukkit.BukkitMirrorTest" time="0"/>
  <testcase name="parameterTypes[83: java.lang.String org.bukkit.Server.getMotd{}]" classname="org.bukkit.BukkitMirrorTest" time="0"/>
  <testcase name="returnType[83: java.lang.String org.bukkit.Server.getMotd{}]" classname="org.bukkit.BukkitMirrorTest" time="0"/>
  <testcase name="declaredException[83: java.lang.String org.bukkit.Server.getMotd{}]" classname="org.bukkit.BukkitMirrorTest" time="0"/>
  <testcase name="isStatic[84: java.lang.String org.bukkit.Server.getShutdownMessage{}]" classname="org.bukkit.BukkitMirrorTest" time="0"/>
  <testcase name="isDeprecated[84: java.lang.String org.bukkit.Server.getShutdownMessage{}]" classname="org.bukkit.BukkitMirrorTest" time="0"/>
  <testcase name="parameterTypes[84: java.lang.String org.bukkit.Server.getShutdownMessage{}]" classname="org.bukkit.BukkitMirrorTest" time="0"/>
  <testcase name="returnType[84: java.lang.String org.bukkit.Server.getShutdownMessage{}]" classname="org.bukkit.BukkitMirrorTest" time="0"/>
  <testcase name="declaredException[84: java.lang.String org.bukkit.Server.getShutdownMessage{}]" classname="org.bukkit.BukkitMirrorTest" time="0"/>
  <testcase name="isStatic[85: org.bukkit.Warning$WarningState org.bukkit.Server.getWarningState{}]" classname="org.bukkit.BukkitMirrorTest" time="0"/>
  <testcase name="isDeprecated[85: org.bukkit.Warning$WarningState org.bukkit.Server.getWarningState{}]" classname="org.bukkit.BukkitMirrorTest" time="0"/>
  <testcase name="parameterTypes[85: org.bukkit.Warning$WarningState org.bukkit.Server.getWarningState{}]" classname="org.bukkit.BukkitMirrorTest" time="0"/>
  <testcase name="returnType[85: org.bukkit.Warning$WarningState org.bukkit.Server.getWarningState{}]" classname="org.bukkit.BukkitMirrorTest" time="0"/>
  <testcase name="declaredException[85: org.bukkit.Warning$WarningState org.bukkit.Server.getWarningState{}]" classname="org.bukkit.BukkitMirrorTest" time="0"/>
  <testcase name="isStatic[86: org.bukkit.inventory.ItemFactory org.bukkit.Server.getItemFactory{}]" classname="org.bukkit.BukkitMirrorTest" time="0"/>
  <testcase name="isDeprecated[86: org.bukkit.inventory.ItemFactory org.bukkit.Server.getItemFactory{}]" classname="org.bukkit.BukkitMirrorTest" time="0"/>
  <testcase name="parameterTypes[86: org.bukkit.inventory.ItemFactory org.bukkit.Server.getItemFactory{}]" classname="org.bukkit.BukkitMirrorTest" time="0"/>
  <testcase name="returnType[86: org.bukkit.inventory.ItemFactory org.bukkit.Server.getItemFactory{}]" classname="org.bukkit.BukkitMirrorTest" time="0"/>
  <testcase name="declaredException[86: org.bukkit.inventory.ItemFactory org.bukkit.Server.getItemFactory{}]" classname="org.bukkit.BukkitMirrorTest" time="0"/>
  <testcase name="isStatic[87: org.bukkit.scoreboard.ScoreboardManager org.bukkit.Server.getScoreboardManager{}]" classname="org.bukkit.BukkitMirrorTest" time="0"/>
  <testcase name="isDeprecated[87: org.bukkit.scoreboard.ScoreboardManager org.bukkit.Server.getScoreboardManager{}]" classname="org.bukkit.BukkitMirrorTest" time="0"/>
  <testcase name="parameterTypes[87: org.bukkit.scoreboard.ScoreboardManager org.bukkit.Server.getScoreboardManager{}]" classname="org.bukkit.BukkitMirrorTest" time="0"/>
  <testcase name="returnType[87: org.bukkit.scoreboard.ScoreboardManager org.bukkit.Server.getScoreboardManager{}]" classname="org.bukkit.BukkitMirrorTest" time="0"/>
  <testcase name="declaredException[87: org.bukkit.scoreboard.ScoreboardManager org.bukkit.Server.getScoreboardManager{}]" classname="org.bukkit.BukkitMirrorTest" time="0"/>
  <testcase name="isStatic[88: org.bukkit.util.CachedServerIcon org.bukkit.Server.getServerIcon{}]" classname="org.bukkit.BukkitMirrorTest" time="0"/>
  <testcase name="isDeprecated[88: org.bukkit.util.CachedServerIcon org.bukkit.Server.getServerIcon{}]" classname="org.bukkit.BukkitMirrorTest" time="0"/>
  <testcase name="parameterTypes[88: org.bukkit.util.CachedServerIcon org.bukkit.Server.getServerIcon{}]" classname="org.bukkit.BukkitMirrorTest" time="0"/>
  <testcase name="returnType[88: org.bukkit.util.CachedServerIcon org.bukkit.Server.getServerIcon{}]" classname="org.bukkit.BukkitMirrorTest" time="0"/>
  <testcase name="declaredException[88: org.bukkit.util.CachedServerIcon org.bukkit.Server.getServerIcon{}]" classname="org.bukkit.BukkitMirrorTest" time="0"/>
  <testcase name="isStatic[89: org.bukkit.util.CachedServerIcon org.bukkit.Server.loadServerIcon{java.awt.image.BufferedImage} throws java.lang.IllegalArgumentException,java.lang.Exception]" classname="org.bukkit.BukkitMirrorTest" time="0"/>
  <testcase name="isDeprecated[89: org.bukkit.util.CachedServerIcon org.bukkit.Server.loadServerIcon{java.awt.image.BufferedImage} throws java.lang.IllegalArgumentException,java.lang.Exception]" classname="org.bukkit.BukkitMirrorTest" time="0"/>
  <testcase name="parameterTypes[89: org.bukkit.util.CachedServerIcon org.bukkit.Server.loadServerIcon{java.awt.image.BufferedImage} throws java.lang.IllegalArgumentException,java.lang.Exception]" classname="org.bukkit.BukkitMirrorTest" time="0"/>
  <testcase name="returnType[89: org.bukkit.util.CachedServerIcon org.bukkit.Server.loadServerIcon{java.awt.image.BufferedImage} throws java.lang.IllegalArgumentException,java.lang.Exception]" classname="org.bukkit.BukkitMirrorTest" time="0"/>
  <testcase name="declaredException[89: org.bukkit.util.CachedServerIcon org.bukkit.Server.loadServerIcon{java.awt.image.BufferedImage} throws java.lang.IllegalArgumentException,java.lang.Exception]" classname="org.bukkit.BukkitMirrorTest" time="0"/>
  <testcase name="isStatic[90: org.bukkit.util.CachedServerIcon org.bukkit.Server.loadServerIcon{java.io.File} throws java.lang.IllegalArgumentException,java.lang.Exception]" classname="org.bukkit.BukkitMirrorTest" time="0"/>
  <testcase name="isDeprecated[90: org.bukkit.util.CachedServerIcon org.bukkit.Server.loadServerIcon{java.io.File} throws java.lang.IllegalArgumentException,java.lang.Exception]" classname="org.bukkit.BukkitMirrorTest" time="0"/>
  <testcase name="parameterTypes[90: org.bukkit.util.CachedServerIcon org.bukkit.Server.loadServerIcon{java.io.File} throws java.lang.IllegalArgumentException,java.lang.Exception]" classname="org.bukkit.BukkitMirrorTest" time="0"/>
  <testcase name="returnType[90: org.bukkit.util.CachedServerIcon org.bukkit.Server.loadServerIcon{java.io.File} throws java.lang.IllegalArgumentException,java.lang.Exception]" classname="org.bukkit.BukkitMirrorTest" time="0"/>
  <testcase name="declaredException[90: org.bukkit.util.CachedServerIcon org.bukkit.Server.loadServerIcon{java.io.File} throws java.lang.IllegalArgumentException,java.lang.Exception]" classname="org.bukkit.BukkitMirrorTest" time="0"/>
  <testcase name="isStatic[91: void org.bukkit.Server.setIdleTimeout{int}]" classname="org.bukkit.BukkitMirrorTest" time="0"/>
  <testcase name="isDeprecated[91: void org.bukkit.Server.setIdleTimeout{int}]" classname="org.bukkit.BukkitMirrorTest" time="0"/>
  <testcase name="parameterTypes[91: void org.bukkit.Server.setIdleTimeout{int}]" classname="org.bukkit.BukkitMirrorTest" time="0"/>
  <testcase name="returnType[91: void org.bukkit.Server.setIdleTimeout{int}]" classname="org.bukkit.BukkitMirrorTest" time="0"/>
  <testcase name="declaredException[91: void org.bukkit.Server.setIdleTimeout{int}]" classname="org.bukkit.BukkitMirrorTest" time="0"/>
  <testcase name="isStatic[92: int org.bukkit.Server.getIdleTimeout{}]" classname="org.bukkit.BukkitMirrorTest" time="0"/>
  <testcase name="isDeprecated[92: int org.bukkit.Server.getIdleTimeout{}]" classname="org.bukkit.BukkitMirrorTest" time="0"/>
  <testcase name="parameterTypes[92: int org.bukkit.Server.getIdleTimeout{}]" classname="org.bukkit.BukkitMirrorTest" time="0"/>
  <testcase name="returnType[92: int org.bukkit.Server.getIdleTimeout{}]" classname="org.bukkit.BukkitMirrorTest" time="0"/>
  <testcase name="declaredException[92: int org.bukkit.Server.getIdleTimeout{}]" classname="org.bukkit.BukkitMirrorTest" time="0"/>
  <testcase name="isStatic[93: org.bukkit.command.CommandMap org.bukkit.Server.getCommandMap{}]" classname="org.bukkit.BukkitMirrorTest" time="0"/>
  <testcase name="isDeprecated[93: org.bukkit.command.CommandMap org.bukkit.Server.getCommandMap{}]" classname="org.bukkit.BukkitMirrorTest" time="0"/>
  <testcase name="parameterTypes[93: org.bukkit.command.CommandMap org.bukkit.Server.getCommandMap{}]" classname="org.bukkit.BukkitMirrorTest" time="0"/>
  <testcase name="returnType[93: org.bukkit.command.CommandMap org.bukkit.Server.getCommandMap{}]" classname="org.bukkit.BukkitMirrorTest" time="0"/>
  <testcase name="declaredException[93: org.bukkit.command.CommandMap org.bukkit.Server.getCommandMap{}]" classname="org.bukkit.BukkitMirrorTest" time="0"/>
  <testcase name="isStatic[94: void org.bukkit.Server.shutdown{}]" classname="org.bukkit.BukkitMirrorTest" time="0"/>
  <testcase name="isDeprecated[94: void org.bukkit.Server.shutdown{}]" classname="org.bukkit.BukkitMirrorTest" time="0"/>
  <testcase name="parameterTypes[94: void org.bukkit.Server.shutdown{}]" classname="org.bukkit.BukkitMirrorTest" time="0"/>
  <testcase name="returnType[94: void org.bukkit.Server.shutdown{}]" classname="org.bukkit.BukkitMirrorTest" time="0"/>
  <testcase name="declaredException[94: void org.bukkit.Server.shutdown{}]" classname="org.bukkit.BukkitMirrorTest" time="0"/>
  <testcase name="isStatic[95: java.lang.String org.bukkit.Server.getName{}]" classname="org.bukkit.BukkitMirrorTest" time="0"/>
  <testcase name="isDeprecated[95: java.lang.String org.bukkit.Server.getName{}]" classname="org.bukkit.BukkitMirrorTest" time="0"/>
  <testcase name="parameterTypes[95: java.lang.String org.bukkit.Server.getName{}]" classname="org.bukkit.BukkitMirrorTest" time="0"/>
  <testcase name="returnType[95: java.lang.String org.bukkit.Server.getName{}]" classname="org.bukkit.BukkitMirrorTest" time="0"/>
  <testcase name="declaredException[95: java.lang.String org.bukkit.Server.getName{}]" classname="org.bukkit.BukkitMirrorTest" time="0"/>
  <testcase name="isStatic[96: org.bukkit.UnsafeValues org.bukkit.Server.getUnsafe{}]" classname="org.bukkit.BukkitMirrorTest" time="0"/>
  <testcase name="isDeprecated[96: org.bukkit.UnsafeValues org.bukkit.Server.getUnsafe{}]" classname="org.bukkit.BukkitMirrorTest" time="0"/>
  <testcase name="parameterTypes[96: org.bukkit.UnsafeValues org.bukkit.Server.getUnsafe{}]" classname="org.bukkit.BukkitMirrorTest" time="0"/>
  <testcase name="returnType[96: org.bukkit.UnsafeValues org.bukkit.Server.getUnsafe{}]" classname="org.bukkit.BukkitMirrorTest" time="0.001"/>
  <testcase name="declaredException[96: org.bukkit.UnsafeValues org.bukkit.Server.getUnsafe{}]" classname="org.bukkit.BukkitMirrorTest" time="0"/>
  <testcase name="isStatic[97: int org.bukkit.Server.getPort{}]" classname="org.bukkit.BukkitMirrorTest" time="0"/>
  <testcase name="isDeprecated[97: int org.bukkit.Server.getPort{}]" classname="org.bukkit.BukkitMirrorTest" time="0"/>
  <testcase name="parameterTypes[97: int org.bukkit.Server.getPort{}]" classname="org.bukkit.BukkitMirrorTest" time="0"/>
  <testcase name="returnType[97: int org.bukkit.Server.getPort{}]" classname="org.bukkit.BukkitMirrorTest" time="0"/>
  <testcase name="declaredException[97: int org.bukkit.Server.getPort{}]" classname="org.bukkit.BukkitMirrorTest" time="0"/>
  <testcase name="isStatic[98: org.bukkit.map.MapView org.bukkit.Server.getMap{short}]" classname="org.bukkit.BukkitMirrorTest" time="0"/>
  <testcase name="isDeprecated[98: org.bukkit.map.MapView org.bukkit.Server.getMap{short}]" classname="org.bukkit.BukkitMirrorTest" time="0"/>
  <testcase name="parameterTypes[98: org.bukkit.map.MapView org.bukkit.Server.getMap{short}]" classname="org.bukkit.BukkitMirrorTest" time="0"/>
  <testcase name="returnType[98: org.bukkit.map.MapView org.bukkit.Server.getMap{short}]" classname="org.bukkit.BukkitMirrorTest" time="0"/>
  <testcase name="declaredException[98: org.bukkit.map.MapView org.bukkit.Server.getMap{short}]" classname="org.bukkit.BukkitMirrorTest" time="0"/>
  <testcase name="isStatic[99: org.bukkit.map.MapView org.bukkit.Server.createMap{org.bukkit.World}]" classname="org.bukkit.BukkitMirrorTest" time="0"/>
  <testcase name="isDeprecated[99: org.bukkit.map.MapView org.bukkit.Server.createMap{org.bukkit.World}]" classname="org.bukkit.BukkitMirrorTest" time="0"/>
  <testcase name="parameterTypes[99: org.bukkit.map.MapView org.bukkit.Server.createMap{org.bukkit.World}]" classname="org.bukkit.BukkitMirrorTest" time="0"/>
  <testcase name="returnType[99: org.bukkit.map.MapView org.bukkit.Server.createMap{org.bukkit.World}]" classname="org.bukkit.BukkitMirrorTest" time="0"/>
  <testcase name="declaredException[99: org.bukkit.map.MapView org.bukkit.Server.createMap{org.bukkit.World}]" classname="org.bukkit.BukkitMirrorTest" time="0"/>
</testsuite>